<?xml version="1.0" encoding="UTF-8"?>
<testsuite name="api.rest.app.bsky.feed.model.TimelineTest" tests="1" skipped="0" failures="0" errors="0" timestamp="2025-03-23T22:19:49" hostname="viktor-vaughn" time="0.145">
  <properties/>
  <testcase name="testTimelineUnmarshalling1()" classname="api.rest.app.bsky.feed.model.TimelineTest" time="0.145"/>
  <system-out><![CDATA[{
  "cursor" : "2025-03-05T02:56:46.576Z",
  "feed" : [ {
    "post" : {
      "uri" : "at://did:plc:6nvbzutsgdtou45xqkjpkjuz/app.bsky.feed.post/3ljlzn5keec2g",
      "cid" : "bafyreibhrgr6k3k7nvopmoijwqfbdmbeinb7rrczp2ivd2y2pcdbmxfyum",
      "author" : {
        "did" : "did:plc:6nvbzutsgdtou45xqkjpkjuz",
        "handle" : "nrempel.com",
        "displayName" : "Nick Rempel ]]>&#x1f1e8;<![CDATA[]]>&#x1f1e6;<![CDATA[",
        "avatar" : "https://cdn.bsky.app/img/avatar/plain/did:plc:6nvbzutsgdtou45xqkjpkjuz/bafkreibhlet5svn2llhjwlvrgcxi4rsy7sqv76ewcvwfot7vpwsz6xdfku@jpeg",
        "associated" : {
          "chat" : {
            "allowIncoming" : "all"
          }
        },
        "viewer" : {
          "muted" : false,
          "blockedBy" : false,
          "following" : "at://did:plc:pgdrqxzv4kxt7tr3sa6pd77y/app.bsky.graph.follow/3kys3ew2zyl2g"
        },
        "labels" : [ ],
        "createdAt" : 1675448017244
      },
      "record" : {
        "$type" : "app.bsky.feed.post",
        "createdAt" : 1741144949528,
        "embed" : {
          "$type" : "app.bsky.embed.images",
          "images" : [ {
            "alt" : "",
            "image" : {
              "$type" : "blob",
              "ref" : {
                "$link" : "bafkreibvizgjpzegqqp2olvtknrmdsxqf6oc4dfaa5kaywfijclvvnzlz4"
              },
              "mimeType" : "image/jpeg",
              "size" : 329951
            },
            "aspectRatio" : {
              "width" : 2000,
              "height" : 999
            }
          } ]
        },
        "langs" : [ "en" ],
        "text" : "new meme format, invest now"
      },
      "embed" : {
        "$type" : "app.bsky.embed.images#view",
        "images" : [ {
          "thumb" : "https://cdn.bsky.app/img/feed_thumbnail/plain/did:plc:6nvbzutsgdtou45xqkjpkjuz/bafkreibvizgjpzegqqp2olvtknrmdsxqf6oc4dfaa5kaywfijclvvnzlz4@jpeg",
          "fullsize" : "https://cdn.bsky.app/img/feed_fullsize/plain/did:plc:6nvbzutsgdtou45xqkjpkjuz/bafkreibvizgjpzegqqp2olvtknrmdsxqf6oc4dfaa5kaywfijclvvnzlz4@jpeg",
          "alt" : "",
          "aspectRatio" : {
            "width" : 2000,
            "height" : 999
          }
        } ]
      },
      "replyCount" : 0,
      "repostCount" : 0,
      "likeCount" : 0,
      "quoteCount" : 0,
      "indexedAt" : 1741144951624,
      "viewer" : { },
      "labels" : [ ]
    }
  }, {
    "post" : {
      "uri" : "at://did:plc:vovinwhtulbsx4mwfw26r5ni/app.bsky.feed.post/3ljlzjt7g7f2b",
      "cid" : "bafyreicww5zwksgvvduapktvsdrsnrbhpxg66ooeorheqjrpncn35r4ccy",
      "author" : {
        "did" : "did:plc:vovinwhtulbsx4mwfw26r5ni",
        "handle" : "theguardian.com",
        "displayName" : "The Guardian",
        "avatar" : "https://cdn.bsky.app/img/avatar/plain/did:plc:vovinwhtulbsx4mwfw26r5ni/bafkreigxxngb5ecgrleg6cqdzvxh4viycmns5cp6zalfl4o7ivmxiavsma@jpeg",
        "viewer" : {
          "muted" : false,
          "blockedBy" : false,
          "following" : "at://did:plc:pgdrqxzv4kxt7tr3sa6pd77y/app.bsky.graph.follow/3lb5rfqrbgn2g"
        },
        "labels" : [ ],
        "createdAt" : 1731667868071
      },
      "record" : {
        "$type" : "app.bsky.feed.post",
        "createdAt" : 1741144837869,
        "embed" : {
          "$type" : "app.bsky.embed.external",
          "external" : {
            "uri" : "https://www.theguardian.com/lifeandstyle/2025/mar/04/do-you-overshare-here-often-why-revealing-too-much-on-a-first-date-could-be-a-red-flag?utm_term=Autofeed&CMP=bsky_gu&utm_medium=&utm_source=Bluesky#Echobox=1741134572",
            "title" : "‘Do you overshare here often?’ Why revealing too much on a first date could be a red flag",
            "description" : "‘Floodlighting’ is the practice of sharing a lot of potentially traumatic details at once to speed up intimacy with another person. Is it just a show of vulnerability or something more manipulative?",
            "thumb" : {
              "$type" : "blob",
              "ref" : {
                "$link" : "bafkreicdsoqslxu42hrf6ukokwvw7taxpcks5cvpnicdpi3v4zvneyjwli"
              },
              "mimeType" : "image/jpeg",
              "size" : 117626
            }
          }
        },
        "facets" : [ ],
        "text" : "‘Do you overshare here often?’ Why revealing too much on a first date could be a red flag"
      },
      "embed" : {
        "$type" : "app.bsky.embed.external#view",
        "external" : {
          "uri" : "https://www.theguardian.com/lifeandstyle/2025/mar/04/do-you-overshare-here-often-why-revealing-too-much-on-a-first-date-could-be-a-red-flag?utm_term=Autofeed&CMP=bsky_gu&utm_medium=&utm_source=Bluesky#Echobox=1741134572",
          "title" : "‘Do you overshare here often?’ Why revealing too much on a first date could be a red flag",
          "description" : "‘Floodlighting’ is the practice of sharing a lot of potentially traumatic details at once to speed up intimacy with another person. Is it just a show of vulnerability or something more manipulative?",
          "thumb" : "https://cdn.bsky.app/img/feed_thumbnail/plain/did:plc:vovinwhtulbsx4mwfw26r5ni/bafkreicdsoqslxu42hrf6ukokwvw7taxpcks5cvpnicdpi3v4zvneyjwli@jpeg"
        }
      },
      "replyCount" : 0,
      "repostCount" : 0,
      "likeCount" : 6,
      "quoteCount" : 0,
      "indexedAt" : 1741144838726,
      "viewer" : { },
      "labels" : [ ]
    }
  }, {
    "post" : {
      "uri" : "at://did:plc:eclio37ymobqex2ncko63h4r/app.bsky.feed.post/3ljlzjh2dn22m",
      "cid" : "bafyreihsfszhzhyg3jgluquif33ozfib553j75znw6u3flbf6cm7snwuca",
      "author" : {
        "did" : "did:plc:eclio37ymobqex2ncko63h4r",
        "handle" : "nytimes.com",
        "displayName" : "The New York Times",
        "avatar" : "https://cdn.bsky.app/img/avatar/plain/did:plc:eclio37ymobqex2ncko63h4r/bafkreidvvqj5jymmpaeklwkpq6gi532el447mjy2yultuukypzqm5ohfju@jpeg",
        "associated" : {
          "chat" : {
            "allowIncoming" : "following"
          }
        },
        "viewer" : {
          "muted" : false,
          "blockedBy" : false,
          "following" : "at://did:plc:pgdrqxzv4kxt7tr3sa6pd77y/app.bsky.graph.follow/3kebi2wkgjl2i"
        },
        "labels" : [ ],
        "createdAt" : 1685991031498
      },
      "record" : {
        "$type" : "app.bsky.feed.post",
        "createdAt" : 1741144825276,
        "embed" : {
          "$type" : "app.bsky.embed.external",
          "external" : {
            "uri" : "https://www.nytimes.com/2025/03/04/us/politics/gop-town-hall.html?smtyp=cur&smid=bsky-nytimes",
            "title" : "Republican House Members Told to Stop Holding In-Person Town Halls",
            "description" : "The chairman of the National Republican Congressional Committee told G.O.P. lawmakers that public confrontations with angry constituents could hurt them politically in the midterm elections.",
            "thumb" : {
              "$type" : "blob",
              "ref" : {
                "$link" : "bafkreib4k2nrrl2ti45kufzqzoq7pjlldxhnldsa5jxx7z2hzeouzu75ga"
              },
              "mimeType" : "image/jpeg",
              "size" : 246156
            }
          }
        },
        "langs" : [ "en" ],
        "text" : "The chairman of the National Republican Congressional Committee told GOP lawmakers to stop having in-person town halls with constituents. The directive comes as Republican town halls have devolved into angry shouting matches across the U.S."
      },
      "embed" : {
        "$type" : "app.bsky.embed.external#view",
        "external" : {
          "uri" : "https://www.nytimes.com/2025/03/04/us/politics/gop-town-hall.html?smtyp=cur&smid=bsky-nytimes",
          "title" : "Republican House Members Told to Stop Holding In-Person Town Halls",
          "description" : "The chairman of the National Republican Congressional Committee told G.O.P. lawmakers that public confrontations with angry constituents could hurt them politically in the midterm elections.",
          "thumb" : "https://cdn.bsky.app/img/feed_thumbnail/plain/did:plc:eclio37ymobqex2ncko63h4r/bafkreib4k2nrrl2ti45kufzqzoq7pjlldxhnldsa5jxx7z2hzeouzu75ga@jpeg"
        }
      },
      "replyCount" : 14,
      "repostCount" : 22,
      "likeCount" : 62,
      "quoteCount" : 1,
      "indexedAt" : 1741144827431,
      "viewer" : { },
      "labels" : [ ]
    }
  }, {
    "post" : {
      "uri" : "at://did:plc:uewxgchsjy4kmtu7dcxa77us/app.bsky.feed.post/3ljlzhvmv6k22",
      "cid" : "bafyreibtuqe7lzxalg5zk4gcb2hxdxka4ovavqqqhp7uwj2kyl32llwybe",
      "author" : {
        "did" : "did:plc:uewxgchsjy4kmtu7dcxa77us",
        "handle" : "bloomberg.com",
        "displayName" : "Bloomberg News",
        "avatar" : "https://cdn.bsky.app/img/avatar/plain/did:plc:uewxgchsjy4kmtu7dcxa77us/bafkreiakf7idqsxdw6mur57feg2ns7hdhg6oalorn5celiio2ygxacrvhy@jpeg",
        "associated" : {
          "chat" : {
            "allowIncoming" : "following"
          }
        },
        "viewer" : {
          "muted" : false,
          "blockedBy" : false,
          "following" : "at://did:plc:pgdrqxzv4kxt7tr3sa6pd77y/app.bsky.graph.follow/3kebirhg4k52l"
        },
        "labels" : [ ],
        "createdAt" : 1682376361397
      },
      "record" : {
        "$type" : "app.bsky.feed.post",
        "createdAt" : 1741144771265,
        "embed" : {
          "$type" : "app.bsky.embed.images",
          "images" : [ {
            "alt" : "",
            "image" : {
              "$type" : "blob",
              "ref" : {
                "$link" : "bafkreignadwhlrc52qnwnwjzhyy7g2q7wjzjivmmhbz343bgz6ikxjtdgy"
              },
              "mimeType" : "image/png",
              "size" : 110950
            },
            "aspectRatio" : {
              "width" : 1080,
              "height" : 1080
            }
          } ]
        },
        "facets" : [ {
          "index" : {
            "byteStart" : 154,
            "byteEnd" : 170
          },
          "features" : [ {
            "$type" : "app.bsky.richtext.facet#link",
            "uri" : "https://bloom.bg/3QK7Q0v"
          } ]
        } ],
        "langs" : [ "en" ],
        "text" : "The Detroit Regional Chamber warned that tariffs would cause businesses to purchase fewer products, hire fewer workers and raise prices.\n\nLatest updates: bloom.bg/3QK7Q0v"
      },
      "embed" : {
        "$type" : "app.bsky.embed.images#view",
        "images" : [ {
          "thumb" : "https://cdn.bsky.app/img/feed_thumbnail/plain/did:plc:uewxgchsjy4kmtu7dcxa77us/bafkreignadwhlrc52qnwnwjzhyy7g2q7wjzjivmmhbz343bgz6ikxjtdgy@jpeg",
          "fullsize" : "https://cdn.bsky.app/img/feed_fullsize/plain/did:plc:uewxgchsjy4kmtu7dcxa77us/bafkreignadwhlrc52qnwnwjzhyy7g2q7wjzjivmmhbz343bgz6ikxjtdgy@jpeg",
          "alt" : "",
          "aspectRatio" : {
            "width" : 1080,
            "height" : 1080
          }
        } ]
      },
      "replyCount" : 2,
      "repostCount" : 6,
      "likeCount" : 47,
      "quoteCount" : 0,
      "indexedAt" : 1741144774026,
      "viewer" : { },
      "labels" : [ ]
    }
  }, {
    "post" : {
      "uri" : "at://did:plc:a6g23vezflvebvmaqngfwcmn/app.bsky.feed.post/3ljlzh2q3c22q",
      "cid" : "bafyreiduz6lyeds3v2i4r5mic3cgdmkt7py5zdkza4uq45zotxcqkwjmxe",
      "author" : {
        "did" : "did:plc:a6g23vezflvebvmaqngfwcmn",
        "handle" : "davidleavitt.bsky.social",
        "displayName" : "David Leavitt",
        "avatar" : "https://cdn.bsky.app/img/avatar/plain/did:plc:a6g23vezflvebvmaqngfwcmn/bafkreidbafhdsn3jbcs62olsncyav53xsqyfgghtfh6p7rq6uxbq3lhrqu@jpeg",
        "viewer" : {
          "muted" : false,
          "blockedBy" : false
        },
        "labels" : [ ],
        "createdAt" : 1682898846900
      },
      "record" : {
        "$type" : "app.bsky.feed.post",
        "createdAt" : 1741144745248,
        "embed" : {
          "$type" : "app.bsky.embed.external",
          "external" : {
            "uri" : "https://media.tenor.com/xgSMPljfmFAAAAAC/star-wars.gif?hh=256&ww=498",
            "title" : "a man and a woman are standing next to each other and the man is saying so this is how liberty dies",
            "description" : "ALT: a man and a woman are standing next to each other and the man is saying so this is how liberty dies",
            "thumb" : {
              "$type" : "blob",
              "ref" : {
                "$link" : "bafkreieslgpuca3324iatzfdscc4nv2y3ncfjjfo25i5uabsa6cbrp3axi"
              },
              "mimeType" : "image/jpeg",
              "size" : 203926
            }
          }
        },
        "facets" : [ {
          "index" : {
            "byteStart" : 0,
            "byteEnd" : 16
          },
          "features" : [ {
            "$type" : "app.bsky.richtext.facet#tag",
            "tag" : "StateOfTheUnion"
          } ]
        } ],
        "langs" : [ "en" ],
        "text" : "#StateOfTheUnion"
      },
      "embed" : {
        "$type" : "app.bsky.embed.external#view",
        "external" : {
          "uri" : "https://media.tenor.com/xgSMPljfmFAAAAAC/star-wars.gif?hh=256&ww=498",
          "title" : "a man and a woman are standing next to each other and the man is saying so this is how liberty dies",
          "description" : "ALT: a man and a woman are standing next to each other and the man is saying so this is how liberty dies",
          "thumb" : "https://cdn.bsky.app/img/feed_thumbnail/plain/did:plc:a6g23vezflvebvmaqngfwcmn/bafkreieslgpuca3324iatzfdscc4nv2y3ncfjjfo25i5uabsa6cbrp3axi@jpeg"
        }
      },
      "replyCount" : 10,
      "repostCount" : 48,
      "likeCount" : 234,
      "quoteCount" : 2,
      "indexedAt" : 1741144747158,
      "viewer" : { },
      "labels" : [ ]
    },
    "reason" : {
      "by" : {
        "did" : "did:plc:3tgntymxw6sr3iivbhqekj45",
        "handle" : "michellekinney.com",
        "displayName" : "Michelle Kinney",
        "avatar" : "https://cdn.bsky.app/img/avatar/plain/did:plc:3tgntymxw6sr3iivbhqekj45/bafkreifozvmybx3k7lilwy37yahj4a7vvqnwskxo7psk6v6hc7zcbjzxay@jpeg",
        "createdAt" : 1685479068453,
        "viewer" : {
          "muted" : false,
          "blockedBy" : false,
          "following" : "at://did:plc:pgdrqxzv4kxt7tr3sa6pd77y/app.bsky.graph.follow/3kefvsjvf372s"
        },
        "labels" : [ {
          "src" : "did:plc:3tgntymxw6sr3iivbhqekj45",
          "uri" : "at://did:plc:3tgntymxw6sr3iivbhqekj45/app.bsky.actor.profile/self",
          "cid" : "bafyreigegxboucrt4b2oykbunmoehgqsr73mb7nax3pl7lib2anpr24oya",
          "val" : "!no-unauthenticated",
          "cts" : 18000000
        } ]
      },
      "indexedAt" : 1741162761638
    }
  }, {
    "post" : {
      "uri" : "at://did:plc:ragtjsm2j2vknwkz3zp4oxrd/app.bsky.feed.post/3ljlzhhbkx22w",
      "cid" : "bafyreicyes2aqultfvavi2j5z6kecw4cbxapv34t4uu4xpbjveagqzjvwa",
      "author" : {
        "did" : "did:plc:ragtjsm2j2vknwkz3zp4oxrd",
        "handle" : "pfrazee.com",
        "displayName" : "Paul Frazee",
        "avatar" : "https://cdn.bsky.app/img/avatar/plain/did:plc:ragtjsm2j2vknwkz3zp4oxrd/bafkreihhpqdyntku66himwor5wlhtdo44hllmngj2ofmbqnm25bdm454wq@jpeg",
        "associated" : {
          "chat" : {
            "allowIncoming" : "following"
          }
        },
        "viewer" : {
          "muted" : false,
          "blockedBy" : false,
          "following" : "at://did:plc:pgdrqxzv4kxt7tr3sa6pd77y/app.bsky.graph.follow/3kdztpa5lyr2c"
        },
        "labels" : [ ],
        "createdAt" : 1668645316391
      },
      "record" : {
        "$type" : "app.bsky.feed.post",
        "createdAt" : 1741144758405,
        "langs" : [ "en" ],
        "text" : "I'll just reiterate my response from before, which is that functionally clients aren't really independent from appviews so proxying through the pds doesn't buy that much"
      },
      "replyCount" : 0,
      "repostCount" : 0,
      "likeCount" : 1,
      "quoteCount" : 0,
      "indexedAt" : 1741144759033,
      "viewer" : { },
      "labels" : [ ]
    },
    "reply" : {
      "root" : { }
    }
  }, {
    "post" : {
      "uri" : "at://did:plc:p7gxyfr5vii5ntpwo7f6dhe2/app.bsky.feed.post/3ljlxog2vbk2z",
      "cid" : "bafyreiejxusajgejloftds42kf2hzsnhxw4oiaaga4k6yeee2paqt7ayqi",
      "author" : {
        "did" : "did:plc:p7gxyfr5vii5ntpwo7f6dhe2",
        "handle" : "aoc.bsky.social",
        "displayName" : "Alexandria Ocasio-Cortez",
        "avatar" : "https://cdn.bsky.app/img/avatar/plain/did:plc:p7gxyfr5vii5ntpwo7f6dhe2/bafkreia7pjciqmezep36yotfgas23eie47sy5ymcorzd7exejlxtiox6by@jpeg",
        "viewer" : {
          "muted" : false,
          "blockedBy" : false,
          "following" : "at://did:plc:pgdrqxzv4kxt7tr3sa6pd77y/app.bsky.graph.follow/3ke4d6dqnvt2b"
        },
        "labels" : [ ],
        "createdAt" : 1682624374920
      },
      "record" : {
        "$type" : "app.bsky.feed.post",
        "createdAt" : 1741142844535,
        "langs" : [ "en" ],
        "text" : "This list is so long and taking up so much real estate in his speech it’s almost like they want to distract from their massive cuts to Medicaid"
      },
      "replyCount" : 677,
      "repostCount" : 2647,
      "likeCount" : 16873,
      "quoteCount" : 62,
      "indexedAt" : 1741142844724,
      "viewer" : { },
      "labels" : [ ]
    },
    "reason" : {
      "by" : {
        "did" : "did:plc:3tgntymxw6sr3iivbhqekj45",
        "handle" : "michellekinney.com",
        "displayName" : "Michelle Kinney",
        "avatar" : "https://cdn.bsky.app/img/avatar/plain/did:plc:3tgntymxw6sr3iivbhqekj45/bafkreifozvmybx3k7lilwy37yahj4a7vvqnwskxo7psk6v6hc7zcbjzxay@jpeg",
        "createdAt" : 1685479068453,
        "viewer" : {
          "muted" : false,
          "blockedBy" : false,
          "following" : "at://did:plc:pgdrqxzv4kxt7tr3sa6pd77y/app.bsky.graph.follow/3kefvsjvf372s"
        },
        "labels" : [ {
          "src" : "did:plc:3tgntymxw6sr3iivbhqekj45",
          "uri" : "at://did:plc:3tgntymxw6sr3iivbhqekj45/app.bsky.actor.profile/self",
          "cid" : "bafyreigegxboucrt4b2oykbunmoehgqsr73mb7nax3pl7lib2anpr24oya",
          "val" : "!no-unauthenticated",
          "cts" : 18000000
        } ]
      },
      "indexedAt" : 1741162719529
    }
  }, {
    "post" : {
      "uri" : "at://did:plc:ragtjsm2j2vknwkz3zp4oxrd/app.bsky.feed.post/3ljlzg2modk2w",
      "cid" : "bafyreihbtxmuz355slh46cuzpyns7s56beasoozza3tenddpwt3qkcwpny",
      "author" : {
        "did" : "did:plc:ragtjsm2j2vknwkz3zp4oxrd",
        "handle" : "pfrazee.com",
        "displayName" : "Paul Frazee",
        "avatar" : "https://cdn.bsky.app/img/avatar/plain/did:plc:ragtjsm2j2vknwkz3zp4oxrd/bafkreihhpqdyntku66himwor5wlhtdo44hllmngj2ofmbqnm25bdm454wq@jpeg",
        "associated" : {
          "chat" : {
            "allowIncoming" : "following"
          }
        },
        "viewer" : {
          "muted" : false,
          "blockedBy" : false,
          "following" : "at://did:plc:pgdrqxzv4kxt7tr3sa6pd77y/app.bsky.graph.follow/3kdztpa5lyr2c"
        },
        "labels" : [ ],
        "createdAt" : 1668645316391
      },
      "record" : {
        "$type" : "app.bsky.feed.post",
        "createdAt" : 1741144711209,
        "langs" : [ "en" ],
        "text" : "The only really meaningful separation is application versus protocol. Bluesky vs atproto"
      },
      "replyCount" : 0,
      "repostCount" : 0,
      "likeCount" : 1,
      "quoteCount" : 0,
      "indexedAt" : 1741144711859,
      "viewer" : { },
      "labels" : [ ]
    },
    "reply" : {
      "root" : { }
    }
  }, {
    "post" : {
      "uri" : "at://did:plc:ragtjsm2j2vknwkz3zp4oxrd/app.bsky.feed.post/3ljlzg2bb422w",
      "cid" : "bafyreibjjcza7ohuqhhpv6ymozfkgwk5zwreq7gcsr5pzthtjn3ms6rwou",
      "author" : {
        "did" : "did:plc:ragtjsm2j2vknwkz3zp4oxrd",
        "handle" : "pfrazee.com",
        "displayName" : "Paul Frazee",
        "avatar" : "https://cdn.bsky.app/img/avatar/plain/did:plc:ragtjsm2j2vknwkz3zp4oxrd/bafkreihhpqdyntku66himwor5wlhtdo44hllmngj2ofmbqnm25bdm454wq@jpeg",
        "associated" : {
          "chat" : {
            "allowIncoming" : "following"
          }
        },
        "viewer" : {
          "muted" : false,
          "blockedBy" : false,
          "following" : "at://did:plc:pgdrqxzv4kxt7tr3sa6pd77y/app.bsky.graph.follow/3kdztpa5lyr2c"
        },
        "labels" : [ ],
        "createdAt" : 1668645316391
      },
      "record" : {
        "$type" : "app.bsky.feed.post",
        "createdAt" : 1741144711208,
        "langs" : [ "en" ],
        "text" : "It's a little challenging to discuss subsystems as atproto or not. Separating the appview concept from use of the pds and repo is certainly possible -- you can replace it with another approach and implementation -- but in practice it's a bit like talking about the Web as independent from DNS. Sorta."
      },
      "replyCount" : 1,
      "repostCount" : 0,
      "likeCount" : 0,
      "quoteCount" : 0,
      "indexedAt" : 1741144711817,
      "viewer" : { },
      "labels" : [ ]
    },
    "reply" : {
      "root" : { }
    }
  }, {
    "post" : {
      "uri" : "at://did:plc:uusikrokxkmdvdm4p2vauvir/app.bsky.feed.post/3ljlyfrdalk2s",
      "cid" : "bafyreia3isrxm46lmg4gzp6nwra3yeelzkjdiugfzdn6hvmrsrjizemaei",
      "author" : {
        "did" : "did:plc:uusikrokxkmdvdm4p2vauvir",
        "handle" : "toxteth1.bsky.social",
        "displayName" : "Toxteth O'Grady",
        "avatar" : "https://cdn.bsky.app/img/avatar/plain/did:plc:uusikrokxkmdvdm4p2vauvir/bafkreid3g4myljzu3xl2gznty7eyq6ikxn6ig3gfbk4xmsla7sn4ioclee@jpeg",
        "associated" : {
          "chat" : {
            "allowIncoming" : "following"
          }
        },
        "viewer" : {
          "muted" : false,
          "blockedBy" : false
        },
        "labels" : [ ],
        "createdAt" : 1727442495642
      },
      "record" : {
        "$type" : "app.bsky.feed.post",
        "createdAt" : 1741143628095,
        "langs" : [ "en" ],
        "text" : "Why did no one else get up and walk out with Al Green?"
      },
      "replyCount" : 1,
      "repostCount" : 3,
      "likeCount" : 28,
      "quoteCount" : 0,
      "indexedAt" : 1741143628220,
      "viewer" : { },
      "labels" : [ ]
    },
    "reply" : {
      "root" : { }
    },
    "reason" : {
      "by" : {
        "did" : "did:plc:3tgntymxw6sr3iivbhqekj45",
        "handle" : "michellekinney.com",
        "displayName" : "Michelle Kinney",
        "avatar" : "https://cdn.bsky.app/img/avatar/plain/did:plc:3tgntymxw6sr3iivbhqekj45/bafkreifozvmybx3k7lilwy37yahj4a7vvqnwskxo7psk6v6hc7zcbjzxay@jpeg",
        "createdAt" : 1685479068453,
        "viewer" : {
          "muted" : false,
          "blockedBy" : false,
          "following" : "at://did:plc:pgdrqxzv4kxt7tr3sa6pd77y/app.bsky.graph.follow/3kefvsjvf372s"
        },
        "labels" : [ {
          "src" : "did:plc:3tgntymxw6sr3iivbhqekj45",
          "uri" : "at://did:plc:3tgntymxw6sr3iivbhqekj45/app.bsky.actor.profile/self",
          "cid" : "bafyreigegxboucrt4b2oykbunmoehgqsr73mb7nax3pl7lib2anpr24oya",
          "val" : "!no-unauthenticated",
          "cts" : 18000000
        } ]
      },
      "indexedAt" : 1741162696127
    }
  }, {
    "post" : {
      "uri" : "at://did:plc:4u3hwe3p7oy3hoy3amlw7rp2/app.bsky.feed.post/3ljlzfd6mf223",
      "cid" : "bafyreiaiskinx2ezcg2pgr2egfkomgb2ecifpiiepn5ppgwkp3wpcdrdp4",
      "author" : {
        "did" : "did:plc:4u3hwe3p7oy3hoy3amlw7rp2",
        "handle" : "rbreich.bsky.social",
        "displayName" : "Robert Reich",
        "avatar" : "https://cdn.bsky.app/img/avatar/plain/did:plc:4u3hwe3p7oy3hoy3amlw7rp2/bafkreihnchke5wec4i5y4i7kzngmr2sghedr74ubq2ca7fwcqjl7mrw5hq@jpeg",
        "associated" : {
          "chat" : {
            "allowIncoming" : "following"
          }
        },
        "viewer" : {
          "muted" : false,
          "blockedBy" : false,
          "following" : "at://did:plc:pgdrqxzv4kxt7tr3sa6pd77y/app.bsky.graph.follow/3kebinjpxkc2u"
        },
        "labels" : [ ],
        "createdAt" : 1684266534185
      },
      "record" : {
        "$type" : "app.bsky.feed.post",
        "createdAt" : 1741144687005,
        "langs" : [ "en" ],
        "text" : "The President is lying about Social Security as an excuse to gut Social Security after promising not to touch it.\n\nWhy? To pave the way for more tax cuts for the rich."
      },
      "replyCount" : 30,
      "repostCount" : 200,
      "likeCount" : 1051,
      "quoteCount" : 2,
      "indexedAt" : 1741144690047,
      "viewer" : { },
      "labels" : [ ]
    }
  }, {
    "post" : {
      "uri" : "at://did:plc:3tgntymxw6sr3iivbhqekj45/app.bsky.feed.post/3ljlzf46em22p",
      "cid" : "bafyreia3dhggvdvyd7t5jyookhlda4u63dfjwurqdmxvt5lfkvrclr53py",
      "author" : {
        "did" : "did:plc:3tgntymxw6sr3iivbhqekj45",
        "handle" : "michellekinney.com",
        "displayName" : "Michelle Kinney",
        "avatar" : "https://cdn.bsky.app/img/avatar/plain/did:plc:3tgntymxw6sr3iivbhqekj45/bafkreifozvmybx3k7lilwy37yahj4a7vvqnwskxo7psk6v6hc7zcbjzxay@jpeg",
        "viewer" : {
          "muted" : false,
          "blockedBy" : false,
          "following" : "at://did:plc:pgdrqxzv4kxt7tr3sa6pd77y/app.bsky.graph.follow/3kefvsjvf372s"
        },
        "labels" : [ {
          "src" : "did:plc:3tgntymxw6sr3iivbhqekj45",
          "uri" : "at://did:plc:3tgntymxw6sr3iivbhqekj45/app.bsky.actor.profile/self",
          "cid" : "bafyreigegxboucrt4b2oykbunmoehgqsr73mb7nax3pl7lib2anpr24oya",
          "val" : "!no-unauthenticated",
          "cts" : 18000000
        } ],
        "createdAt" : 1685464668453
      },
      "record" : {
        "$type" : "app.bsky.feed.post",
        "createdAt" : 1741144679656,
        "embed" : {
          "$type" : "app.bsky.embed.record"
        },
        "langs" : [ "en" ],
        "text" : "PUT IT IN THE LOUVRE! ]]>&#x1f447;<![CDATA["
      },
      "embed" : {
        "$type" : "app.bsky.embed.record#view"
      },
      "replyCount" : 0,
      "repostCount" : 0,
      "likeCount" : 4,
      "quoteCount" : 0,
      "indexedAt" : 1741144679820,
      "viewer" : { },
      "labels" : [ ]
    }
  }, {
    "post" : {
      "uri" : "at://did:plc:cxrua73vvgqw4lel4nkccky7/app.bsky.feed.post/3ljlz5okmc22s",
      "cid" : "bafyreifn4znuj36uvgftdmylyfkp7c2buftboeanlr7qxh4foxtzrlvxku",
      "author" : {
        "did" : "did:plc:cxrua73vvgqw4lel4nkccky7",
        "handle" : "lincolnproject.us",
        "displayName" : "The Lincoln Project",
        "avatar" : "https://cdn.bsky.app/img/avatar/plain/did:plc:cxrua73vvgqw4lel4nkccky7/bafkreie4t2qm2mgz6s5kk47kqrunjm2bbywigelewfq6elxvnmxdxq33nq@jpeg",
        "viewer" : {
          "muted" : false,
          "blockedBy" : false,
          "following" : "at://did:plc:pgdrqxzv4kxt7tr3sa6pd77y/app.bsky.graph.follow/3keixdvenpe2h"
        },
        "labels" : [ ],
        "createdAt" : 1687970158463
      },
      "record" : {
        "$type" : "app.bsky.feed.post",
        "createdAt" : 1741144430495,
        "embed" : {
          "$type" : "app.bsky.embed.video",
          "aspectRatio" : {
            "width" : 1920,
            "height" : 1080
          },
          "video" : {
            "$type" : "blob",
            "ref" : {
              "$link" : "bafkreiaapetns6udleq7q75tgl7rjeb6i56wm2nbzhlql2htncbxmkfx5e"
            },
            "mimeType" : "video/mp4",
            "size" : 4514410
          }
        },
        "langs" : [ "en" ],
        "text" : "BREAKING: irony dead."
      },
      "embed" : {
        "$type" : "app.bsky.embed.video#view",
        "aspectRatio" : {
          "width" : 1920,
          "height" : 1080
        },
        "cid" : "bafkreiaapetns6udleq7q75tgl7rjeb6i56wm2nbzhlql2htncbxmkfx5e",
        "playlist" : "https://video.bsky.app/watch/did%3Aplc%3Acxrua73vvgqw4lel4nkccky7/bafkreiaapetns6udleq7q75tgl7rjeb6i56wm2nbzhlql2htncbxmkfx5e/playlist.m3u8",
        "thumbnail" : "https://video.bsky.app/watch/did%3Aplc%3Acxrua73vvgqw4lel4nkccky7/bafkreiaapetns6udleq7q75tgl7rjeb6i56wm2nbzhlql2htncbxmkfx5e/thumbnail.jpg"
      },
      "replyCount" : 73,
      "repostCount" : 228,
      "likeCount" : 1134,
      "quoteCount" : 21,
      "indexedAt" : 1741144431316,
      "viewer" : { },
      "labels" : [ ]
    },
    "reason" : {
      "by" : {
        "did" : "did:plc:4j7ut6aphnjqqihiugmyvy5i",
        "handle" : "therickwilson.bsky.social",
        "displayName" : "Rick Wilson",
        "avatar" : "https://cdn.bsky.app/img/avatar/plain/did:plc:4j7ut6aphnjqqihiugmyvy5i/bafkreif5rycvs7u2btqcvpvkmqbhjokvpkadby55bgnsu2okbjqfvn3xvu@jpeg",
        "createdAt" : 1682959655200,
        "viewer" : {
          "muted" : false,
          "blockedBy" : false,
          "following" : "at://did:plc:pgdrqxzv4kxt7tr3sa6pd77y/app.bsky.graph.follow/3kebsmopsxx2t"
        },
        "labels" : [ ]
      },
      "indexedAt" : 1741162590223
    }
  }, {
    "post" : {
      "uri" : "at://did:plc:3tgntymxw6sr3iivbhqekj45/app.bsky.feed.post/3ljlzcftgk22y",
      "cid" : "bafyreidxxbbqniuuwnl7m77tg5bqvoulkcyjdkzc7ggwuzzxikpoxob7n4",
      "author" : {
        "did" : "did:plc:3tgntymxw6sr3iivbhqekj45",
        "handle" : "michellekinney.com",
        "displayName" : "Michelle Kinney",
        "avatar" : "https://cdn.bsky.app/img/avatar/plain/did:plc:3tgntymxw6sr3iivbhqekj45/bafkreifozvmybx3k7lilwy37yahj4a7vvqnwskxo7psk6v6hc7zcbjzxay@jpeg",
        "viewer" : {
          "muted" : false,
          "blockedBy" : false,
          "following" : "at://did:plc:pgdrqxzv4kxt7tr3sa6pd77y/app.bsky.graph.follow/3kefvsjvf372s"
        },
        "labels" : [ {
          "src" : "did:plc:3tgntymxw6sr3iivbhqekj45",
          "uri" : "at://did:plc:3tgntymxw6sr3iivbhqekj45/app.bsky.actor.profile/self",
          "cid" : "bafyreigegxboucrt4b2oykbunmoehgqsr73mb7nax3pl7lib2anpr24oya",
          "val" : "!no-unauthenticated",
          "cts" : 18000000
        } ],
        "createdAt" : 1685464668453
      },
      "record" : {
        "$type" : "app.bsky.feed.post",
        "createdAt" : 1741144589121,
        "langs" : [ "en" ],
        "text" : "He has no idea what a refuge is."
      },
      "replyCount" : 0,
      "repostCount" : 0,
      "likeCount" : 7,
      "quoteCount" : 0,
      "indexedAt" : 1741144589321,
      "viewer" : { },
      "labels" : [ ]
    }
  }, {
    "post" : {
      "uri" : "at://did:plc:cxrua73vvgqw4lel4nkccky7/app.bsky.feed.post/3ljlz5okmc22s",
      "cid" : "bafyreifn4znuj36uvgftdmylyfkp7c2buftboeanlr7qxh4foxtzrlvxku",
      "author" : {
        "did" : "did:plc:cxrua73vvgqw4lel4nkccky7",
        "handle" : "lincolnproject.us",
        "displayName" : "The Lincoln Project",
        "avatar" : "https://cdn.bsky.app/img/avatar/plain/did:plc:cxrua73vvgqw4lel4nkccky7/bafkreie4t2qm2mgz6s5kk47kqrunjm2bbywigelewfq6elxvnmxdxq33nq@jpeg",
        "viewer" : {
          "muted" : false,
          "blockedBy" : false,
          "following" : "at://did:plc:pgdrqxzv4kxt7tr3sa6pd77y/app.bsky.graph.follow/3keixdvenpe2h"
        },
        "labels" : [ ],
        "createdAt" : 1687970158463
      },
      "record" : {
        "$type" : "app.bsky.feed.post",
        "createdAt" : 1741144430495,
        "embed" : {
          "$type" : "app.bsky.embed.video",
          "aspectRatio" : {
            "width" : 1920,
            "height" : 1080
          },
          "video" : {
            "$type" : "blob",
            "ref" : {
              "$link" : "bafkreiaapetns6udleq7q75tgl7rjeb6i56wm2nbzhlql2htncbxmkfx5e"
            },
            "mimeType" : "video/mp4",
            "size" : 4514410
          }
        },
        "langs" : [ "en" ],
        "text" : "BREAKING: irony dead."
      },
      "embed" : {
        "$type" : "app.bsky.embed.video#view",
        "aspectRatio" : {
          "width" : 1920,
          "height" : 1080
        },
        "cid" : "bafkreiaapetns6udleq7q75tgl7rjeb6i56wm2nbzhlql2htncbxmkfx5e",
        "playlist" : "https://video.bsky.app/watch/did%3Aplc%3Acxrua73vvgqw4lel4nkccky7/bafkreiaapetns6udleq7q75tgl7rjeb6i56wm2nbzhlql2htncbxmkfx5e/playlist.m3u8",
        "thumbnail" : "https://video.bsky.app/watch/did%3Aplc%3Acxrua73vvgqw4lel4nkccky7/bafkreiaapetns6udleq7q75tgl7rjeb6i56wm2nbzhlql2htncbxmkfx5e/thumbnail.jpg"
      },
      "replyCount" : 73,
      "repostCount" : 228,
      "likeCount" : 1134,
      "quoteCount" : 21,
      "indexedAt" : 1741144431316,
      "viewer" : { },
      "labels" : [ ]
    },
    "reason" : {
      "by" : {
        "did" : "did:plc:lu4xc2twcurj5f6nf4q2hwcv",
        "handle" : "marionicolais.bsky.social",
        "displayName" : "Mario Nicolais",
        "avatar" : "https://cdn.bsky.app/img/avatar/plain/did:plc:lu4xc2twcurj5f6nf4q2hwcv/bafkreiedbzfdvtivqzao2lappar2lq5uilozsupmanjnt4dzmvk4er5o7e@jpeg",
        "createdAt" : 1731367565015,
        "viewer" : {
          "muted" : false,
          "blockedBy" : false,
          "following" : "at://did:plc:pgdrqxzv4kxt7tr3sa6pd77y/app.bsky.graph.follow/3lbct7linwy2p"
        },
        "labels" : [ ]
      },
      "indexedAt" : 1741162550321
    }
  }, {
    "post" : {
      "uri" : "at://did:plc:lu4xc2twcurj5f6nf4q2hwcv/app.bsky.feed.post/3ljlzaifnbc2i",
      "cid" : "bafyreickoaolemhv3pznr3zg5m2sodkyjo45lpsbdaux5ks7ldbktxl57e",
      "author" : {
        "did" : "did:plc:lu4xc2twcurj5f6nf4q2hwcv",
        "handle" : "marionicolais.bsky.social",
        "displayName" : "Mario Nicolais",
        "avatar" : "https://cdn.bsky.app/img/avatar/plain/did:plc:lu4xc2twcurj5f6nf4q2hwcv/bafkreiedbzfdvtivqzao2lappar2lq5uilozsupmanjnt4dzmvk4er5o7e@jpeg",
        "viewer" : {
          "muted" : false,
          "blockedBy" : false,
          "following" : "at://did:plc:pgdrqxzv4kxt7tr3sa6pd77y/app.bsky.graph.follow/3lbct7linwy2p"
        },
        "labels" : [ ],
        "createdAt" : 1731349565015
      },
      "record" : {
        "$type" : "app.bsky.feed.post",
        "createdAt" : 1741144524704,
        "embed" : {
          "$type" : "app.bsky.embed.images",
          "images" : [ {
            "alt" : "",
            "image" : {
              "$type" : "blob",
              "ref" : {
                "$link" : "bafkreiczpbcqfh2ua2s2yxugibd4mje5sea5cg2gwqgmz5rlk5olq4pena"
              },
              "mimeType" : "image/jpeg",
              "size" : 410102
            },
            "aspectRatio" : {
              "width" : 1179,
              "height" : 1048
            }
          } ]
        },
        "facets" : [ {
          "index" : {
            "byteStart" : 46,
            "byteEnd" : 56
          },
          "features" : [ {
            "$type" : "app.bsky.richtext.facet#tag",
            "tag" : "TrumpLies"
          } ]
        } ],
        "langs" : [ "en" ],
        "text" : "Aurora, Colorado.\n\nJust a couple miles away.\n\n#TrumpLies"
      },
      "embed" : {
        "$type" : "app.bsky.embed.images#view",
        "images" : [ {
          "thumb" : "https://cdn.bsky.app/img/feed_thumbnail/plain/did:plc:lu4xc2twcurj5f6nf4q2hwcv/bafkreiczpbcqfh2ua2s2yxugibd4mje5sea5cg2gwqgmz5rlk5olq4pena@jpeg",
          "fullsize" : "https://cdn.bsky.app/img/feed_fullsize/plain/did:plc:lu4xc2twcurj5f6nf4q2hwcv/bafkreiczpbcqfh2ua2s2yxugibd4mje5sea5cg2gwqgmz5rlk5olq4pena@jpeg",
          "alt" : "",
          "aspectRatio" : {
            "width" : 1179,
            "height" : 1048
          }
        } ]
      },
      "replyCount" : 0,
      "repostCount" : 2,
      "likeCount" : 11,
      "quoteCount" : 0,
      "indexedAt" : 1741144526426,
      "viewer" : { },
      "labels" : [ ]
    }
  }, {
    "post" : {
      "uri" : "at://did:plc:vzu7j24crqmawkevzi3i6n3v/app.bsky.feed.post/3ljlzaebqks2q",
      "cid" : "bafyreidvgoox7efl6gybsd67hbiakmoubig2srxnvu2xp3hwsrnduje2sy",
      "author" : {
        "did" : "did:plc:vzu7j24crqmawkevzi3i6n3v",
        "handle" : "boom-whatsgoingon.bsky.social",
        "displayName" : "@Boom-WhatsGoingOn.bsky.social",
        "avatar" : "https://cdn.bsky.app/img/avatar/plain/did:plc:vzu7j24crqmawkevzi3i6n3v/bafkreid5jnxlcxpfp34y2xwqnxxvl4goesxm7z7il3ngbvqbo7e5p7ansu@jpeg",
        "associated" : {
          "chat" : {
            "allowIncoming" : "none"
          }
        },
        "viewer" : {
          "muted" : false,
          "blockedBy" : false,
          "following" : "at://did:plc:pgdrqxzv4kxt7tr3sa6pd77y/app.bsky.graph.follow/3ljlujigavx2x",
          "followedBy" : "at://did:plc:vzu7j24crqmawkevzi3i6n3v/app.bsky.graph.follow/3ljjfshlgtc2u"
        },
        "labels" : [ ],
        "createdAt" : 1737501361013
      },
      "record" : {
        "$type" : "app.bsky.feed.post",
        "createdAt" : 1741144520372,
        "embed" : {
          "$type" : "app.bsky.embed.images",
          "images" : [ {
            "alt" : "",
            "image" : {
              "$type" : "blob",
              "ref" : {
                "$link" : "bafkreidky57zvpfydrl3dup74m7hyjqafn7wekd6qmrzlcn7elfxfktoaa"
              },
              "mimeType" : "image/jpeg",
              "size" : 927794
            },
            "aspectRatio" : {
              "width" : 1125,
              "height" : 784
            }
          } ]
        },
        "langs" : [ "en" ],
        "text" : "Dollar wise, this has to be Trump’s biggest accomplishment yet, of his flailing Presidency…\n\nCongratulations, you are officially the “BIGGEST LOSER”!"
      },
      "embed" : {
        "$type" : "app.bsky.embed.images#view",
        "images" : [ {
          "thumb" : "https://cdn.bsky.app/img/feed_thumbnail/plain/did:plc:vzu7j24crqmawkevzi3i6n3v/bafkreidky57zvpfydrl3dup74m7hyjqafn7wekd6qmrzlcn7elfxfktoaa@jpeg",
          "fullsize" : "https://cdn.bsky.app/img/feed_fullsize/plain/did:plc:vzu7j24crqmawkevzi3i6n3v/bafkreidky57zvpfydrl3dup74m7hyjqafn7wekd6qmrzlcn7elfxfktoaa@jpeg",
          "alt" : "",
          "aspectRatio" : {
            "width" : 1125,
            "height" : 784
          }
        } ]
      },
      "replyCount" : 2,
      "repostCount" : 5,
      "likeCount" : 51,
      "quoteCount" : 0,
      "indexedAt" : 1741144523826,
      "viewer" : { },
      "labels" : [ ]
    }
  }, {
    "post" : {
      "uri" : "at://did:plc:v6dt2gvwx4kgxujlwpsolo6h/app.bsky.feed.post/3ljlyvjkfrs2q",
      "cid" : "bafyreig6hglgxre5mjmmt2b6fyuxbrqrr32oy235bowhqk55mzco5773eu",
      "author" : {
        "did" : "did:plc:v6dt2gvwx4kgxujlwpsolo6h",
        "handle" : "cmewing.bsky.social",
        "displayName" : "Connor Ewing",
        "avatar" : "https://cdn.bsky.app/img/avatar/plain/did:plc:v6dt2gvwx4kgxujlwpsolo6h/bafkreidxybj7gytq6bk2lol4e4ybzrtjrgetavwttt3md2doeglw4supdy@jpeg",
        "viewer" : {
          "muted" : false,
          "blockedBy" : false
        },
        "labels" : [ ],
        "createdAt" : 1691805104442
      },
      "record" : {
        "$type" : "app.bsky.feed.post",
        "createdAt" : 1741144156809,
        "embed" : {
          "$type" : "app.bsky.embed.images",
          "images" : [ {
            "alt" : "",
            "image" : {
              "$type" : "blob",
              "ref" : {
                "$link" : "bafkreidjcivcleor6vpeyzhbob2kjywngukl7uouchggd46dm525hida4m"
              },
              "mimeType" : "image/jpeg",
              "size" : 678433
            },
            "aspectRatio" : {
              "width" : 1125,
              "height" : 618
            }
          } ]
        },
        "langs" : [ "en" ],
        "text" : "As clear a sign as any that congressional Dems either don’t fully grasp or are incapable of confronting the constitutional crisis."
      },
      "embed" : {
        "$type" : "app.bsky.embed.images#view",
        "images" : [ {
          "thumb" : "https://cdn.bsky.app/img/feed_thumbnail/plain/did:plc:v6dt2gvwx4kgxujlwpsolo6h/bafkreidjcivcleor6vpeyzhbob2kjywngukl7uouchggd46dm525hida4m@jpeg",
          "fullsize" : "https://cdn.bsky.app/img/feed_fullsize/plain/did:plc:v6dt2gvwx4kgxujlwpsolo6h/bafkreidjcivcleor6vpeyzhbob2kjywngukl7uouchggd46dm525hida4m@jpeg",
          "alt" : "",
          "aspectRatio" : {
            "width" : 1125,
            "height" : 618
          }
        } ]
      },
      "replyCount" : 60,
      "repostCount" : 152,
      "likeCount" : 688,
      "quoteCount" : 45,
      "indexedAt" : 1741144158417,
      "viewer" : { },
      "labels" : [ ]
    },
    "reason" : {
      "by" : {
        "did" : "did:plc:j53tav4pdcpfxyx2gcfr5fhb",
        "handle" : "mehdirhasan.bsky.social",
        "displayName" : "Mehdi Hasan",
        "avatar" : "https://cdn.bsky.app/img/avatar/plain/did:plc:j53tav4pdcpfxyx2gcfr5fhb/bafkreid3qifkugat3tjsfz3hqyzi3h5tsf6dph2qqcsf4g4fokw6h4pm6e@jpeg",
        "createdAt" : 1682665992967,
        "viewer" : {
          "muted" : false,
          "blockedBy" : false,
          "following" : "at://did:plc:pgdrqxzv4kxt7tr3sa6pd77y/app.bsky.graph.follow/3kebsul345k22"
        },
        "labels" : [ ]
      },
      "indexedAt" : 1741162499719
    }
  }, {
    "post" : {
      "uri" : "at://did:plc:jp6kosbeb3bkbadjr2ttznbu/app.bsky.feed.post/3ljlz6u3jy22v",
      "cid" : "bafyreiggvcqylwd4vv447soqcbxdkyxytw5p5cpred4ghfk744seepk5qi",
      "author" : {
        "did" : "did:plc:jp6kosbeb3bkbadjr2ttznbu",
        "handle" : "swin24.bsky.social",
        "displayName" : "Asawin Suebsaeng",
        "avatar" : "https://cdn.bsky.app/img/avatar/plain/did:plc:jp6kosbeb3bkbadjr2ttznbu/bafkreifvywch3cfnrtba52li5jojbjwa6cdv73bkitwzee7bwkgfy3jsbu@jpeg",
        "associated" : {
          "chat" : {
            "allowIncoming" : "following"
          }
        },
        "viewer" : {
          "muted" : false,
          "blockedBy" : false
        },
        "labels" : [ ],
        "createdAt" : 1684260425334
      },
      "record" : {
        "$type" : "app.bsky.feed.post",
        "createdAt" : 1741144469848,
        "embed" : {
          "$type" : "app.bsky.embed.external",
          "external" : {
            "uri" : "https://www.rollingstone.com/politics/politics-features/trump-springfield-ohio-haitians-terrified-1235171187/",
            "title" : "'He Is Coming for Us': Springfield's Haitians Are Terrified After Trump's Win",
            "description" : "Donald Trump wants to create a climate of fear that leads immigrants to flee the country before his deportations begin. It’s working in Springfield.",
            "thumb" : {
              "$type" : "blob",
              "ref" : {
                "$link" : "bafkreidtlicev52znzy5tynvpunr3cfco57txy52a5lw2qfvoq7atu3mga"
              },
              "mimeType" : "image/jpeg",
              "size" : 391945
            }
          }
        },
        "facets" : [ {
          "index" : {
            "byteStart" : 37,
            "byteEnd" : 73
          },
          "features" : [ {
            "$type" : "app.bsky.richtext.facet#link",
            "uri" : "https://www.rollingstone.com/politics/politics-features/trump-springfield-ohio-haitians-terrified-1235171187/"
          } ]
        } ],
        "langs" : [ "en" ],
        "text" : "Trump talking about Springfield Ohio www.rollingstone.com/politics/pol..."
      },
      "embed" : {
        "$type" : "app.bsky.embed.external#view",
        "external" : {
          "uri" : "https://www.rollingstone.com/politics/politics-features/trump-springfield-ohio-haitians-terrified-1235171187/",
          "title" : "'He Is Coming for Us': Springfield's Haitians Are Terrified After Trump's Win",
          "description" : "Donald Trump wants to create a climate of fear that leads immigrants to flee the country before his deportations begin. It’s working in Springfield.",
          "thumb" : "https://cdn.bsky.app/img/feed_thumbnail/plain/did:plc:jp6kosbeb3bkbadjr2ttznbu/bafkreidtlicev52znzy5tynvpunr3cfco57txy52a5lw2qfvoq7atu3mga@jpeg"
        }
      },
      "replyCount" : 3,
      "repostCount" : 13,
      "likeCount" : 75,
      "quoteCount" : 0,
      "indexedAt" : 1741144470820,
      "viewer" : { },
      "labels" : [ ]
    },
    "reply" : {
      "root" : { }
    },
    "reason" : {
      "by" : {
        "did" : "did:plc:j53tav4pdcpfxyx2gcfr5fhb",
        "handle" : "mehdirhasan.bsky.social",
        "displayName" : "Mehdi Hasan",
        "avatar" : "https://cdn.bsky.app/img/avatar/plain/did:plc:j53tav4pdcpfxyx2gcfr5fhb/bafkreid3qifkugat3tjsfz3hqyzi3h5tsf6dph2qqcsf4g4fokw6h4pm6e@jpeg",
        "createdAt" : 1682665992967,
        "viewer" : {
          "muted" : false,
          "blockedBy" : false,
          "following" : "at://did:plc:pgdrqxzv4kxt7tr3sa6pd77y/app.bsky.graph.follow/3kebsul345k22"
        },
        "labels" : [ ]
      },
      "indexedAt" : 1741162488632
    }
  }, {
    "post" : {
      "uri" : "at://did:plc:j53tav4pdcpfxyx2gcfr5fhb/app.bsky.feed.post/3ljlz6ulwfc2f",
      "cid" : "bafyreibbhsp6lynfjp4hvorwstbvwh5tl23t55uc53d3mnoc2iuu5nzhjy",
      "author" : {
        "did" : "did:plc:j53tav4pdcpfxyx2gcfr5fhb",
        "handle" : "mehdirhasan.bsky.social",
        "displayName" : "Mehdi Hasan",
        "avatar" : "https://cdn.bsky.app/img/avatar/plain/did:plc:j53tav4pdcpfxyx2gcfr5fhb/bafkreid3qifkugat3tjsfz3hqyzi3h5tsf6dph2qqcsf4g4fokw6h4pm6e@jpeg",
        "viewer" : {
          "muted" : false,
          "blockedBy" : false,
          "following" : "at://did:plc:pgdrqxzv4kxt7tr3sa6pd77y/app.bsky.graph.follow/3kebsul345k22"
        },
        "labels" : [ ],
        "createdAt" : 1682651592967
      },
      "record" : {
        "$type" : "app.bsky.feed.post",
        "createdAt" : 1741144470386,
        "langs" : [ "en" ],
        "text" : "Trump echoes neo-Nazi language by calling it a \"migrant occupation\""
      },
      "replyCount" : 22,
      "repostCount" : 108,
      "likeCount" : 637,
      "quoteCount" : 1,
      "indexedAt" : 1741144470531,
      "viewer" : { },
      "labels" : [ ]
    }
  }, {
    "post" : {
      "uri" : "at://did:plc:cxrua73vvgqw4lel4nkccky7/app.bsky.feed.post/3ljlz5okmc22s",
      "cid" : "bafyreifn4znuj36uvgftdmylyfkp7c2buftboeanlr7qxh4foxtzrlvxku",
      "author" : {
        "did" : "did:plc:cxrua73vvgqw4lel4nkccky7",
        "handle" : "lincolnproject.us",
        "displayName" : "The Lincoln Project",
        "avatar" : "https://cdn.bsky.app/img/avatar/plain/did:plc:cxrua73vvgqw4lel4nkccky7/bafkreie4t2qm2mgz6s5kk47kqrunjm2bbywigelewfq6elxvnmxdxq33nq@jpeg",
        "viewer" : {
          "muted" : false,
          "blockedBy" : false,
          "following" : "at://did:plc:pgdrqxzv4kxt7tr3sa6pd77y/app.bsky.graph.follow/3keixdvenpe2h"
        },
        "labels" : [ ],
        "createdAt" : 1687970158463
      },
      "record" : {
        "$type" : "app.bsky.feed.post",
        "createdAt" : 1741144430495,
        "embed" : {
          "$type" : "app.bsky.embed.video",
          "aspectRatio" : {
            "width" : 1920,
            "height" : 1080
          },
          "video" : {
            "$type" : "blob",
            "ref" : {
              "$link" : "bafkreiaapetns6udleq7q75tgl7rjeb6i56wm2nbzhlql2htncbxmkfx5e"
            },
            "mimeType" : "video/mp4",
            "size" : 4514410
          }
        },
        "langs" : [ "en" ],
        "text" : "BREAKING: irony dead."
      },
      "embed" : {
        "$type" : "app.bsky.embed.video#view",
        "aspectRatio" : {
          "width" : 1920,
          "height" : 1080
        },
        "cid" : "bafkreiaapetns6udleq7q75tgl7rjeb6i56wm2nbzhlql2htncbxmkfx5e",
        "playlist" : "https://video.bsky.app/watch/did%3Aplc%3Acxrua73vvgqw4lel4nkccky7/bafkreiaapetns6udleq7q75tgl7rjeb6i56wm2nbzhlql2htncbxmkfx5e/playlist.m3u8",
        "thumbnail" : "https://video.bsky.app/watch/did%3Aplc%3Acxrua73vvgqw4lel4nkccky7/bafkreiaapetns6udleq7q75tgl7rjeb6i56wm2nbzhlql2htncbxmkfx5e/thumbnail.jpg"
      },
      "replyCount" : 73,
      "repostCount" : 228,
      "likeCount" : 1134,
      "quoteCount" : 21,
      "indexedAt" : 1741144431316,
      "viewer" : { },
      "labels" : [ ]
    }
  }, {
    "post" : {
      "uri" : "at://did:plc:j7eliwxzqpvvwu6jbxr5ggaf/app.bsky.feed.post/3ljlwxggo6225",
      "cid" : "bafyreihjkrg3yxyult6ixi3trkif3lkd7ogvx5idpohqvridpupvncubvi",
      "author" : {
        "did" : "did:plc:j7eliwxzqpvvwu6jbxr5ggaf",
        "handle" : "stevenmazie.bsky.social",
        "displayName" : "Steven Mazie",
        "avatar" : "https://cdn.bsky.app/img/avatar/plain/did:plc:j7eliwxzqpvvwu6jbxr5ggaf/bafkreicq6ojr7nynsqtd2zvuoio7vkakxmd7h3fbzifikqq2w5llbjh2xa@jpeg",
        "viewer" : {
          "muted" : false,
          "blockedBy" : false
        },
        "labels" : [ ],
        "createdAt" : 1683654035121
      },
      "record" : {
        "$type" : "app.bsky.feed.post",
        "createdAt" : 1741142073163,
        "embed" : {
          "$type" : "app.bsky.embed.images",
          "images" : [ {
            "alt" : "",
            "image" : {
              "$type" : "blob",
              "ref" : {
                "$link" : "bafkreibmm66xjimjav35ahe262uacmucb77ashrzu3yla4tuu6xv3vhq4e"
              },
              "mimeType" : "image/jpeg",
              "size" : 434342
            },
            "aspectRatio" : {
              "width" : 1432,
              "height" : 954
            }
          } ]
        },
        "langs" : [ "en" ],
        "text" : "Donald Trump: \"Free speech in America - it's back!\"\n\nAlso Donald Trump:"
      },
      "embed" : {
        "$type" : "app.bsky.embed.images#view",
        "images" : [ {
          "thumb" : "https://cdn.bsky.app/img/feed_thumbnail/plain/did:plc:j7eliwxzqpvvwu6jbxr5ggaf/bafkreibmm66xjimjav35ahe262uacmucb77ashrzu3yla4tuu6xv3vhq4e@jpeg",
          "fullsize" : "https://cdn.bsky.app/img/feed_fullsize/plain/did:plc:j7eliwxzqpvvwu6jbxr5ggaf/bafkreibmm66xjimjav35ahe262uacmucb77ashrzu3yla4tuu6xv3vhq4e@jpeg",
          "alt" : "",
          "aspectRatio" : {
            "width" : 1432,
            "height" : 954
          }
        } ]
      },
      "replyCount" : 5,
      "repostCount" : 32,
      "likeCount" : 106,
      "quoteCount" : 0,
      "indexedAt" : 1741142075031,
      "viewer" : { },
      "labels" : [ ]
    },
    "reason" : {
      "by" : {
        "did" : "did:plc:j5fbnzh57rn7xz65yjc36gxb",
        "handle" : "drewharwell.com",
        "displayName" : "Drew Harwell",
        "avatar" : "https://cdn.bsky.app/img/avatar/plain/did:plc:j5fbnzh57rn7xz65yjc36gxb/bafkreibtwyjrzksk3gd4z6a7wqsbgd5huofmvefvqhjrjre63prxak4zci@jpeg",
        "createdAt" : 1681937778439,
        "associated" : {
          "chat" : {
            "allowIncoming" : "all"
          }
        },
        "viewer" : {
          "muted" : false,
          "blockedBy" : false,
          "following" : "at://did:plc:pgdrqxzv4kxt7tr3sa6pd77y/app.bsky.graph.follow/3kdztqc3i222w"
        },
        "labels" : [ ]
      },
      "indexedAt" : 1741162426026
    }
  }, {
    "post" : {
      "uri" : "at://did:plc:lfgjxeg7f7w6ryjfbomhcbsi/app.bsky.feed.post/3ljlz4seyq22u",
      "cid" : "bafyreihrkyyvyuywo5pis7gkrkk3xb3a7rhuwdlok46pf3ggd7emabdaxy",
      "author" : {
        "did" : "did:plc:lfgjxeg7f7w6ryjfbomhcbsi",
        "handle" : "mikenellis.bsky.social",
        "displayName" : "Mike Nellis",
        "avatar" : "https://cdn.bsky.app/img/avatar/plain/did:plc:lfgjxeg7f7w6ryjfbomhcbsi/bafkreiecf5wsoxo3gos7qy5b2pmy7qx3meyxvkoxo2ltninvsizsfl2m5e@jpeg",
        "viewer" : {
          "muted" : false,
          "blockedBy" : false,
          "following" : "at://did:plc:pgdrqxzv4kxt7tr3sa6pd77y/app.bsky.graph.follow/3ldkjvrgufl2f",
          "followedBy" : "at://did:plc:lfgjxeg7f7w6ryjfbomhcbsi/app.bsky.graph.follow/3lcwjzehmmt26"
        },
        "labels" : [ ],
        "createdAt" : 1731169867521
      },
      "record" : {
        "$type" : "app.bsky.feed.post",
        "createdAt" : 1741144400952,
        "langs" : [ "en" ],
        "text" : "For me? LOL"
      },
      "replyCount" : 0,
      "repostCount" : 0,
      "likeCount" : 0,
      "quoteCount" : 0,
      "indexedAt" : 1741144401629,
      "viewer" : { },
      "labels" : [ ]
    },
    "reply" : {
      "root" : { }
    }
  }, {
    "post" : {
      "uri" : "at://did:plc:neno2ingf4j4rs2fof4giall/app.bsky.feed.post/3ljlz4rpgcc2o",
      "cid" : "bafyreig4qh4wjby2f452ehobhjcrbozyu64umdgwapg4bbcx6d5mgwj2hm",
      "author" : {
        "did" : "did:plc:neno2ingf4j4rs2fof4giall",
        "handle" : "jojofromjerz.bsky.social",
        "displayName" : "JoJoFromJerz",
        "avatar" : "https://cdn.bsky.app/img/avatar/plain/did:plc:neno2ingf4j4rs2fof4giall/bafkreifuzzqe3afxjyt63fi5urw4s22eysgiklmmppmcl2473vedsxh4s4@jpeg",
        "viewer" : {
          "muted" : false,
          "blockedBy" : false,
          "following" : "at://did:plc:pgdrqxzv4kxt7tr3sa6pd77y/app.bsky.graph.follow/3ldnzl6s3lw2h"
        },
        "labels" : [ ],
        "createdAt" : 1683168597990
      },
      "record" : {
        "$type" : "app.bsky.feed.post",
        "createdAt" : 1741144400246,
        "langs" : [ "en" ],
        "text" : "This speech is boring as fuck."
      },
      "replyCount" : 94,
      "repostCount" : 36,
      "likeCount" : 825,
      "quoteCount" : 5,
      "indexedAt" : 1741144400420,
      "viewer" : { },
      "labels" : [ ]
    }
  }, {
    "post" : {
      "uri" : "at://did:plc:a6g23vezflvebvmaqngfwcmn/app.bsky.feed.post/3ljlxcsqntc2q",
      "cid" : "bafyreiak6cx3m4dldaek7bshr4sjzv2kzivqxfaf3inxysecdkt5jtplui",
      "author" : {
        "did" : "did:plc:a6g23vezflvebvmaqngfwcmn",
        "handle" : "davidleavitt.bsky.social",
        "displayName" : "David Leavitt",
        "avatar" : "https://cdn.bsky.app/img/avatar/plain/did:plc:a6g23vezflvebvmaqngfwcmn/bafkreidbafhdsn3jbcs62olsncyav53xsqyfgghtfh6p7rq6uxbq3lhrqu@jpeg",
        "viewer" : {
          "muted" : false,
          "blockedBy" : false
        },
        "labels" : [ ],
        "createdAt" : 1682898846900
      },
      "record" : {
        "$type" : "app.bsky.feed.post",
        "createdAt" : 1741142455173,
        "embed" : {
          "$type" : "app.bsky.embed.images",
          "images" : [ {
            "alt" : "",
            "image" : {
              "$type" : "blob",
              "ref" : {
                "$link" : "bafkreicsyzjz34lf2edjmelpg5v2gqhdikfd6vzbb4dj6ijmjmzr7jb424"
              },
              "mimeType" : "image/jpeg",
              "size" : 383925
            },
            "aspectRatio" : {
              "width" : 1082,
              "height" : 694
            }
          }, {
            "alt" : "",
            "image" : {
              "$type" : "blob",
              "ref" : {
                "$link" : "bafkreig44tzvp7xqqnklpo6mlmmidpueqayakdfshvzhpq4k64mi4a6frq"
              },
              "mimeType" : "image/jpeg",
              "size" : 478412
            },
            "aspectRatio" : {
              "width" : 770,
              "height" : 618
            }
          } ]
        },
        "facets" : [ {
          "index" : {
            "byteStart" : 102,
            "byteEnd" : 118
          },
          "features" : [ {
            "$type" : "app.bsky.richtext.facet#tag",
            "tag" : "StateOfTheUnion"
          } ]
        } ],
        "langs" : [ "en" ],
        "text" : "Trump claims he “brought free speech back” after removing a man from exercising his free speech.\n\n#StateOfTheUnion"
      },
      "embed" : {
        "$type" : "app.bsky.embed.images#view",
        "images" : [ {
          "thumb" : "https://cdn.bsky.app/img/feed_thumbnail/plain/did:plc:a6g23vezflvebvmaqngfwcmn/bafkreicsyzjz34lf2edjmelpg5v2gqhdikfd6vzbb4dj6ijmjmzr7jb424@jpeg",
          "fullsize" : "https://cdn.bsky.app/img/feed_fullsize/plain/did:plc:a6g23vezflvebvmaqngfwcmn/bafkreicsyzjz34lf2edjmelpg5v2gqhdikfd6vzbb4dj6ijmjmzr7jb424@jpeg",
          "alt" : "",
          "aspectRatio" : {
            "width" : 1082,
            "height" : 694
          }
        }, {
          "thumb" : "https://cdn.bsky.app/img/feed_thumbnail/plain/did:plc:a6g23vezflvebvmaqngfwcmn/bafkreig44tzvp7xqqnklpo6mlmmidpueqayakdfshvzhpq4k64mi4a6frq@jpeg",
          "fullsize" : "https://cdn.bsky.app/img/feed_fullsize/plain/did:plc:a6g23vezflvebvmaqngfwcmn/bafkreig44tzvp7xqqnklpo6mlmmidpueqayakdfshvzhpq4k64mi4a6frq@jpeg",
          "alt" : "",
          "aspectRatio" : {
            "width" : 770,
            "height" : 618
          }
        } ]
      },
      "replyCount" : 82,
      "repostCount" : 804,
      "likeCount" : 3121,
      "quoteCount" : 35,
      "indexedAt" : 1741142458025,
      "viewer" : { },
      "labels" : [ ]
    },
    "reason" : {
      "by" : {
        "did" : "did:plc:3tgntymxw6sr3iivbhqekj45",
        "handle" : "michellekinney.com",
        "displayName" : "Michelle Kinney",
        "avatar" : "https://cdn.bsky.app/img/avatar/plain/did:plc:3tgntymxw6sr3iivbhqekj45/bafkreifozvmybx3k7lilwy37yahj4a7vvqnwskxo7psk6v6hc7zcbjzxay@jpeg",
        "createdAt" : 1685479068453,
        "viewer" : {
          "muted" : false,
          "blockedBy" : false,
          "following" : "at://did:plc:pgdrqxzv4kxt7tr3sa6pd77y/app.bsky.graph.follow/3kefvsjvf372s"
        },
        "labels" : [ {
          "src" : "did:plc:3tgntymxw6sr3iivbhqekj45",
          "uri" : "at://did:plc:3tgntymxw6sr3iivbhqekj45/app.bsky.actor.profile/self",
          "cid" : "bafyreigegxboucrt4b2oykbunmoehgqsr73mb7nax3pl7lib2anpr24oya",
          "val" : "!no-unauthenticated",
          "cts" : 18000000
        } ]
      },
      "indexedAt" : 1741162398031
    }
  }, {
    "post" : {
      "uri" : "at://did:plc:j5fbnzh57rn7xz65yjc36gxb/app.bsky.feed.post/3ljlz4g6qh22s",
      "cid" : "bafyreib2y4opselq2tbgoeaw4ppzzjjztavia6mbtgptlrtvvlcbtvctxq",
      "author" : {
        "did" : "did:plc:j5fbnzh57rn7xz65yjc36gxb",
        "handle" : "drewharwell.com",
        "displayName" : "Drew Harwell",
        "avatar" : "https://cdn.bsky.app/img/avatar/plain/did:plc:j5fbnzh57rn7xz65yjc36gxb/bafkreibtwyjrzksk3gd4z6a7wqsbgd5huofmvefvqhjrjre63prxak4zci@jpeg",
        "associated" : {
          "chat" : {
            "allowIncoming" : "all"
          }
        },
        "viewer" : {
          "muted" : false,
          "blockedBy" : false,
          "following" : "at://did:plc:pgdrqxzv4kxt7tr3sa6pd77y/app.bsky.graph.follow/3kdztqc3i222w"
        },
        "labels" : [ ],
        "createdAt" : 1681923378439
      },
      "record" : {
        "$type" : "app.bsky.feed.post",
        "createdAt" : 1741144388161,
        "embed" : {
          "$type" : "app.bsky.embed.images",
          "images" : [ {
            "alt" : "Democrats' signs changed to say stuff like \"Illegals First\"",
            "image" : {
              "$type" : "blob",
              "ref" : {
                "$link" : "bafkreigshzgcfnhpra2fzdyduzrhjsbgzvu7t2uxbcij2j3ejmeiwlcrui"
              },
              "mimeType" : "image/jpeg",
              "size" : 353738
            },
            "aspectRatio" : {
              "width" : 672,
              "height" : 862
            }
          } ]
        },
        "langs" : [ "en" ],
        "text" : "Who could have predicted the Democrat sign-protest idea would end up like this"
      },
      "embed" : {
        "$type" : "app.bsky.embed.images#view",
        "images" : [ {
          "thumb" : "https://cdn.bsky.app/img/feed_thumbnail/plain/did:plc:j5fbnzh57rn7xz65yjc36gxb/bafkreigshzgcfnhpra2fzdyduzrhjsbgzvu7t2uxbcij2j3ejmeiwlcrui@jpeg",
          "fullsize" : "https://cdn.bsky.app/img/feed_fullsize/plain/did:plc:j5fbnzh57rn7xz65yjc36gxb/bafkreigshzgcfnhpra2fzdyduzrhjsbgzvu7t2uxbcij2j3ejmeiwlcrui@jpeg",
          "alt" : "Democrats' signs changed to say stuff like \"Illegals First\"",
          "aspectRatio" : {
            "width" : 672,
            "height" : 862
          }
        } ]
      },
      "replyCount" : 11,
      "repostCount" : 13,
      "likeCount" : 120,
      "quoteCount" : 2,
      "indexedAt" : 1741144394527,
      "viewer" : { },
      "labels" : [ ]
    }
  }, {
    "post" : {
      "uri" : "at://did:plc:oeqsuhvmuauoxfyiphzhvw5x/app.bsky.feed.post/3ljlylcd5pc2f",
      "cid" : "bafyreickucvvdxwjlnai6sexxwm4bm2kzfdgbtnqkwkcc3x6d7v4cehfsq",
      "author" : {
        "did" : "did:plc:oeqsuhvmuauoxfyiphzhvw5x",
        "handle" : "danieloh30.bsky.social",
        "displayName" : "Daniel Oh",
        "avatar" : "https://cdn.bsky.app/img/avatar/plain/did:plc:oeqsuhvmuauoxfyiphzhvw5x/bafkreihgv4kgkqndknxiqmmvp27nzh6g7w6bgvan2ntirjnm5eumfgvwi4@jpeg",
        "viewer" : {
          "muted" : false,
          "blockedBy" : false
        },
        "labels" : [ ],
        "createdAt" : 1684973818878
      },
      "record" : {
        "$type" : "app.bsky.feed.post",
        "createdAt" : 1741143813678,
        "embed" : {
          "$type" : "app.bsky.embed.images",
          "images" : [ {
            "alt" : "",
            "image" : {
              "$type" : "blob",
              "ref" : {
                "$link" : "bafkreihw6rmgil5mgfg4ntv4nqwm3ehudw7bxkuqfnoizcpgwx4bz3xb4i"
              },
              "mimeType" : "image/jpeg",
              "size" : 832131
            },
            "aspectRatio" : {
              "width" : 1921,
              "height" : 1081
            }
          } ]
        },
        "facets" : [ {
          "index" : {
            "byteStart" : 99,
            "byteEnd" : 109
          },
          "features" : [ {
            "$type" : "app.bsky.richtext.facet#link",
            "uri" : "https://jdconf.com"
          } ]
        }, {
          "index" : {
            "byteStart" : 110,
            "byteEnd" : 115
          },
          "features" : [ {
            "$type" : "app.bsky.richtext.facet#tag",
            "tag" : "Java"
          } ]
        }, {
          "index" : {
            "byteStart" : 116,
            "byteEnd" : 123
          },
          "features" : [ {
            "$type" : "app.bsky.richtext.facet#tag",
            "tag" : "JDConf"
          } ]
        }, {
          "index" : {
            "byteStart" : 124,
            "byteEnd" : 127
          },
          "features" : [ {
            "$type" : "app.bsky.richtext.facet#tag",
            "tag" : "AI"
          } ]
        }, {
          "index" : {
            "byteStart" : 128,
            "byteEnd" : 134
          },
          "features" : [ {
            "$type" : "app.bsky.richtext.facet#tag",
            "tag" : "Cloud"
          } ]
        } ],
        "langs" : [ "en" ],
        "text" : "Join me at JDConf 2025 for my session. I’ll be covering [brief hint at key focus].  RSVP Now at: jdconf.com\n#Java #JDConf #AI #Cloud"
      },
      "embed" : {
        "$type" : "app.bsky.embed.images#view",
        "images" : [ {
          "thumb" : "https://cdn.bsky.app/img/feed_thumbnail/plain/did:plc:oeqsuhvmuauoxfyiphzhvw5x/bafkreihw6rmgil5mgfg4ntv4nqwm3ehudw7bxkuqfnoizcpgwx4bz3xb4i@jpeg",
          "fullsize" : "https://cdn.bsky.app/img/feed_fullsize/plain/did:plc:oeqsuhvmuauoxfyiphzhvw5x/bafkreihw6rmgil5mgfg4ntv4nqwm3ehudw7bxkuqfnoizcpgwx4bz3xb4i@jpeg",
          "alt" : "",
          "aspectRatio" : {
            "width" : 1921,
            "height" : 1081
          }
        } ]
      },
      "replyCount" : 0,
      "repostCount" : 1,
      "likeCount" : 1,
      "quoteCount" : 0,
      "indexedAt" : 1741143815226,
      "viewer" : { },
      "labels" : [ ]
    },
    "reason" : {
      "by" : {
        "did" : "did:plc:t5bsijkenmu53aklo4ybaa4p",
        "handle" : "javabubble.bsky.social",
        "displayName" : "#javabubble",
        "avatar" : "https://cdn.bsky.app/img/avatar/plain/did:plc:t5bsijkenmu53aklo4ybaa4p/bafkreic5w5fm3znapuhqvzb222hjfal55iuucuocudr4h5ke2h4tvuykau@jpeg",
        "createdAt" : 1732040970738,
        "viewer" : {
          "muted" : false,
          "blockedBy" : false,
          "following" : "at://did:plc:pgdrqxzv4kxt7tr3sa6pd77y/app.bsky.graph.follow/3lbcryp6mtt2x",
          "followedBy" : "at://did:plc:t5bsijkenmu53aklo4ybaa4p/app.bsky.graph.follow/3lbcqs3p7c724"
        },
        "labels" : [ ]
      },
      "indexedAt" : 1741162373727
    }
  }, {
    "post" : {
      "uri" : "at://did:plc:2bpvh4efd2a6fmbohjceznzg/app.bsky.feed.post/3ljlyn3llfk2a",
      "cid" : "bafyreidv46cqiq2o3nwjz3ki4cjpvqjcotdeynwd6ds3n6fui44hg3lize",
      "author" : {
        "did" : "did:plc:2bpvh4efd2a6fmbohjceznzg",
        "handle" : "luismachadoreis.bsky.social",
        "displayName" : "Luis ]]>&#x1f36e;<![CDATA[",
        "avatar" : "https://cdn.bsky.app/img/avatar/plain/did:plc:2bpvh4efd2a6fmbohjceznzg/bafkreigwq25xtz5wwvgrjd6cj5h63eep5mxdsx4ip6r2xaugvjiioz265a@jpeg",
        "associated" : {
          "chat" : {
            "allowIncoming" : "following"
          }
        },
        "viewer" : {
          "muted" : false,
          "blockedBy" : false
        },
        "labels" : [ ],
        "createdAt" : 1725073133732
      },
      "record" : {
        "$type" : "app.bsky.feed.post",
        "createdAt" : 1741143873719,
        "embed" : {
          "$type" : "app.bsky.embed.images",
          "images" : [ {
            "alt" : "",
            "image" : {
              "$type" : "blob",
              "ref" : {
                "$link" : "bafkreia4bdqhb6wpi5akx4aln5p66imvllwccji77ubulh53fonitg77oq"
              },
              "mimeType" : "image/jpeg",
              "size" : 486440
            },
            "aspectRatio" : {
              "width" : 1125,
              "height" : 2000
            }
          } ]
        },
        "facets" : [ {
          "index" : {
            "byteStart" : 15,
            "byteEnd" : 21
          },
          "features" : [ {
            "$type" : "app.bsky.richtext.facet#tag",
            "tag" : "setup"
          } ]
        }, {
          "index" : {
            "byteStart" : 46,
            "byteEnd" : 73
          },
          "features" : [ {
            "$type" : "app.bsky.richtext.facet#mention",
            "did" : "did:plc:z56nxihufbifgfnfauj7kcze"
          } ]
        }, {
          "index" : {
            "byteStart" : 114,
            "byteEnd" : 129
          },
          "features" : [ {
            "$type" : "app.bsky.richtext.facet#tag",
            "tag" : "workingstation"
          } ]
        }, {
          "index" : {
            "byteStart" : 199,
            "byteEnd" : 206
          },
          "features" : [ {
            "$type" : "app.bsky.richtext.facet#tag",
            "tag" : "docker"
          } ]
        }, {
          "index" : {
            "byteStart" : 209,
            "byteEnd" : 220
          },
          "features" : [ {
            "$type" : "app.bsky.richtext.facet#tag",
            "tag" : "kubernetes"
          } ]
        }, {
          "index" : {
            "byteStart" : 235,
            "byteEnd" : 242
          },
          "features" : [ {
            "$type" : "app.bsky.richtext.facet#tag",
            "tag" : "python"
          } ]
        }, {
          "index" : {
            "byteStart" : 243,
            "byteEnd" : 248
          },
          "features" : [ {
            "$type" : "app.bsky.richtext.facet#tag",
            "tag" : "node"
          } ]
        }, {
          "index" : {
            "byteStart" : 249,
            "byteEnd" : 260
          },
          "features" : [ {
            "$type" : "app.bsky.richtext.facet#tag",
            "tag" : "typescript"
          } ]
        }, {
          "index" : {
            "byteStart" : 261,
            "byteEnd" : 272
          },
          "features" : [ {
            "$type" : "app.bsky.richtext.facet#tag",
            "tag" : "javascript"
          } ]
        }, {
          "index" : {
            "byteStart" : 273,
            "byteEnd" : 278
          },
          "features" : [ {
            "$type" : "app.bsky.richtext.facet#tag",
            "tag" : "java"
          } ]
        } ],
        "langs" : [ "pt" ],
        "text" : "Vamos falar de #setup - daí sempre lembro do @programadorwho.bsky.social ]]>&#x1f440;<![CDATA[ - eu fiz a configuração da minha #workingstation que é boa pra rodar qualquer ambiente - inclusive virtualizados com #docker e #kubernetes para projetos #python #node #typescript #javascript #java - segue o fio ]]>&#x1f9f5;<![CDATA["
      },
      "embed" : {
        "$type" : "app.bsky.embed.images#view",
        "images" : [ {
          "thumb" : "https://cdn.bsky.app/img/feed_thumbnail/plain/did:plc:2bpvh4efd2a6fmbohjceznzg/bafkreia4bdqhb6wpi5akx4aln5p66imvllwccji77ubulh53fonitg77oq@jpeg",
          "fullsize" : "https://cdn.bsky.app/img/feed_fullsize/plain/did:plc:2bpvh4efd2a6fmbohjceznzg/bafkreia4bdqhb6wpi5akx4aln5p66imvllwccji77ubulh53fonitg77oq@jpeg",
          "alt" : "",
          "aspectRatio" : {
            "width" : 1125,
            "height" : 2000
          }
        } ]
      },
      "replyCount" : 2,
      "repostCount" : 1,
      "likeCount" : 2,
      "quoteCount" : 0,
      "indexedAt" : 1741143900731,
      "viewer" : { },
      "labels" : [ ]
    },
    "reason" : {
      "by" : {
        "did" : "did:plc:t5bsijkenmu53aklo4ybaa4p",
        "handle" : "javabubble.bsky.social",
        "displayName" : "#javabubble",
        "avatar" : "https://cdn.bsky.app/img/avatar/plain/did:plc:t5bsijkenmu53aklo4ybaa4p/bafkreic5w5fm3znapuhqvzb222hjfal55iuucuocudr4h5ke2h4tvuykau@jpeg",
        "createdAt" : 1732040970738,
        "viewer" : {
          "muted" : false,
          "blockedBy" : false,
          "following" : "at://did:plc:pgdrqxzv4kxt7tr3sa6pd77y/app.bsky.graph.follow/3lbcryp6mtt2x",
          "followedBy" : "at://did:plc:t5bsijkenmu53aklo4ybaa4p/app.bsky.graph.follow/3lbcqs3p7c724"
        },
        "labels" : [ ]
      },
      "indexedAt" : 1741162373234
    }
  }, {
    "post" : {
      "uri" : "at://did:plc:3tgntymxw6sr3iivbhqekj45/app.bsky.feed.post/3ljlz2dtf6k2y",
      "cid" : "bafyreid74b3pn2bhosnn2kd4uvdfl4mrxbcajtbjilyokmfbk6dv7umma4",
      "author" : {
        "did" : "did:plc:3tgntymxw6sr3iivbhqekj45",
        "handle" : "michellekinney.com",
        "displayName" : "Michelle Kinney",
        "avatar" : "https://cdn.bsky.app/img/avatar/plain/did:plc:3tgntymxw6sr3iivbhqekj45/bafkreifozvmybx3k7lilwy37yahj4a7vvqnwskxo7psk6v6hc7zcbjzxay@jpeg",
        "viewer" : {
          "muted" : false,
          "blockedBy" : false,
          "following" : "at://did:plc:pgdrqxzv4kxt7tr3sa6pd77y/app.bsky.graph.follow/3kefvsjvf372s"
        },
        "labels" : [ {
          "src" : "did:plc:3tgntymxw6sr3iivbhqekj45",
          "uri" : "at://did:plc:3tgntymxw6sr3iivbhqekj45/app.bsky.actor.profile/self",
          "cid" : "bafyreigegxboucrt4b2oykbunmoehgqsr73mb7nax3pl7lib2anpr24oya",
          "val" : "!no-unauthenticated",
          "cts" : 18000000
        } ],
        "createdAt" : 1685464668453
      },
      "record" : {
        "$type" : "app.bsky.feed.post",
        "createdAt" : 1741144318586,
        "langs" : [ "en" ],
        "text" : "]]>&#x1f602;<![CDATA["
      },
      "replyCount" : 0,
      "repostCount" : 0,
      "likeCount" : 0,
      "quoteCount" : 0,
      "indexedAt" : 1741144318819,
      "viewer" : { },
      "labels" : [ ]
    },
    "reply" : {
      "root" : { }
    }
  }, {
    "post" : {
      "uri" : "at://did:plc:mtr3pwmbnirvyp3robuicd57/app.bsky.feed.post/3ljlyzxuias27",
      "cid" : "bafyreih7f6h7vmcc4he7squtqdnlmapeqkhu4ymdbhema4aszzwfgbiyiu",
      "author" : {
        "did" : "did:plc:mtr3pwmbnirvyp3robuicd57",
        "handle" : "davidcorn.bsky.social",
        "displayName" : "David Corn",
        "avatar" : "https://cdn.bsky.app/img/avatar/plain/did:plc:mtr3pwmbnirvyp3robuicd57/bafkreia236u2uj363edte2rch3o2lckdcfa5ia6jjsfce6zqn52bgbdt4y@jpeg",
        "viewer" : {
          "muted" : false,
          "blockedBy" : false,
          "following" : "at://did:plc:pgdrqxzv4kxt7tr3sa6pd77y/app.bsky.graph.follow/3kefvwzadbf2q"
        },
        "labels" : [ ],
        "createdAt" : 1683208505104
      },
      "record" : {
        "$type" : "app.bsky.feed.post",
        "createdAt" : 1741144306031,
        "embed" : {
          "$type" : "app.bsky.embed.images",
          "images" : [ {
            "alt" : "",
            "image" : {
              "$type" : "blob",
              "ref" : {
                "$link" : "bafkreifkgfulpwb3gneslni6gu7lr6akj7barfcaalbuefl2cdfkd3emaq"
              },
              "mimeType" : "image/jpeg",
              "size" : 598854
            },
            "aspectRatio" : {
              "width" : 1404,
              "height" : 706
            }
          } ]
        },
        "langs" : [ "en" ],
        "text" : "\"We have to take care of our law enforcement,\" says the man who pardoned hundreds of J6 cop-beaters.\n\nAnd two men who are protected by those cops applaud."
      },
      "embed" : {
        "$type" : "app.bsky.embed.images#view",
        "images" : [ {
          "thumb" : "https://cdn.bsky.app/img/feed_thumbnail/plain/did:plc:mtr3pwmbnirvyp3robuicd57/bafkreifkgfulpwb3gneslni6gu7lr6akj7barfcaalbuefl2cdfkd3emaq@jpeg",
          "fullsize" : "https://cdn.bsky.app/img/feed_fullsize/plain/did:plc:mtr3pwmbnirvyp3robuicd57/bafkreifkgfulpwb3gneslni6gu7lr6akj7barfcaalbuefl2cdfkd3emaq@jpeg",
          "alt" : "",
          "aspectRatio" : {
            "width" : 1404,
            "height" : 706
          }
        } ]
      },
      "replyCount" : 20,
      "repostCount" : 178,
      "likeCount" : 639,
      "quoteCount" : 6,
      "indexedAt" : 1741144307730,
      "viewer" : { },
      "labels" : [ ]
    }
  }, {
    "post" : {
      "uri" : "at://did:plc:vc7f4oafdgxsihk4cry2xpze/app.bsky.feed.post/3ljlyzjv6rk2u",
      "cid" : "bafyreiaiqjthgeeym7lgydwtt2hqvs72cyswjwbqwkzcghsfbtm664upmm",
      "author" : {
        "did" : "did:plc:vc7f4oafdgxsihk4cry2xpze",
        "handle" : "jcsalterego.bsky.social",
        "displayName" : "Jerry Chen",
        "avatar" : "https://cdn.bsky.app/img/avatar/plain/did:plc:vc7f4oafdgxsihk4cry2xpze/bafkreicwxwecqiko2rwwln5y3fqqb2zx6wfg5rxf5r7lukakkq2slqy5hy@jpeg",
        "associated" : {
          "chat" : {
            "allowIncoming" : "following"
          }
        },
        "viewer" : {
          "muted" : false,
          "blockedBy" : false,
          "following" : "at://did:plc:pgdrqxzv4kxt7tr3sa6pd77y/app.bsky.graph.follow/3kdztpolhap2n"
        },
        "labels" : [ {
          "src" : "did:plc:vc7f4oafdgxsihk4cry2xpze",
          "uri" : "at://did:plc:vc7f4oafdgxsihk4cry2xpze/app.bsky.actor.profile/self",
          "cid" : "bafyreidfiuv3c22vliyu2onazf23zrp35rr7i3upsqa2dsn5cqimmlgugm",
          "val" : "!no-unauthenticated",
          "cts" : 18000000
        } ],
        "createdAt" : 1682280664375
      },
      "record" : {
        "$type" : "app.bsky.feed.post",
        "createdAt" : 1741144291382,
        "langs" : [ "en" ],
        "text" : "mfer said mam. hope you feel better soon!!"
      },
      "replyCount" : 1,
      "repostCount" : 0,
      "likeCount" : 1,
      "quoteCount" : 0,
      "indexedAt" : 1741144291817,
      "viewer" : { },
      "labels" : [ ]
    },
    "reply" : {
      "root" : { }
    }
  }, {
    "post" : {
      "uri" : "at://did:plc:lu4xc2twcurj5f6nf4q2hwcv/app.bsky.feed.post/3ljlyygu3rk2i",
      "cid" : "bafyreihqlbffgm42nylins52r33tx2km5ecsabfrciysulexyewhp6uwkq",
      "author" : {
        "did" : "did:plc:lu4xc2twcurj5f6nf4q2hwcv",
        "handle" : "marionicolais.bsky.social",
        "displayName" : "Mario Nicolais",
        "avatar" : "https://cdn.bsky.app/img/avatar/plain/did:plc:lu4xc2twcurj5f6nf4q2hwcv/bafkreiedbzfdvtivqzao2lappar2lq5uilozsupmanjnt4dzmvk4er5o7e@jpeg",
        "viewer" : {
          "muted" : false,
          "blockedBy" : false,
          "following" : "at://did:plc:pgdrqxzv4kxt7tr3sa6pd77y/app.bsky.graph.follow/3lbct7linwy2p"
        },
        "labels" : [ ],
        "createdAt" : 1731349565015
      },
      "record" : {
        "$type" : "app.bsky.feed.post",
        "createdAt" : 1741144254645,
        "embed" : {
          "$type" : "app.bsky.embed.record"
        },
        "langs" : [ "en" ],
        "text" : "This is disguising."
      },
      "embed" : {
        "$type" : "app.bsky.embed.record#view"
      },
      "replyCount" : 1,
      "repostCount" : 2,
      "likeCount" : 14,
      "quoteCount" : 0,
      "indexedAt" : 1741144254828,
      "viewer" : { },
      "labels" : [ ]
    }
  }, {
    "post" : {
      "uri" : "at://did:plc:vc7f4oafdgxsihk4cry2xpze/app.bsky.feed.post/3ljlyygh7o22u",
      "cid" : "bafyreiggmkidhzk5jedh5tktfsrj5pre4gixxswfs4hcdbfkg4v3xhgr6i",
      "author" : {
        "did" : "did:plc:vc7f4oafdgxsihk4cry2xpze",
        "handle" : "jcsalterego.bsky.social",
        "displayName" : "Jerry Chen",
        "avatar" : "https://cdn.bsky.app/img/avatar/plain/did:plc:vc7f4oafdgxsihk4cry2xpze/bafkreicwxwecqiko2rwwln5y3fqqb2zx6wfg5rxf5r7lukakkq2slqy5hy@jpeg",
        "associated" : {
          "chat" : {
            "allowIncoming" : "following"
          }
        },
        "viewer" : {
          "muted" : false,
          "blockedBy" : false,
          "following" : "at://did:plc:pgdrqxzv4kxt7tr3sa6pd77y/app.bsky.graph.follow/3kdztpolhap2n"
        },
        "labels" : [ {
          "src" : "did:plc:vc7f4oafdgxsihk4cry2xpze",
          "uri" : "at://did:plc:vc7f4oafdgxsihk4cry2xpze/app.bsky.actor.profile/self",
          "cid" : "bafyreidfiuv3c22vliyu2onazf23zrp35rr7i3upsqa2dsn5cqimmlgugm",
          "val" : "!no-unauthenticated",
          "cts" : 18000000
        } ],
        "createdAt" : 1682280664375
      },
      "record" : {
        "$type" : "app.bsky.feed.post",
        "createdAt" : 1741144254225,
        "langs" : [ "en" ],
        "text" : "ummm yeah it's called wikitionary"
      },
      "replyCount" : 1,
      "repostCount" : 0,
      "likeCount" : 12,
      "quoteCount" : 0,
      "indexedAt" : 1741144254626,
      "viewer" : { },
      "labels" : [ ]
    },
    "reply" : {
      "root" : { }
    }
  }, {
    "post" : {
      "uri" : "at://did:plc:j53tav4pdcpfxyx2gcfr5fhb/app.bsky.feed.post/3ljlyxgffik2f",
      "cid" : "bafyreigacxg2g4hmwjpl5bwa7dzqrfr5v5eqjgg2myb2dlm3gy3mgvokym",
      "author" : {
        "did" : "did:plc:j53tav4pdcpfxyx2gcfr5fhb",
        "handle" : "mehdirhasan.bsky.social",
        "displayName" : "Mehdi Hasan",
        "avatar" : "https://cdn.bsky.app/img/avatar/plain/did:plc:j53tav4pdcpfxyx2gcfr5fhb/bafkreid3qifkugat3tjsfz3hqyzi3h5tsf6dph2qqcsf4g4fokw6h4pm6e@jpeg",
        "viewer" : {
          "muted" : false,
          "blockedBy" : false,
          "following" : "at://did:plc:pgdrqxzv4kxt7tr3sa6pd77y/app.bsky.graph.follow/3kebsul345k22"
        },
        "labels" : [ ],
        "createdAt" : 1682651592967
      },
      "record" : {
        "$type" : "app.bsky.feed.post",
        "createdAt" : 1741144220611,
        "langs" : [ "en" ],
        "text" : "\"We have to take care of our law enforcement,\" says Trump, standing inside the building where law enforcement were brutally attacked by a mob of his supporters that he sent to the Capitol."
      },
      "replyCount" : 47,
      "repostCount" : 264,
      "likeCount" : 1458,
      "quoteCount" : 5,
      "indexedAt" : 1741144220916,
      "viewer" : { },
      "labels" : [ ]
    }
  }, {
    "post" : {
      "uri" : "at://did:plc:zlh7ytbh63tqzvs2hlu5vitk/app.bsky.feed.post/3ljlyno4rt22f",
      "cid" : "bafyreidzaxcan27pzgkurwv74g2sp47u5vztqbjtrpnhdftxy67fcu3zju",
      "author" : {
        "did" : "did:plc:zlh7ytbh63tqzvs2hlu5vitk",
        "handle" : "edwardluce.bsky.social",
        "displayName" : "Edward Luce",
[...]
        "handle" : "jamellebouie.net",
        "displayName" : "jamelle",
        "avatar" : "https://cdn.bsky.app/img/avatar/plain/did:plc:nvfposmpmhegtyvhbs75s3pw/bafkreiefjdjiahsa4upn3zabt4bxjfculjcxsdrxzc75nqlylfx7xo2izy@jpeg",
        "createdAt" : 1682627506732,
        "associated" : {
          "chat" : {
            "allowIncoming" : "following"
          }
        },
        "viewer" : {
          "muted" : false,
          "blockedBy" : false,
          "following" : "at://did:plc:pgdrqxzv4kxt7tr3sa6pd77y/app.bsky.graph.follow/3lcooonjqtg2f"
        },
        "labels" : [ ]
      },
      "indexedAt" : 1741161497529
    }
  }, {
    "post" : {
      "uri" : "at://did:plc:2jas2nlgpaygmujrjamoftj7/app.bsky.feed.post/3ljlyafbvos2n",
      "cid" : "bafyreighwgifdsnrj3u3zgdfz7jpf6byodh2eolyiybiks4h4ub34yvkye",
      "author" : {
        "did" : "did:plc:2jas2nlgpaygmujrjamoftj7",
        "handle" : "pleasebegneiss.bsky.social",
        "displayName" : "slate",
        "avatar" : "https://cdn.bsky.app/img/avatar/plain/did:plc:2jas2nlgpaygmujrjamoftj7/bafkreiajfc2urkuobgnoxnnxoipgfzzjwwhpec56dzvjktzx76ohkrtnmi@jpeg",
        "viewer" : {
          "muted" : false,
          "blockedBy" : false
        },
        "labels" : [ ],
        "createdAt" : 1682644859722
      },
      "record" : {
        "$type" : "app.bsky.feed.post",
        "createdAt" : 1741143447696,
        "langs" : [ "en" ],
        "text" : "dems attending the joint address but shaking their heads the whole time so everyone knows they disagree"
      },
      "replyCount" : 9,
      "repostCount" : 25,
      "likeCount" : 203,
      "quoteCount" : 0,
      "indexedAt" : 1741143447827,
      "viewer" : { },
      "labels" : [ ]
    },
    "reason" : {
      "by" : {
        "did" : "did:plc:vc7f4oafdgxsihk4cry2xpze",
        "handle" : "jcsalterego.bsky.social",
        "displayName" : "Jerry Chen",
        "avatar" : "https://cdn.bsky.app/img/avatar/plain/did:plc:vc7f4oafdgxsihk4cry2xpze/bafkreicwxwecqiko2rwwln5y3fqqb2zx6wfg5rxf5r7lukakkq2slqy5hy@jpeg",
        "createdAt" : 1682295064375,
        "associated" : {
          "chat" : {
            "allowIncoming" : "following"
          }
        },
        "viewer" : {
          "muted" : false,
          "blockedBy" : false,
          "following" : "at://did:plc:pgdrqxzv4kxt7tr3sa6pd77y/app.bsky.graph.follow/3kdztpolhap2n"
        },
        "labels" : [ {
          "src" : "did:plc:vc7f4oafdgxsihk4cry2xpze",
          "uri" : "at://did:plc:vc7f4oafdgxsihk4cry2xpze/app.bsky.actor.profile/self",
          "cid" : "bafyreidfiuv3c22vliyu2onazf23zrp35rr7i3upsqa2dsn5cqimmlgugm",
          "val" : "!no-unauthenticated",
          "cts" : 18000000
        } ]
      },
      "indexedAt" : 1741161486720
    }
  }, {
    "post" : {
      "uri" : "at://did:plc:nvfposmpmhegtyvhbs75s3pw/app.bsky.feed.post/3ljlybf5wcs22",
      "cid" : "bafyreigle3f25k5bzmktp4wephft5lj23obrwcjf33gr6spd5x723fudcm",
      "author" : {
        "did" : "did:plc:nvfposmpmhegtyvhbs75s3pw",
        "handle" : "jamellebouie.net",
        "displayName" : "jamelle",
        "avatar" : "https://cdn.bsky.app/img/avatar/plain/did:plc:nvfposmpmhegtyvhbs75s3pw/bafkreiefjdjiahsa4upn3zabt4bxjfculjcxsdrxzc75nqlylfx7xo2izy@jpeg",
        "associated" : {
          "chat" : {
            "allowIncoming" : "following"
          }
        },
        "viewer" : {
          "muted" : false,
          "blockedBy" : false,
          "following" : "at://did:plc:pgdrqxzv4kxt7tr3sa6pd77y/app.bsky.graph.follow/3lcooonjqtg2f"
        },
        "labels" : [ ],
        "createdAt" : 1682613106732
      },
      "record" : {
        "$type" : "app.bsky.feed.post",
        "createdAt" : 1741143481119,
        "langs" : [ "en" ],
        "text" : "interested to see what happens when the social security checks stop flowing"
      },
      "replyCount" : 141,
      "repostCount" : 266,
      "likeCount" : 2424,
      "quoteCount" : 27,
      "indexedAt" : 1741143481324,
      "viewer" : { },
      "labels" : [ ]
    }
  }, {
    "post" : {
      "uri" : "at://did:plc:lu4xc2twcurj5f6nf4q2hwcv/app.bsky.feed.post/3ljlybcjn2c2i",
      "cid" : "bafyreiedujxra3fmtd2zklto52d7ougezb27lngqmrmc5jkpbquwonyhxe",
      "author" : {
        "did" : "did:plc:lu4xc2twcurj5f6nf4q2hwcv",
        "handle" : "marionicolais.bsky.social",
        "displayName" : "Mario Nicolais",
        "avatar" : "https://cdn.bsky.app/img/avatar/plain/did:plc:lu4xc2twcurj5f6nf4q2hwcv/bafkreiedbzfdvtivqzao2lappar2lq5uilozsupmanjnt4dzmvk4er5o7e@jpeg",
        "viewer" : {
          "muted" : false,
          "blockedBy" : false,
          "following" : "at://did:plc:pgdrqxzv4kxt7tr3sa6pd77y/app.bsky.graph.follow/3lbct7linwy2p"
        },
        "labels" : [ ],
        "createdAt" : 1731349565015
      },
      "record" : {
        "$type" : "app.bsky.feed.post",
        "createdAt" : 1741143478357,
        "embed" : {
          "$type" : "app.bsky.embed.external",
          "external" : {
            "uri" : "https://www.reuters.com/business/autos-transportation/automakers-warn-that-trump-tariffs-will-hike-some-vehicle-prices-by-much-25-2025-03-04/",
            "title" : "Automakers warn that Trump tariffs will hike vehicle prices as much as 25%",
            "description" : "A trade group representing nearly all major automakers warned on Tuesday that new 25% tariffs on imports from Canada and Mexico imposed by U.S. President Donald Trump will lead to drastic price hikes.",
            "thumb" : {
              "$type" : "blob",
              "ref" : {
                "$link" : "bafkreiah3lgjtc3sw2sojb4xhqw5pazkypo3b3owzkxkfoovstcfqo36hq"
              },
              "mimeType" : "image/jpeg",
              "size" : 579170
            }
          }
        },
        "facets" : [ {
          "index" : {
            "byteStart" : 51,
            "byteEnd" : 82
          },
          "features" : [ {
            "$type" : "app.bsky.richtext.facet#link",
            "uri" : "https://www.reuters.com/business/autos-transportation/automakers-warn-that-trump-tariffs-will-hike-some-vehicle-prices-by-much-25-2025-03-04/"
          } ]
        } ],
        "langs" : [ "en" ],
        "text" : "Ford CEO literally called the tariffs “crazy“\n\nwww.reuters.com/business/aut..."
      },
      "embed" : {
        "$type" : "app.bsky.embed.external#view",
        "external" : {
          "uri" : "https://www.reuters.com/business/autos-transportation/automakers-warn-that-trump-tariffs-will-hike-some-vehicle-prices-by-much-25-2025-03-04/",
          "title" : "Automakers warn that Trump tariffs will hike vehicle prices as much as 25%",
          "description" : "A trade group representing nearly all major automakers warned on Tuesday that new 25% tariffs on imports from Canada and Mexico imposed by U.S. President Donald Trump will lead to drastic price hikes.",
          "thumb" : "https://cdn.bsky.app/img/feed_thumbnail/plain/did:plc:lu4xc2twcurj5f6nf4q2hwcv/bafkreiah3lgjtc3sw2sojb4xhqw5pazkypo3b3owzkxkfoovstcfqo36hq@jpeg"
        }
      },
      "replyCount" : 0,
      "repostCount" : 2,
      "likeCount" : 25,
      "quoteCount" : 1,
      "indexedAt" : 1741143480036,
      "viewer" : { },
      "labels" : [ ]
    }
  }, {
    "post" : {
      "uri" : "at://did:plc:36eqtmzysqf7wsslczw4uxcd/app.bsky.feed.post/3ljlxkbboo222",
      "cid" : "bafyreigp3cw6ct3ewlev6nrwsaudikuuoxsws547ggicqslawh6btcdoru",
      "author" : {
        "did" : "did:plc:36eqtmzysqf7wsslczw4uxcd",
        "handle" : "chrisgeidner.bsky.social",
        "displayName" : "Chris Geidner",
        "avatar" : "https://cdn.bsky.app/img/avatar/plain/did:plc:36eqtmzysqf7wsslczw4uxcd/bafkreiadmucemptkq6rlwfc7lyckgwd4v5cicctpxpgemiqc44myjslehi@jpeg",
        "associated" : {
          "chat" : {
            "allowIncoming" : "all"
          }
        },
        "viewer" : {
          "muted" : false,
          "blockedBy" : false
        },
        "labels" : [ ],
        "createdAt" : 1682841539068
      },
      "record" : {
        "$type" : "app.bsky.feed.post",
        "createdAt" : 1741142705296,
        "facets" : [ {
          "index" : {
            "byteStart" : 57,
            "byteEnd" : 79
          },
          "features" : [ {
            "$type" : "app.bsky.richtext.facet#mention",
            "did" : "did:plc:t4x2ruk2qmob2b2cx55h4v7r"
          } ]
        } ],
        "langs" : [ "en" ],
        "text" : "DOGE \"is headed by Elon Musk,\" Donald Trump says. \n\nCc: \n@annabower.bsky.social \nFederal judges in DC, Maryland, and Virginia\nYaakov Roth"
      },
      "replyCount" : 41,
      "repostCount" : 719,
      "likeCount" : 3393,
      "quoteCount" : 26,
      "indexedAt" : 1741142706031,
      "viewer" : { },
      "labels" : [ ]
    },
    "reason" : {
      "by" : {
        "did" : "did:plc:e62gb2ushvtvjvqcbrxeaw2n",
        "handle" : "chrislhayes.bsky.social",
        "displayName" : "Chris Hayes",
        "avatar" : "https://cdn.bsky.app/img/avatar/plain/did:plc:e62gb2ushvtvjvqcbrxeaw2n/bafkreignbhxunrcvqpwkgd6jshgjenc4at6rtbvfnwsyy5g32kq56cyfaq@jpeg",
        "createdAt" : 1682745657120,
        "associated" : {
          "chat" : {
            "allowIncoming" : "following"
          }
        },
        "viewer" : {
          "muted" : false,
          "blockedBy" : false,
          "following" : "at://did:plc:pgdrqxzv4kxt7tr3sa6pd77y/app.bsky.graph.follow/3kebis3tsis2x"
        },
        "labels" : [ ]
      },
      "indexedAt" : 1741161454828
    }
  }, {
    "post" : {
      "uri" : "at://did:plc:euynv325eix7glyek377orak/app.bsky.feed.post/3ljlxrh7pp22q",
      "cid" : "bafyreifir5u2del5m6k6o4v6djtfisacbpzalzf5i6rt2byny5nir6pnrq",
      "author" : {
        "did" : "did:plc:euynv325eix7glyek377orak",
        "handle" : "kyledcheney.bsky.social",
        "displayName" : "Kyle Cheney",
        "avatar" : "https://cdn.bsky.app/img/avatar/plain/did:plc:euynv325eix7glyek377orak/bafkreihzqexn7bkgcqqtgr6252nyaii6lkqedlshqvkbbrzhdzche5z7ci@jpeg",
        "viewer" : {
          "muted" : false,
          "blockedBy" : false
        },
        "labels" : [ ],
        "createdAt" : 1688510219246
      },
      "record" : {
        "$type" : "app.bsky.feed.post",
        "createdAt" : 1741142946352,
        "embed" : {
          "$type" : "app.bsky.embed.images",
          "images" : [ {
            "alt" : "",
            "image" : {
              "$type" : "blob",
              "ref" : {
                "$link" : "bafkreibsuouh5nm5fdaonnuuabmjsagh37sy4jjqrah6pjichgxu5kb56i"
              },
              "mimeType" : "image/png",
              "size" : 468332
            },
            "aspectRatio" : {
              "width" : 840,
              "height" : 740
            }
          } ]
        },
        "facets" : [ {
          "index" : {
            "byteStart" : 77,
            "byteEnd" : 98
          },
          "features" : [ {
            "$type" : "app.bsky.richtext.facet#link",
            "uri" : "https://x.com/AnnaBower/status/1895621347541467246"
          } ]
        } ],
        "langs" : [ "en" ],
        "text" : "This happened in court 4 days ago. DOJ said Musk was NOT the head of DOGE. \n\nx.com/AnnaBower/st..."
      },
      "embed" : {
        "$type" : "app.bsky.embed.images#view",
        "images" : [ {
          "thumb" : "https://cdn.bsky.app/img/feed_thumbnail/plain/did:plc:euynv325eix7glyek377orak/bafkreibsuouh5nm5fdaonnuuabmjsagh37sy4jjqrah6pjichgxu5kb56i@jpeg",
          "fullsize" : "https://cdn.bsky.app/img/feed_fullsize/plain/did:plc:euynv325eix7glyek377orak/bafkreibsuouh5nm5fdaonnuuabmjsagh37sy4jjqrah6pjichgxu5kb56i@jpeg",
          "alt" : "",
          "aspectRatio" : {
            "width" : 840,
            "height" : 740
          }
        } ]
      },
      "replyCount" : 17,
      "repostCount" : 165,
      "likeCount" : 875,
      "quoteCount" : 10,
      "indexedAt" : 1741142946823,
      "viewer" : { },
      "labels" : [ ]
    },
    "reply" : {
      "root" : { }
    },
    "reason" : {
      "by" : {
        "did" : "did:plc:e62gb2ushvtvjvqcbrxeaw2n",
        "handle" : "chrislhayes.bsky.social",
        "displayName" : "Chris Hayes",
        "avatar" : "https://cdn.bsky.app/img/avatar/plain/did:plc:e62gb2ushvtvjvqcbrxeaw2n/bafkreignbhxunrcvqpwkgd6jshgjenc4at6rtbvfnwsyy5g32kq56cyfaq@jpeg",
        "createdAt" : 1682745657120,
        "associated" : {
          "chat" : {
            "allowIncoming" : "following"
          }
        },
        "viewer" : {
          "muted" : false,
          "blockedBy" : false,
          "following" : "at://did:plc:pgdrqxzv4kxt7tr3sa6pd77y/app.bsky.graph.follow/3kebis3tsis2x"
        },
        "labels" : [ ]
      },
      "indexedAt" : 1741161453053
    }
  }, {
    "post" : {
      "uri" : "at://did:plc:vc7f4oafdgxsihk4cry2xpze/app.bsky.feed.post/3ljlyah7ld226",
      "cid" : "bafyreihatlabulok4vzwdy2qbyksaonamecvaa2imukid3hn6466livaty",
      "author" : {
        "did" : "did:plc:vc7f4oafdgxsihk4cry2xpze",
        "handle" : "jcsalterego.bsky.social",
        "displayName" : "Jerry Chen",
        "avatar" : "https://cdn.bsky.app/img/avatar/plain/did:plc:vc7f4oafdgxsihk4cry2xpze/bafkreicwxwecqiko2rwwln5y3fqqb2zx6wfg5rxf5r7lukakkq2slqy5hy@jpeg",
        "associated" : {
          "chat" : {
            "allowIncoming" : "following"
          }
        },
        "viewer" : {
          "muted" : false,
          "blockedBy" : false,
          "following" : "at://did:plc:pgdrqxzv4kxt7tr3sa6pd77y/app.bsky.graph.follow/3kdztpolhap2n"
        },
        "labels" : [ {
          "src" : "did:plc:vc7f4oafdgxsihk4cry2xpze",
          "uri" : "at://did:plc:vc7f4oafdgxsihk4cry2xpze/app.bsky.actor.profile/self",
          "cid" : "bafyreidfiuv3c22vliyu2onazf23zrp35rr7i3upsqa2dsn5cqimmlgugm",
          "val" : "!no-unauthenticated",
          "cts" : 18000000
        } ],
        "createdAt" : 1682280664375
      },
      "record" : {
        "$type" : "app.bsky.feed.post",
        "createdAt" : 1741143449717,
        "langs" : [ "en" ],
        "text" : "it was a good run."
      },
      "replyCount" : 1,
      "repostCount" : 0,
      "likeCount" : 3,
      "quoteCount" : 0,
      "indexedAt" : 1741143450022,
      "viewer" : { },
      "labels" : [ ]
    },
    "reply" : {
      "root" : { }
    }
  }, {
    "post" : {
      "uri" : "at://did:plc:lfgjxeg7f7w6ryjfbomhcbsi/app.bsky.feed.post/3ljly7yukts25",
      "cid" : "bafyreif576cybb5bb2jkkgxzusxjdy5ui3j77cfe5654n6jnz4sar3ivzi",
      "author" : {
        "did" : "did:plc:lfgjxeg7f7w6ryjfbomhcbsi",
        "handle" : "mikenellis.bsky.social",
        "displayName" : "Mike Nellis",
        "avatar" : "https://cdn.bsky.app/img/avatar/plain/did:plc:lfgjxeg7f7w6ryjfbomhcbsi/bafkreiecf5wsoxo3gos7qy5b2pmy7qx3meyxvkoxo2ltninvsizsfl2m5e@jpeg",
        "viewer" : {
          "muted" : false,
          "blockedBy" : false,
          "following" : "at://did:plc:pgdrqxzv4kxt7tr3sa6pd77y/app.bsky.graph.follow/3ldkjvrgufl2f",
          "followedBy" : "at://did:plc:lfgjxeg7f7w6ryjfbomhcbsi/app.bsky.graph.follow/3lcwjzehmmt26"
        },
        "labels" : [ ],
        "createdAt" : 1731169867521
      },
      "record" : {
        "$type" : "app.bsky.feed.post",
        "createdAt" : 1741143434676,
        "langs" : [ "en" ],
        "text" : "Making car payments tax deductible if the car is made in American is actually a good idea. But the auto industry is going to get killed by Trump's idiotic tariffs—car prices are going to skyrocket."
      },
      "replyCount" : 17,
      "repostCount" : 6,
      "likeCount" : 87,
      "quoteCount" : 0,
      "indexedAt" : 1741143435018,
      "viewer" : { },
      "labels" : [ ]
    }
  }, {
    "post" : {
      "uri" : "at://did:plc:p7gxyfr5vii5ntpwo7f6dhe2/app.bsky.feed.post/3ljly7b3xy22z",
      "cid" : "bafyreib25o7o4aev55eombwv6htwpcaqtgtjx3ngk7kjyy3slr7hhbzzge",
      "author" : {
        "did" : "did:plc:p7gxyfr5vii5ntpwo7f6dhe2",
        "handle" : "aoc.bsky.social",
        "displayName" : "Alexandria Ocasio-Cortez",
        "avatar" : "https://cdn.bsky.app/img/avatar/plain/did:plc:p7gxyfr5vii5ntpwo7f6dhe2/bafkreia7pjciqmezep36yotfgas23eie47sy5ymcorzd7exejlxtiox6by@jpeg",
        "viewer" : {
          "muted" : false,
          "blockedBy" : false,
          "following" : "at://did:plc:pgdrqxzv4kxt7tr3sa6pd77y/app.bsky.graph.follow/3ke4d6dqnvt2b"
        },
        "labels" : [ ],
        "createdAt" : 1682624374920
      },
      "record" : {
        "$type" : "app.bsky.feed.post",
        "createdAt" : 1741143409752,
        "langs" : [ "en" ],
        "text" : "Trump backed GOP into a big corner with his “balanced budget” point.\n\nThe ONLY way House GOP could even think about upholding their “no cuts to Medicaid” swing seat promises and their spending cut mandates is deficit spending and bad math.\n\nNow they have to gut Medicaid & hand it to Elon in public."
      },
      "replyCount" : 368,
      "repostCount" : 995,
      "likeCount" : 7486,
      "quoteCount" : 24,
      "indexedAt" : 1741143410033,
      "viewer" : { },
      "labels" : [ ]
    }
  }, {
    "post" : {
      "uri" : "at://did:plc:iu4j537hox5huj4bwnwgub4z/app.bsky.feed.post/3ljly76b3ak2t",
      "cid" : "bafyreicxs2odlpjurdcohhtabgdngyonxag3r3pqjtif5pmedxaoidkbqq",
      "author" : {
        "did" : "did:plc:iu4j537hox5huj4bwnwgub4z",
        "handle" : "acyn.bsky.social",
        "displayName" : "Acyn",
        "avatar" : "https://cdn.bsky.app/img/avatar/plain/did:plc:iu4j537hox5huj4bwnwgub4z/bafkreiejey5fptauulotqljyt3zneppll5o24f4xu3t7khx2dqqpmhmwxi@jpeg",
        "associated" : {
          "chat" : {
            "allowIncoming" : "following"
          }
        },
        "viewer" : {
          "muted" : false,
          "blockedBy" : false,
          "following" : "at://did:plc:pgdrqxzv4kxt7tr3sa6pd77y/app.bsky.graph.follow/3lavzqesau22r"
        },
        "labels" : [ ],
        "createdAt" : 1682647165569
      },
      "record" : {
        "$type" : "app.bsky.feed.post",
        "createdAt" : 1741143406576,
        "embed" : {
          "$type" : "app.bsky.embed.video",
          "alt" : "",
          "aspectRatio" : {
            "width" : 1280,
            "height" : 720
          },
          "captions" : [ {
            "$type" : "app.bsky.embed.video#caption",
            "file" : {
              "$type" : "blob",
              "ref" : {
                "$link" : "bafkreib3vneq27fnuz7kmtmek5fzkled5a6uu3b2td2ybspcnzvoazzp7u"
              },
              "mimeType" : "text/vtt",
              "size" : 289
            },
            "lang" : "en"
          } ],
          "video" : {
            "$type" : "blob",
            "ref" : {
              "$link" : "bafkreiclzds4x2iwzzodxsrlwjiv5edub4k6s7jj4bs6rde3au3p5j7uf4"
            },
            "mimeType" : "video/mp4",
            "size" : 3037937
          }
        },
        "facets" : [ ],
        "langs" : [ "en" ],
        "text" : "Laughter breaks out after Trump says: The days of rule by unelected bureaucrats are over."
      },
      "embed" : {
        "$type" : "app.bsky.embed.video#view",
        "alt" : "",
        "aspectRatio" : {
          "width" : 1280,
          "height" : 720
        },
        "cid" : "bafkreiclzds4x2iwzzodxsrlwjiv5edub4k6s7jj4bs6rde3au3p5j7uf4",
        "playlist" : "https://video.bsky.app/watch/did%3Aplc%3Aiu4j537hox5huj4bwnwgub4z/bafkreiclzds4x2iwzzodxsrlwjiv5edub4k6s7jj4bs6rde3au3p5j7uf4/playlist.m3u8",
        "thumbnail" : "https://video.bsky.app/watch/did%3Aplc%3Aiu4j537hox5huj4bwnwgub4z/bafkreiclzds4x2iwzzodxsrlwjiv5edub4k6s7jj4bs6rde3au3p5j7uf4/thumbnail.jpg"
      },
      "replyCount" : 63,
      "repostCount" : 159,
      "likeCount" : 1069,
      "quoteCount" : 29,
      "indexedAt" : 1741143407920,
      "viewer" : { },
      "labels" : [ ]
    }
  } ]
}
]]></system-out>
  <system-err><![CDATA[]]></system-err>
</testsuite>
