<?xml version="1.0" encoding="UTF-8"?>
<testsuite name="api.rest.app.bsky.feed.model.ActorLikesTest" tests="1" skipped="0" failures="0" errors="0" timestamp="2025-03-04T02:18:37" hostname="viktor-vaughn" time="0.197">
  <properties/>
  <testcase name="testActorLikesUnmarshalling1()" classname="api.rest.app.bsky.feed.model.ActorLikesTest" time="0.197"/>
  <system-out><![CDATA[{
  "ActorLikes" : {
    "cursor" : "3lhey6spugp2v",
    "feed" : [ {
      "post" : {
        "uri" : "at://did:plc:aayuwc3swhguj37ibrmratw2/app.bsky.feed.post/3liscoii2e742",
        "cid" : "bafyreidy43k2v2y7enr4unukqsqct423lkvvmcwbm65tl5oy7nt2z6kjoa",
        "author" : {
          "did" : "did:plc:aayuwc3swhguj37ibrmratw2",
          "handle" : "samsethi.podcastindex.social.ap.brid.gy",
          "displayName" : "Sam Sethi :pc2red: ⁂",
          "avatar" : "https://cdn.bsky.app/img/avatar/plain/did:plc:aayuwc3swhguj37ibrmratw2/bafkreid5ovalce47knmej56aomzknyrfwejjgxb7fmcjqwcxvy3azwctza@jpeg",
          "associated" : {
            "chat" : {
              "allowIncoming" : "none"
            }
          },
          "viewer" : {
            "muted" : false,
            "blockedBy" : false
          },
          "labels" : [ {
            "src" : "did:plc:aayuwc3swhguj37ibrmratw2",
            "uri" : "at://did:plc:aayuwc3swhguj37ibrmratw2/app.bsky.actor.profile/self",
            "cid" : "bafyreig7b4uqkdaoytu5jxny7gcg5zbmfy5yoacx2e22d2tn5kp2pu5hmu",
            "val" : "bridged-from-bridgy-fed-activitypub",
            "cts" : 18000000
          } ],
          "createdAt" : 1739478362213
        },
        "record" : {
          "$type" : "app.bsky.feed.post",
          "createdAt" : 1740261298000,
          "embed" : {
            "$type" : "app.bsky.embed.images",
            "alt" : null,
            "image" : null,
            "aspectRatio" : null
          },
          "langs" : [ "en" ],
          "text" : "Wow Queen Elonia Musk is a greedy fucker. World's richest man and he still wants to charge for his API.\n\nThankfully Bluesky, Mastodon/AP and Linkedin don't charge for access to their API's."
        },
        "embed" : {
          "$type" : "app.bsky.embed.images#view",
          "thumb" : null,
          "fullsize" : null,
          "alt" : null,
          "aspectRatio" : null
        },
        "replyCount" : 1,
        "repostCount" : 0,
        "likeCount" : 2,
        "quoteCount" : 0,
        "indexedAt" : 1740261315217,
        "viewer" : { },
        "labels" : [ ]
      }
    }, {
      "post" : {
        "uri" : "at://did:plc:y5xyloyy7s4a2bwfeimj7r3b/app.bsky.feed.post/3liu3ofe7ac26",
        "cid" : "bafyreie4yd5iwwv5r4fhgozrnt7txkak22ajq6gifv6u3jwa564g3smgdq",
        "author" : {
          "did" : "did:plc:y5xyloyy7s4a2bwfeimj7r3b",
          "handle" : "mcuban.bsky.social",
          "displayName" : "Mark Cuban",
          "avatar" : "https://cdn.bsky.app/img/avatar/plain/did:plc:y5xyloyy7s4a2bwfeimj7r3b/bafkreihxddlkbnblytjdbajg5qopawdfcabg5e7ppwja6zmm3lvnedzojm@jpeg",
          "viewer" : {
            "muted" : false,
            "blockedBy" : false,
            "following" : "at://did:plc:pgdrqxzv4kxt7tr3sa6pd77y/app.bsky.graph.follow/3kebioim7l22d"
          },
          "labels" : [ ],
          "createdAt" : 1683008299464
        },
        "record" : {
          "$type" : "app.bsky.feed.post",
          "createdAt" : 1740322505034,
          "embed" : {
            "$type" : "app.bsky.embed.external",
            "uri" : null,
            "title" : null,
            "description" : null,
            "thumb" : null
          },
          "facets" : [ {
            "index" : {
              "byteStart" : 262,
              "byteEnd" : 288
            },
            "features" : [ {
              "$type" : "app.bsky.richtext.facet#link",
              "uri" : "https://apnews.com/article/trump-revokes-ethics-rules-drain-swamp-b8e3ba0f98c9c60af11a8e70cbc902bd"
            } ]
          } ],
          "langs" : [ "en" ],
          "text" : "Dear Dems.  This is a reminder that Donald Trump rescinded the ethics rules preventing gifts to executive branch employees.  \n\nNow would be a good time to propose legislation formalizing the prevention into a law\n\nTime to do things that make him react to you.  \napnews.com/article/trum..."
        },
        "embed" : {
          "$type" : "app.bsky.embed.external#view",
          "uri" : null,
          "title" : null,
          "description" : null,
          "thumb" : null
        },
        "replyCount" : 1862,
        "repostCount" : 11856,
        "likeCount" : 44491,
        "quoteCount" : 707,
        "indexedAt" : 1740322507121,
        "viewer" : { },
        "labels" : [ ]
      }
    }, {
      "post" : {
        "uri" : "at://did:plc:ohemuauboiqmbgzhfshy6kha/app.bsky.feed.post/3liughedaj226",
        "cid" : "bafyreidclhqv3jr2hgqwy3kcaa5vpm2qg5qiotdz4ce672g3m5dkuv64ma",
        "author" : {
          "did" : "did:plc:ohemuauboiqmbgzhfshy6kha",
          "handle" : "christufarr.bsky.social",
          "displayName" : "ChrisBJC",
          "avatar" : "https://cdn.bsky.app/img/avatar/plain/did:plc:ohemuauboiqmbgzhfshy6kha/bafkreieaddnv7avgpu7i6tll65iwdyspk7gyse6j2j4kasyi72pikcw32m@jpeg",
          "associated" : {
            "chat" : {
              "allowIncoming" : "none"
            }
          },
          "viewer" : {
            "muted" : false,
            "blockedBy" : false
          },
          "labels" : [ ],
          "createdAt" : 1731358694342
        },
        "record" : {
          "$type" : "app.bsky.feed.post",
          "createdAt" : 1740334080236,
          "langs" : [ "en" ],
          "text" : "A toilet paper product of this would sell out"
        },
        "replyCount" : 0,
        "repostCount" : 0,
        "likeCount" : 1,
        "quoteCount" : 0,
        "indexedAt" : 1740334080516,
        "viewer" : { },
        "labels" : [ ]
      },
      "reply" : {
        "root" : {
          "uri" : "at://did:plc:a6jj5lsu5vlgp23dxcmvg3ka/app.bsky.feed.post/3lirxir2eis2k",
          "cid" : "bafyreiecykbegafv4uyylu6wvwskvxuvoihx24jnnmz6tcwhzjuvzlzdlu",
          "author" : {
            "did" : "did:plc:a6jj5lsu5vlgp23dxcmvg3ka",
            "handle" : "torontojoel.bsky.social",
            "displayName" : "Tor Ont ]]>&#x1f31f;<![CDATA[ ١٥٧٤]]>&#x1d634;<![CDATA[ XRP &  XLM ]]>&#x1f31f;<![CDATA[",
            "avatar" : "https://cdn.bsky.app/img/avatar/plain/did:plc:a6jj5lsu5vlgp23dxcmvg3ka/bafkreig4ww66z375clwbqnze63xqeci7dsjqgt577byginelffaquozw2a@jpeg",
            "associated" : {
              "chat" : {
                "allowIncoming" : "all"
              }
            },
            "viewer" : {
              "muted" : false,
              "blockedBy" : false
            },
            "labels" : [ ],
            "createdAt" : 1731541492712
          },
          "record" : {
            "$type" : "app.bsky.feed.post",
            "createdAt" : 1740249301527,
            "embed" : {
              "$type" : "app.bsky.embed.images",
              "alt" : null,
              "image" : null,
              "aspectRatio" : null
            },
            "langs" : [ "en" ],
            "text" : "Who's up for some flag burnin'?"
          },
          "embed" : {
            "$type" : "app.bsky.embed.images#view",
            "thumb" : null,
            "fullsize" : null,
            "alt" : null,
            "aspectRatio" : null
          },
          "replyCount" : 12,
          "repostCount" : 91,
          "likeCount" : 356,
          "quoteCount" : 1,
          "indexedAt" : 1740249302520,
          "viewer" : { },
          "labels" : [ ]
        },
        "parent" : {
          "uri" : "at://did:plc:a6jj5lsu5vlgp23dxcmvg3ka/app.bsky.feed.post/3lirxir2eis2k",
          "cid" : "bafyreiecykbegafv4uyylu6wvwskvxuvoihx24jnnmz6tcwhzjuvzlzdlu",
          "author" : {
            "did" : "did:plc:a6jj5lsu5vlgp23dxcmvg3ka",
            "handle" : "torontojoel.bsky.social",
            "displayName" : "Tor Ont ]]>&#x1f31f;<![CDATA[ ١٥٧٤]]>&#x1d634;<![CDATA[ XRP &  XLM ]]>&#x1f31f;<![CDATA[",
            "avatar" : "https://cdn.bsky.app/img/avatar/plain/did:plc:a6jj5lsu5vlgp23dxcmvg3ka/bafkreig4ww66z375clwbqnze63xqeci7dsjqgt577byginelffaquozw2a@jpeg",
            "associated" : {
              "chat" : {
                "allowIncoming" : "all"
              }
            },
            "viewer" : {
              "muted" : false,
              "blockedBy" : false
            },
            "labels" : [ ],
            "createdAt" : 1731541492712
          },
          "record" : {
            "$type" : "app.bsky.feed.post",
            "createdAt" : 1740249301527,
            "embed" : {
              "$type" : "app.bsky.embed.images",
              "alt" : null,
              "image" : null,
              "aspectRatio" : null
            },
            "langs" : [ "en" ],
            "text" : "Who's up for some flag burnin'?"
          },
          "embed" : {
            "$type" : "app.bsky.embed.images#view",
            "thumb" : null,
            "fullsize" : null,
            "alt" : null,
            "aspectRatio" : null
          },
          "replyCount" : 12,
          "repostCount" : 91,
          "likeCount" : 356,
          "quoteCount" : 1,
          "indexedAt" : 1740249302520,
          "viewer" : { },
          "labels" : [ ]
        }
      }
    }, {
      "post" : {
        "uri" : "at://did:plc:utjqvn5pubcwk3o5ajeozcbt/app.bsky.feed.post/3lirycloahk25",
        "cid" : "bafyreihrjjoribe66grg2b4eqrt3637nputjsgecbw4v3kdhh7sehqr434",
        "author" : {
          "did" : "did:plc:utjqvn5pubcwk3o5ajeozcbt",
          "handle" : "valueaddedmomma.bsky.social",
          "displayName" : "Judy Marsh]]>&#x1f1e8;<![CDATA[]]>&#x1f1e6;<![CDATA[",
          "avatar" : "https://cdn.bsky.app/img/avatar/plain/did:plc:utjqvn5pubcwk3o5ajeozcbt/bafkreicyg4cijg7eoi7hlef6awm2rvj4p6r6if7omtfhhuoysrx7awsdaq@jpeg",
          "associated" : {
            "chat" : {
              "allowIncoming" : "all"
            }
          },
          "viewer" : {
            "muted" : false,
            "blockedBy" : false
          },
          "labels" : [ {
            "src" : "did:plc:utjqvn5pubcwk3o5ajeozcbt",
            "uri" : "at://did:plc:utjqvn5pubcwk3o5ajeozcbt/app.bsky.actor.profile/self",
            "cid" : "bafyreigrhfx43jo42fkexv37443s7vnewznong3rep3dnpo4uow7n6sy2q",
            "val" : "!no-unauthenticated",
            "cts" : 1729539005806
          } ],
          "createdAt" : 1729524607344
        },
        "record" : {
          "$type" : "app.bsky.feed.post",
          "createdAt" : 1740250168302,
          "embed" : {
            "$type" : "app.bsky.embed.external",
            "uri" : null,
            "title" : null,
            "description" : null,
            "thumb" : null
          },
          "facets" : [ {
            "index" : {
              "byteStart" : 0,
              "byteEnd" : 27
            },
            "features" : [ {
              "$type" : "app.bsky.richtext.facet#link",
              "uri" : "https://www.good.is/nba-legend-michael-jordan-opens-up-fourth-north-carolina-health-clinic-for-the-uninsured?utm_source=join1440&utm_medium=email&utm_placement=newsletter&user_id=66c4c490600ae1507598089b"
            } ]
          } ],
          "langs" : [ "en" ],
          "text" : "www.good.is/nba-legend-m..."
        },
        "embed" : {
          "$type" : "app.bsky.embed.external#view",
          "uri" : null,
          "title" : null,
          "description" : null,
          "thumb" : null
        },
        "replyCount" : 6,
        "repostCount" : 89,
        "likeCount" : 314,
        "quoteCount" : 4,
        "indexedAt" : 1740250169325,
        "viewer" : { },
        "labels" : [ ]
      }
    }, {
      "post" : {
        "uri" : "at://did:plc:y5xyloyy7s4a2bwfeimj7r3b/app.bsky.feed.post/3liu5pqagpk26",
        "cid" : "bafyreihn5q7eqdcw6o5uqreyvgfuwcdv675eapryvno57vpw3wd6d52cxu",
        "author" : {
          "did" : "did:plc:y5xyloyy7s4a2bwfeimj7r3b",
          "handle" : "mcuban.bsky.social",
          "displayName" : "Mark Cuban",
          "avatar" : "https://cdn.bsky.app/img/avatar/plain/did:plc:y5xyloyy7s4a2bwfeimj7r3b/bafkreihxddlkbnblytjdbajg5qopawdfcabg5e7ppwja6zmm3lvnedzojm@jpeg",
          "viewer" : {
            "muted" : false,
            "blockedBy" : false,
            "following" : "at://did:plc:pgdrqxzv4kxt7tr3sa6pd77y/app.bsky.graph.follow/3kebioim7l22d"
          },
          "labels" : [ ],
          "createdAt" : 1683008299464
        },
        "record" : {
          "$type" : "app.bsky.feed.post",
          "createdAt" : 1740324697485,
          "facets" : [ {
            "index" : {
              "byteStart" : 0,
              "byteEnd" : 26
            },
            "features" : [ {
              "$type" : "app.bsky.richtext.facet#mention",
              "did" : "did:plc:y77n77kdqzhbg647blkfypyr"
            } ]
          } ],
          "langs" : [ "en" ],
          "text" : "@chrismurphyct.bsky.social why are you not posting on here first ? You have some great things to say. You are trying some great things. Yet you post on X where 100pct of the replies are meaningless and hateful. \n\nIt's not all roses here, but the engagement has depth and real convos happen"
        },
        "replyCount" : 980,
        "repostCount" : 3906,
        "likeCount" : 27650,
        "quoteCount" : 210,
        "indexedAt" : 1740324698121,
        "viewer" : { },
        "labels" : [ ]
      }
    }, {
      "post" : {
        "uri" : "at://did:plc:kvdudx2wzj63v62wgydziz2t/app.bsky.feed.post/3lirnqob2uk2w",
        "cid" : "bafyreibqz2xjtho6qit4dmkeux5bkk3gluluu75ndgeottbxejbuazrwua",
        "author" : {
          "did" : "did:plc:kvdudx2wzj63v62wgydziz2t",
          "handle" : "free2b.bsky.social",
          "displayName" : "Donna C",
          "avatar" : "https://cdn.bsky.app/img/avatar/plain/did:plc:kvdudx2wzj63v62wgydziz2t/bafkreihc6c2aaahc2w7jwno2eqht2hiafpgkjytopgmntds5lt6amvozle@jpeg",
          "associated" : {
            "chat" : {
              "allowIncoming" : "following"
            }
          },
          "viewer" : {
            "muted" : false,
            "blockedBy" : false
          },
          "labels" : [ ],
          "createdAt" : 1731041924621
        },
        "record" : {
          "$type" : "app.bsky.feed.post",
          "createdAt" : 1740238829617,
          "langs" : [ "en" ],
          "text" : "Oof! That hurts.\nThe world's democracies are lining up behind Zelenskyy and Ukraine, which they should, and against the US, which they should, so long as a Putin-loving fascist inhabits the White House and abandons an ally."
        },
        "replyCount" : 1,
        "repostCount" : 1,
        "likeCount" : 10,
        "quoteCount" : 0,
        "indexedAt" : 1740238829320,
        "viewer" : { },
        "labels" : [ ]
      },
      "reply" : {
        "root" : {
          "uri" : "at://did:plc:yngtevhy5oex4xqhd2c7fsqs/app.bsky.feed.post/3liplbwh6gk2u",
          "cid" : "bafyreigbjaya3vktk6m67zfbapu62oliatejp2vmgemik7pnnoad4wqnfa",
          "author" : {
            "did" : "did:plc:yngtevhy5oex4xqhd2c7fsqs",
            "handle" : "germanusa.bsky.social",
            "displayName" : "]]>&#x1f98b;<![CDATA[German_USA - ]]>&#x1f308;<![CDATA[ ally ]]>&#x1f308;<![CDATA[ woke]]>&#x1f499;<![CDATA[]]>&#x1f98b;<![CDATA[]]>&#x1f1ec;<![CDATA[]]>&#x1f1f1;<![CDATA[ ]]>&#x1f1e8;<![CDATA[]]>&#x1f1e6;<![CDATA[ ]]>&#x1f1f2;<![CDATA[]]>&#x1f1fd;<![CDATA[ ]]>&#x1f1f5;<![CDATA[]]>&#x1f1e6;<![CDATA[ ]]>&#x1f1e9;<![CDATA[]]>&#x1f1ea;<![CDATA[]]>&#x1f1ea;<![CDATA[]]>&#x1f1fa;<![CDATA[",
            "avatar" : "https://cdn.bsky.app/img/avatar/plain/did:plc:yngtevhy5oex4xqhd2c7fsqs/bafkreifgyus5wx6dnccygbcztpohhukxduwunladtu7uehod3ruqvsxm7y@jpeg",
            "associated" : {
              "chat" : {
                "allowIncoming" : "none"
              }
            },
            "viewer" : {
              "muted" : false,
              "blockedBy" : false
            },
            "labels" : [ ],
            "createdAt" : 1731445226645
          },
          "record" : {
            "$type" : "app.bsky.feed.post",
            "createdAt" : 1740167467927,
            "embed" : {
              "$type" : "app.bsky.embed.images",
              "alt" : null,
              "image" : null,
              "aspectRatio" : null
            },
            "langs" : [ "en" ],
            "text" : "German \"Der Spiegel \" cover:\nBETRAYED \nFirst Zelensky, soon us? the radical departure of the USA from its allies."
          },
          "embed" : {
            "$type" : "app.bsky.embed.images#view",
            "thumb" : null,
            "fullsize" : null,
            "alt" : null,
            "aspectRatio" : null
          },
          "replyCount" : 12,
          "repostCount" : 155,
          "likeCount" : 406,
          "quoteCount" : 11,
          "indexedAt" : 1740167470418,
          "viewer" : { },
          "labels" : [ ]
        },
        "parent" : {
          "uri" : "at://did:plc:yngtevhy5oex4xqhd2c7fsqs/app.bsky.feed.post/3liplbwh6gk2u",
          "cid" : "bafyreigbjaya3vktk6m67zfbapu62oliatejp2vmgemik7pnnoad4wqnfa",
          "author" : {
            "did" : "did:plc:yngtevhy5oex4xqhd2c7fsqs",
            "handle" : "germanusa.bsky.social",
            "displayName" : "]]>&#x1f98b;<![CDATA[German_USA - ]]>&#x1f308;<![CDATA[ ally ]]>&#x1f308;<![CDATA[ woke]]>&#x1f499;<![CDATA[]]>&#x1f98b;<![CDATA[]]>&#x1f1ec;<![CDATA[]]>&#x1f1f1;<![CDATA[ ]]>&#x1f1e8;<![CDATA[]]>&#x1f1e6;<![CDATA[ ]]>&#x1f1f2;<![CDATA[]]>&#x1f1fd;<![CDATA[ ]]>&#x1f1f5;<![CDATA[]]>&#x1f1e6;<![CDATA[ ]]>&#x1f1e9;<![CDATA[]]>&#x1f1ea;<![CDATA[]]>&#x1f1ea;<![CDATA[]]>&#x1f1fa;<![CDATA[",
            "avatar" : "https://cdn.bsky.app/img/avatar/plain/did:plc:yngtevhy5oex4xqhd2c7fsqs/bafkreifgyus5wx6dnccygbcztpohhukxduwunladtu7uehod3ruqvsxm7y@jpeg",
            "associated" : {
              "chat" : {
                "allowIncoming" : "none"
              }
            },
            "viewer" : {
              "muted" : false,
              "blockedBy" : false
            },
            "labels" : [ ],
            "createdAt" : 1731445226645
          },
          "record" : {
            "$type" : "app.bsky.feed.post",
            "createdAt" : 1740167467927,
            "embed" : {
              "$type" : "app.bsky.embed.images",
              "alt" : null,
              "image" : null,
              "aspectRatio" : null
            },
            "langs" : [ "en" ],
            "text" : "German \"Der Spiegel \" cover:\nBETRAYED \nFirst Zelensky, soon us? the radical departure of the USA from its allies."
          },
          "embed" : {
            "$type" : "app.bsky.embed.images#view",
            "thumb" : null,
            "fullsize" : null,
            "alt" : null,
            "aspectRatio" : null
          },
          "replyCount" : 12,
          "repostCount" : 155,
          "likeCount" : 406,
          "quoteCount" : 11,
          "indexedAt" : 1740167470418,
          "viewer" : { },
          "labels" : [ ]
        }
      }
    }, {
      "post" : {
        "uri" : "at://did:plc:kcjtqq4blsjo7utiur54vw25/app.bsky.feed.post/3lipugkplcs22",
        "cid" : "bafyreigzr4amfz4xwbj3xnmx32pwy7q3jvkitmg3mucp3yqo65t4jvtv6a",
        "author" : {
          "did" : "did:plc:kcjtqq4blsjo7utiur54vw25",
          "handle" : "audioboomer.bsky.social",
          "displayName" : "Lee Kanne ",
          "avatar" : "https://cdn.bsky.app/img/avatar/plain/did:plc:kcjtqq4blsjo7utiur54vw25/bafkreic54gpbf5zmgsgkntp72bukhdb4cem4oezr7z3xummbspfqxzz7he@jpeg",
          "associated" : {
            "chat" : {
              "allowIncoming" : "following"
            }
          },
          "viewer" : {
            "muted" : false,
            "blockedBy" : false
          },
          "labels" : [ ],
          "createdAt" : 1718485659523
        },
        "record" : {
          "$type" : "app.bsky.feed.post",
          "createdAt" : 1740177287061,
          "embed" : {
            "$type" : "app.bsky.embed.images",
            "alt" : null,
            "image" : null,
            "aspectRatio" : null
          },
          "langs" : [ "en" ],
          "text" : "TrumpEnomics just did a number on the stock market"
        },
        "embed" : {
          "$type" : "app.bsky.embed.images#view",
          "thumb" : null,
          "fullsize" : null,
          "alt" : null,
          "aspectRatio" : null
        },
        "replyCount" : 11,
        "repostCount" : 37,
        "likeCount" : 162,
        "quoteCount" : 2,
        "indexedAt" : 1740177290718,
        "viewer" : { },
        "labels" : [ ]
      }
    }, {
      "post" : {
        "uri" : "at://did:plc:nvfposmpmhegtyvhbs75s3pw/app.bsky.feed.post/3lirlw2ckck2e",
        "cid" : "bafyreihfh74bf7d272plfn3bbijiqysqpml5xaxhkbhco34brymhds5j4m",
        "author" : {
          "did" : "did:plc:nvfposmpmhegtyvhbs75s3pw",
          "handle" : "jamellebouie.net",
          "displayName" : "jamelle",
          "avatar" : "https://cdn.bsky.app/img/avatar/plain/did:plc:nvfposmpmhegtyvhbs75s3pw/bafkreiefjdjiahsa4upn3zabt4bxjfculjcxsdrxzc75nqlylfx7xo2izy@jpeg",
          "associated" : {
            "chat" : {
              "allowIncoming" : "following"
            }
          },
          "viewer" : {
            "muted" : false,
            "blockedBy" : false,
            "following" : "at://did:plc:pgdrqxzv4kxt7tr3sa6pd77y/app.bsky.graph.follow/3lcooonjqtg2f"
          },
          "labels" : [ ],
          "createdAt" : 1682613106732
        },
        "record" : {
          "$type" : "app.bsky.feed.post",
          "createdAt" : 1740236862537,
          "embed" : {
            "$type" : "app.bsky.embed.record",
            "cid" : null,
            "uri" : null
          },
          "langs" : [ "en" ],
          "text" : "let me say that this is the classic “just asking questions” approach to delegitimizing the achievements of black people. and critically, you don’t even have to be a black person who talks about race. simply being black to these people means you are “obsessed with race.”"
        },
        "embed" : {
          "$type" : "app.bsky.embed.record#view",
          "author" : null,
          "cid" : null,
          "embeds" : null,
          "indexedAt" : null,
          "labels" : null,
          "likeCount" : null,
          "quoteCount" : null,
          "replyCount" : null,
          "repostCount" : null,
          "uri" : null,
          "value" : null
        },
        "replyCount" : 139,
        "repostCount" : 1711,
        "likeCount" : 8578,
        "quoteCount" : 43,
        "indexedAt" : 1740236862727,
        "viewer" : { },
        "labels" : [ ]
      }
    }, {
      "post" : {
        "uri" : "at://did:plc:y4zs4cabaezzwx3bz2e5nnj2/app.bsky.feed.post/3lik4qthxbs2v",
        "cid" : "bafyreigcui42xak7qlwy3e6wudgylclzlfml2spz7edhpu7xb4dwldi4cy",
        "author" : {
          "did" : "did:plc:y4zs4cabaezzwx3bz2e5nnj2",
          "handle" : "georgetakei.bsky.social",
          "displayName" : "George Takei",
          "avatar" : "https://cdn.bsky.app/img/avatar/plain/did:plc:y4zs4cabaezzwx3bz2e5nnj2/bafkreihyuljtklac6pgvt4kbndezofm23wswyhdqmh77bgedrxhuigwbh4@jpeg",
          "associated" : {
            "chat" : {
              "allowIncoming" : "following"
            }
          },
          "viewer" : {
            "muted" : false,
            "blockedBy" : false,
            "following" : "at://did:plc:pgdrqxzv4kxt7tr3sa6pd77y/app.bsky.graph.follow/3kebindmjnd2a"
          },
          "labels" : [ ],
          "createdAt" : 1682883903507
        },
        "record" : {
          "$type" : "app.bsky.feed.post",
          "createdAt" : 1739980063304,
          "embed" : {
            "$type" : "app.bsky.embed.images",
            "alt" : null,
            "image" : null,
            "aspectRatio" : null
          },
          "langs" : [ "en" ],
          "text" : "I’m George Takei and I approve of this message."
        },
        "embed" : {
          "$type" : "app.bsky.embed.images#view",
          "thumb" : null,
          "fullsize" : null,
          "alt" : null,
          "aspectRatio" : null
        },
        "replyCount" : 2369,
        "repostCount" : 30547,
        "likeCount" : 146079,
        "quoteCount" : 1545,
        "indexedAt" : 1739980065416,
        "viewer" : { },
        "labels" : [ ]
      }
    }, {
      "post" : {
        "uri" : "at://did:plc:654masw3zcz3dpiqmhpt43c7/app.bsky.feed.post/3lii6iikpzs2d",
        "cid" : "bafyreieftrrdyeynf3jlhwd6t4dyo7lqpwwrd6xhijsk5cb7b4plnob4gq",
        "author" : {
          "did" : "did:plc:654masw3zcz3dpiqmhpt43c7",
          "handle" : "kaosvscontrol.bsky.social",
          "displayName" : " ]]>&#x1f1fa;<![CDATA[]]>&#x1f1e6;<![CDATA[ Devin Nunes' Cattle Dog ]]>&#x1f1fa;<![CDATA[]]>&#x1f1e6;<![CDATA[",
          "avatar" : "https://cdn.bsky.app/img/avatar/plain/did:plc:654masw3zcz3dpiqmhpt43c7/bafkreid7hr6fywbgfkx7e2gbys422uc6nv5zh6x7lwyiao7viqmgdpkwmu@jpeg",
          "associated" : {
            "chat" : {
              "allowIncoming" : "none"
            }
          },
          "viewer" : {
            "muted" : false,
            "blockedBy" : false
          },
          "labels" : [ {
            "src" : "did:plc:654masw3zcz3dpiqmhpt43c7",
            "uri" : "at://did:plc:654masw3zcz3dpiqmhpt43c7/app.bsky.actor.profile/self",
            "cid" : "bafyreih736q3ysgah3xyfiybpzh7xtny2ijwditalyaylqp77sjoyfhqpq",
            "val" : "!no-unauthenticated",
            "cts" : 18000000
          } ],
          "createdAt" : 1691795640345
        },
        "record" : {
          "$type" : "app.bsky.feed.post",
          "createdAt" : 1739913211436,
          "embed" : {
            "$type" : "app.bsky.embed.video",
            "aspectRatio" : {
              "width" : 480,
              "height" : 778
            },
            "video" : {
              "$type" : "blob",
              "ref" : {
                "$link" : "bafkreifreepdtf5ucx27pfxggapzzswjimq4qth5y4najquxjmtcevm3yq"
              },
              "mimeType" : "video/mp4",
              "size" : 3246672
            }
          },
          "langs" : [ "en" ],
          "text" : "Massive anti-Trump/Musk protest at Union Square in New York City...\nMay America do whatever it can to hold onto this beautiful thing. May  there be no knocks on the door in the night or concentration camps for  those who do no more than exercise their free speech."
        },
        "embed" : {
          "$type" : "app.bsky.embed.video#view",
          "cid" : "bafkreifreepdtf5ucx27pfxggapzzswjimq4qth5y4najquxjmtcevm3yq",
          "playlist" : "https://video.bsky.app/watch/did%3Aplc%3A654masw3zcz3dpiqmhpt43c7/bafkreifreepdtf5ucx27pfxggapzzswjimq4qth5y4najquxjmtcevm3yq/playlist.m3u8",
          "thumbnail" : "https://video.bsky.app/watch/did%3Aplc%3A654masw3zcz3dpiqmhpt43c7/bafkreifreepdtf5ucx27pfxggapzzswjimq4qth5y4najquxjmtcevm3yq/thumbnail.jpg",
          "aspectRatio" : {
            "width" : 480,
            "height" : 778
          }
        },
        "replyCount" : 9,
        "repostCount" : 100,
        "likeCount" : 307,
        "quoteCount" : 6,
        "indexedAt" : 1739913212521,
        "viewer" : { },
        "labels" : [ ]
      }
    }, {
      "post" : {
        "uri" : "at://did:plc:yvsdaz5wowzwc5fp57p7qo52/app.bsky.feed.post/3liibh4tqxs2k",
        "cid" : "bafyreiblsj7f63vtonikjgpmz7kuo4l7pvxtutqz5gvvbzj4h7a5h2dvpe",
        "author" : {
          "did" : "did:plc:yvsdaz5wowzwc5fp57p7qo52",
          "handle" : "corgwynmom.bsky.social",
          "displayName" : "Iraq War Vet",
          "avatar" : "https://cdn.bsky.app/img/avatar/plain/did:plc:yvsdaz5wowzwc5fp57p7qo52/bafkreiffed43antjiwr62uybu7nmprc7lfs4byh7ma6nrhk7tvsoxlq7iu@jpeg",
          "viewer" : {
            "muted" : false,
            "blockedBy" : false
          },
          "labels" : [ ],
          "createdAt" : 1731075039516
        },
        "record" : {
          "$type" : "app.bsky.feed.post",
          "createdAt" : 1739916386820,
          "embed" : {
            "$type" : "app.bsky.embed.video",
            "aspectRatio" : {
              "width" : 1080,
              "height" : 1246
            },
            "video" : {
              "$type" : "blob",
              "ref" : {
                "$link" : "bafkreifxnfp7wkkpbjxdllldcnmskhxrerjbr6kgj6ry3tpuszhd4yj4zy"
              },
              "mimeType" : "video/mp4",
              "size" : 2214219
            }
          },
          "langs" : [ "en" ],
          "text" : ""
        },
        "embed" : {
          "$type" : "app.bsky.embed.video#view",
          "cid" : "bafkreifxnfp7wkkpbjxdllldcnmskhxrerjbr6kgj6ry3tpuszhd4yj4zy",
          "playlist" : "https://video.bsky.app/watch/did%3Aplc%3Ayvsdaz5wowzwc5fp57p7qo52/bafkreifxnfp7wkkpbjxdllldcnmskhxrerjbr6kgj6ry3tpuszhd4yj4zy/playlist.m3u8",
          "thumbnail" : "https://video.bsky.app/watch/did%3Aplc%3Ayvsdaz5wowzwc5fp57p7qo52/bafkreifxnfp7wkkpbjxdllldcnmskhxrerjbr6kgj6ry3tpuszhd4yj4zy/thumbnail.jpg",
          "aspectRatio" : {
            "width" : 1080,
            "height" : 1246
          }
        },
        "replyCount" : 0,
        "repostCount" : 13,
        "likeCount" : 36,
        "quoteCount" : 0,
        "indexedAt" : 1739916387829,
        "viewer" : { },
        "labels" : [ ]
      }
    }, {
      "post" : {
        "uri" : "at://did:plc:3fpgkbjy6nhqhg5bpyd6wudm/app.bsky.feed.post/3lie3yq5dqc2v",
        "cid" : "bafyreid26u2ibvx3irxbsnewdfllwpo5rspmft4w4nebjdzdgotfi5t7nq",
        "author" : {
          "did" : "did:plc:3fpgkbjy6nhqhg5bpyd6wudm",
          "handle" : "freethinkersunited.bsky.social",
          "displayName" : "Freethinkers United",
          "avatar" : "https://cdn.bsky.app/img/avatar/plain/did:plc:3fpgkbjy6nhqhg5bpyd6wudm/bafkreib7fm25j3j73dqffzoa5tbglrbhwcipkt3gbgbbxqeohm7wyjamrm@jpeg",
          "viewer" : {
            "muted" : false,
            "blockedBy" : false
          },
          "labels" : [ ],
          "createdAt" : 1736404413313
        },
        "record" : {
          "$type" : "app.bsky.feed.post",
          "createdAt" : 1739773096078,
          "embed" : {
            "$type" : "app.bsky.embed.video",
            "aspectRatio" : {
              "width" : 711,
              "height" : 590
            },
            "video" : {
              "$type" : "blob",
              "ref" : {
                "$link" : "bafkreigrawduweb5z4tajspadihhjn7xrefnbb5723fnaiewfhedu5e7xq"
              },
              "mimeType" : "video/mp4",
              "size" : 17622
            }
          },
          "langs" : [ "en" ],
          "text" : ""
        },
        "embed" : {
          "$type" : "app.bsky.embed.video#view",
          "cid" : "bafkreigrawduweb5z4tajspadihhjn7xrefnbb5723fnaiewfhedu5e7xq",
          "playlist" : "https://video.bsky.app/watch/did%3Aplc%3A3fpgkbjy6nhqhg5bpyd6wudm/bafkreigrawduweb5z4tajspadihhjn7xrefnbb5723fnaiewfhedu5e7xq/playlist.m3u8",
          "thumbnail" : "https://video.bsky.app/watch/did%3Aplc%3A3fpgkbjy6nhqhg5bpyd6wudm/bafkreigrawduweb5z4tajspadihhjn7xrefnbb5723fnaiewfhedu5e7xq/thumbnail.jpg",
          "aspectRatio" : {
            "width" : 711,
            "height" : 590
          }
        },
        "replyCount" : 28,
        "repostCount" : 104,
        "likeCount" : 599,
        "quoteCount" : 7,
        "indexedAt" : 1739773097418,
        "viewer" : { },
        "labels" : [ ]
      }
    }, {
      "post" : {
        "uri" : "at://did:plc:hy4kwkakey4eawsw6jjzoc3j/app.bsky.feed.post/3lijquq3etc2h",
        "cid" : "bafyreibpofltsqzxkg4ancpxjrsyq25zdqifogjjfnvv2kz3krrto6oqv4",
        "author" : {
          "did" : "did:plc:hy4kwkakey4eawsw6jjzoc3j",
          "handle" : "amyklobuchar.com",
          "displayName" : "Amy Klobuchar",
          "avatar" : "https://cdn.bsky.app/img/avatar/plain/did:plc:hy4kwkakey4eawsw6jjzoc3j/bafkreie5mijreewsie2liuffdwfl44i52fktfyjzeaippogwqalbqgrkra@jpeg",
          "viewer" : {
            "muted" : false,
            "blockedBy" : false
          },
          "labels" : [ ],
          "createdAt" : 1733154616508
        },
        "record" : {
          "$type" : "app.bsky.feed.post",
          "createdAt" : 1739967309064,
          "embed" : {
            "$type" : "app.bsky.embed.video",
            "aspectRatio" : {
              "width" : 1280,
              "height" : 720
            },
            "video" : {
              "$type" : "blob",
              "ref" : {
                "$link" : "bafkreibzkelztvuwjb5tdyncx2vueqd24rulb5wswxi7zeerobcnf6f6vq"
              },
              "mimeType" : "video/mp4",
              "size" : 6224196
            }
          },
          "langs" : [ "en" ],
          "text" : "Chaos is up. Corruption is up. You know what else is up? Egg prices.‬\n\n‪After promising to lower prices, the Administration is not doing enough to bring health care costs down, to bring housing costs down, and to bring child care costs down.‬"
        },
        "embed" : {
          "$type" : "app.bsky.embed.video#view",
          "cid" : "bafkreibzkelztvuwjb5tdyncx2vueqd24rulb5wswxi7zeerobcnf6f6vq",
          "playlist" : "https://video.bsky.app/watch/did%3Aplc%3Ahy4kwkakey4eawsw6jjzoc3j/bafkreibzkelztvuwjb5tdyncx2vueqd24rulb5wswxi7zeerobcnf6f6vq/playlist.m3u8",
          "thumbnail" : "https://video.bsky.app/watch/did%3Aplc%3Ahy4kwkakey4eawsw6jjzoc3j/bafkreibzkelztvuwjb5tdyncx2vueqd24rulb5wswxi7zeerobcnf6f6vq/thumbnail.jpg",
          "aspectRatio" : {
            "width" : 1280,
            "height" : 720
          }
        },
        "replyCount" : 164,
        "repostCount" : 108,
        "likeCount" : 707,
        "quoteCount" : 18,
        "indexedAt" : 1739967310714,
        "viewer" : { },
        "labels" : [ ]
      }
    }, {
      "post" : {
        "uri" : "at://did:plc:vdkutau3xlw4p5jgj7cihr3i/app.bsky.feed.post/3lijasjq6wc2q",
        "cid" : "bafyreih4yhdqdalq3sibmtp5oe37wrdbyudmrhc57sytzcinnyhtqlheoq",
        "author" : {
          "did" : "did:plc:vdkutau3xlw4p5jgj7cihr3i",
          "handle" : "militarynewsua.bsky.social",
          "displayName" : "]]>&#x1fa96;<![CDATA[MilitaryNewsUA]]>&#x1f1fa;<![CDATA[]]>&#x1f1e6;<![CDATA[",
          "avatar" : "https://cdn.bsky.app/img/avatar/plain/did:plc:vdkutau3xlw4p5jgj7cihr3i/bafkreie6nhwc5asjqh5aj2jrfnon53ymrci62on5knsovz3rtyagte6yty@jpeg",
          "viewer" : {
            "muted" : false,
            "blockedBy" : false
          },
          "labels" : [ ],
          "createdAt" : 1731312800514
        },
        "record" : {
          "$type" : "app.bsky.feed.post",
          "createdAt" : 1739950055430,
          "embed" : {
            "$type" : "app.bsky.embed.video",
            "aspectRatio" : {
              "width" : 1280,
              "height" : 720
            },
            "video" : {
              "$type" : "blob",
              "ref" : {
                "$link" : "bafkreiejxnjaqpfogacde36rwfdyb6qosmgerrtfs2ozutsjgnm6d54hmq"
              },
              "mimeType" : "video/mp4",
              "size" : 1508461
            }
          },
          "langs" : [ "en" ],
          "text" : "❗️Asked whether he thought ]]>&#x1f1f7;<![CDATA[]]>&#x1f1fa;<![CDATA[Russian President Putin could be trusted in negotiations, ]]>&#x1f1fa;<![CDATA[]]>&#x1f1f8;<![CDATA[Republican Senator Roger Wicker, chairman of the Senate Armed Services Committee, said: “No. Putin is a war criminal who should be in prison for the rest of his life, if not executed.”"
        },
        "embed" : {
          "$type" : "app.bsky.embed.video#view",
          "cid" : "bafkreiejxnjaqpfogacde36rwfdyb6qosmgerrtfs2ozutsjgnm6d54hmq",
          "playlist" : "https://video.bsky.app/watch/did%3Aplc%3Avdkutau3xlw4p5jgj7cihr3i/bafkreiejxnjaqpfogacde36rwfdyb6qosmgerrtfs2ozutsjgnm6d54hmq/playlist.m3u8",
          "thumbnail" : "https://video.bsky.app/watch/did%3Aplc%3Avdkutau3xlw4p5jgj7cihr3i/bafkreiejxnjaqpfogacde36rwfdyb6qosmgerrtfs2ozutsjgnm6d54hmq/thumbnail.jpg",
          "aspectRatio" : {
            "width" : 1280,
            "height" : 720
          }
        },
        "replyCount" : 21,
        "repostCount" : 154,
        "likeCount" : 556,
        "quoteCount" : 11,
        "indexedAt" : 1739950057024,
        "viewer" : { },
        "labels" : [ ]
      }
    }, {
      "post" : {
        "uri" : "at://did:plc:mfrcz3kv7bsth54bkyrridp5/app.bsky.feed.post/3lijpq247g22c",
        "cid" : "bafyreih55h5kqkrk7442wmmzkafsp5oelwseujgfj7u52sskrs6ezjsy6i",
        "author" : {
          "did" : "did:plc:mfrcz3kv7bsth54bkyrridp5",
          "handle" : "sundaedivine.bsky.social",
          "displayName" : "]]>&#x1d54a;<![CDATA[]]>&#x1d566;<![CDATA[]]>&#x1d55f;<![CDATA[]]>&#x1d555;<![CDATA[]]>&#x1d552;<![CDATA[]]>&#x1d556;<![CDATA[ ]]>&#x1d53e;<![CDATA[]]>&#x1d566;<![CDATA[]]>&#x1d563;<![CDATA[]]>&#x1d55d;<![CDATA[",
          "avatar" : "https://cdn.bsky.app/img/avatar/plain/did:plc:mfrcz3kv7bsth54bkyrridp5/bafkreihglw2ph3hhskc546gzseinv7qcsolcd4pqvdre7qntvxzshb5cdi@jpeg",
          "associated" : {
            "chat" : {
              "allowIncoming" : "none"
            }
          },
          "viewer" : {
            "muted" : false,
            "blockedBy" : false
          },
          "labels" : [ {
            "src" : "did:plc:mfrcz3kv7bsth54bkyrridp5",
            "uri" : "at://did:plc:mfrcz3kv7bsth54bkyrridp5/app.bsky.actor.profile/self",
            "cid" : "bafyreihd6vwmyhgp6lbf3ssa24bvixb6xfapoqglgwxcnqqg63xrtsqohe",
            "val" : "!no-unauthenticated",
            "cts" : 18000000
          } ],
          "createdAt" : 1688497680872
        },
        "record" : {
          "$type" : "app.bsky.feed.post",
          "createdAt" : 1739966078059,
          "embed" : {
            "$type" : "app.bsky.embed.video",
            "aspectRatio" : {
              "width" : 1114,
              "height" : 576
            },
            "video" : {
              "$type" : "blob",
              "ref" : {
                "$link" : "bafkreidtuyqvatr2svp4chje3sel3phttuqmnv7k434lat2vv4bu4hh23i"
              },
              "mimeType" : "video/mp4",
              "size" : 1165539
            }
          },
          "langs" : [ "en" ],
          "text" : "If it’s brown, lay down\nIf it’s black, fight back\nIf it’s white, goodnight"
        },
        "embed" : {
          "$type" : "app.bsky.embed.video#view",
          "cid" : "bafkreidtuyqvatr2svp4chje3sel3phttuqmnv7k434lat2vv4bu4hh23i",
          "playlist" : "https://video.bsky.app/watch/did%3Aplc%3Amfrcz3kv7bsth54bkyrridp5/bafkreidtuyqvatr2svp4chje3sel3phttuqmnv7k434lat2vv4bu4hh23i/playlist.m3u8",
          "thumbnail" : "https://video.bsky.app/watch/did%3Aplc%3Amfrcz3kv7bsth54bkyrridp5/bafkreidtuyqvatr2svp4chje3sel3phttuqmnv7k434lat2vv4bu4hh23i/thumbnail.jpg",
          "aspectRatio" : {
            "width" : 1114,
            "height" : 576
          }
        },
        "replyCount" : 239,
        "repostCount" : 384,
        "likeCount" : 2081,
        "quoteCount" : 55,
        "indexedAt" : 1739966078921,
        "viewer" : { },
        "labels" : [ ]
      }
    }, {
      "post" : {
        "uri" : "at://did:plc:7ihvojd435lxcyvx5c5r6dip/app.bsky.feed.post/3lihkbdfy2s2j",
        "cid" : "bafyreieqt7o46clfalxxhepiylt4ai65po4h4skjvbtmrnu22iq5qj2dea",
        "author" : {
          "did" : "did:plc:7ihvojd435lxcyvx5c5r6dip",
          "handle" : "strategywoman.bsky.social",
          "displayName" : "Yaroslava Antipina",
          "avatar" : "https://cdn.bsky.app/img/avatar/plain/did:plc:7ihvojd435lxcyvx5c5r6dip/bafkreicfgk2rn2z3bbjemojda7ql7v64a2oseo5vgwmbr6rpkmdmxy5gvy@jpeg",
          "viewer" : {
            "muted" : false,
            "blockedBy" : false
          },
          "labels" : [ ],
          "createdAt" : 1695498579148
        },
        "record" : {
          "$type" : "app.bsky.feed.post",
          "createdAt" : 1739891496320,
          "embed" : {
            "$type" : "app.bsky.embed.video",
            "aspectRatio" : {
              "width" : 3840,
              "height" : 2160
            },
            "video" : {
              "$type" : "blob",
              "ref" : {
                "$link" : "bafkreig37l7n3tacwi2nzguegerm3n4zasihcawrg6aw5qb32youl57u6u"
              },
              "mimeType" : "video/mp4",
              "size" : 23262767
            }
          },
          "langs" : [ "en" ],
          "text" : "A calm forest walk\namidst the world’s turmoil."
        },
        "embed" : {
          "$type" : "app.bsky.embed.video#view",
          "cid" : "bafkreig37l7n3tacwi2nzguegerm3n4zasihcawrg6aw5qb32youl57u6u",
          "playlist" : "https://video.bsky.app/watch/did%3Aplc%3A7ihvojd435lxcyvx5c5r6dip/bafkreig37l7n3tacwi2nzguegerm3n4zasihcawrg6aw5qb32youl57u6u/playlist.m3u8",
          "thumbnail" : "https://video.bsky.app/watch/did%3Aplc%3A7ihvojd435lxcyvx5c5r6dip/bafkreig37l7n3tacwi2nzguegerm3n4zasihcawrg6aw5qb32youl57u6u/thumbnail.jpg",
          "aspectRatio" : {
            "width" : 3840,
            "height" : 2160
          }
        },
        "replyCount" : 39,
        "repostCount" : 76,
        "likeCount" : 877,
        "quoteCount" : 3,
        "indexedAt" : 1739891498520,
        "viewer" : { },
        "labels" : [ ]
      }
    }, {
      "post" : {
        "uri" : "at://did:plc:4llrhdclvdlmmynkwsmg5tdc/app.bsky.feed.post/3liiqyj6lmn2w",
        "cid" : "bafyreia5sgcbmuqe26htinyuezsdnyuveljlmndbthei3wqmnovyeqgfui",
        "author" : {
          "did" : "did:plc:4llrhdclvdlmmynkwsmg5tdc",
          "handle" : "atrupar.com",
          "displayName" : "Aaron Rupar",
          "avatar" : "https://cdn.bsky.app/img/avatar/plain/did:plc:4llrhdclvdlmmynkwsmg5tdc/bafkreibmhm3h6ar52pogvolisrzjdhwa2myras5vkxzj67twxn2l6pogwu@jpeg",
          "associated" : {
            "chat" : {
              "allowIncoming" : "following"
            }
          },
          "viewer" : {
            "muted" : false,
            "blockedBy" : false
          },
          "labels" : [ ],
          "createdAt" : 1682642877437
        },
        "record" : {
          "$type" : "app.bsky.feed.post",
          "createdAt" : 1739933076283,
          "embed" : {
            "$type" : "app.bsky.embed.video",
            "aspectRatio" : {
              "width" : 1280,
              "height" : 720
            },
            "video" : {
              "$type" : "blob",
              "ref" : {
                "$link" : "bafkreidi352y5pi77dpqmkki5bo7blucwtqjzmzsglyg7yh7zz3q63es6e"
              },
              "mimeType" : "video/mp4",
              "size" : 9988704
            }
          },
          "facets" : [ ],
          "langs" : [ "en" ],
          "text" : "Bernie Sanders: \"We're not only dealing with a move toward authoritarianism, we're dealing with what is new to America -- politicians have always lied, nothing new about that. But the level that we're seeing right now. The big lie, over and over again ... \""
        },
        "embed" : {
          "$type" : "app.bsky.embed.video#view",
          "cid" : "bafkreidi352y5pi77dpqmkki5bo7blucwtqjzmzsglyg7yh7zz3q63es6e",
          "playlist" : "https://video.bsky.app/watch/did%3Aplc%3A4llrhdclvdlmmynkwsmg5tdc/bafkreidi352y5pi77dpqmkki5bo7blucwtqjzmzsglyg7yh7zz3q63es6e/playlist.m3u8",
          "thumbnail" : "https://video.bsky.app/watch/did%3Aplc%3A4llrhdclvdlmmynkwsmg5tdc/bafkreidi352y5pi77dpqmkki5bo7blucwtqjzmzsglyg7yh7zz3q63es6e/thumbnail.jpg",
          "aspectRatio" : {
            "width" : 1280,
            "height" : 720
          }
        },
        "replyCount" : 551,
        "repostCount" : 6377,
        "likeCount" : 27718,
        "quoteCount" : 214,
        "indexedAt" : 1739933077719,
        "viewer" : { },
        "labels" : [ ]
      }
    }, {
      "post" : {
        "uri" : "at://did:plc:aabcopzc52gc5asf6hzvxfau/app.bsky.feed.post/3lihlovaw5c2v",
        "cid" : "bafyreidp6krj336egcn52gamdmbk7dnx5ufr6luxm47qqcrrfjz2flrq4u",
        "author" : {
          "did" : "did:plc:aabcopzc52gc5asf6hzvxfau",
          "handle" : "gnuman1979.bsky.social",
          "displayName" : "Jamie",
          "avatar" : "https://cdn.bsky.app/img/avatar/plain/did:plc:aabcopzc52gc5asf6hzvxfau/bafkreiduexashf2ko7wp3jn4i5o4bfxbktoo4eglzbp6dbt2ajvmme4d34@jpeg",
          "viewer" : {
            "muted" : false,
            "blockedBy" : false
          },
          "labels" : [ ],
          "createdAt" : 1694988987512
        },
        "record" : {
          "$type" : "app.bsky.feed.post",
          "createdAt" : 1739893024977,
          "embed" : {
            "$type" : "app.bsky.embed.video",
            "aspectRatio" : {
              "width" : 350,
              "height" : 168
            },
            "video" : {
              "$type" : "blob",
              "ref" : {
                "$link" : "bafkreideh3ltpd3syol2lltnw6tjezid5sgcko6gpjel6rtx7rozwn6dyy"
              },
              "mimeType" : "video/mp4",
              "size" : 275917
            }
          },
          "langs" : [ "en" ],
          "text" : "Don't let dad alone with the kids."
        },
        "embed" : {
          "$type" : "app.bsky.embed.video#view",
          "cid" : "bafkreideh3ltpd3syol2lltnw6tjezid5sgcko6gpjel6rtx7rozwn6dyy",
          "playlist" : "https://video.bsky.app/watch/did%3Aplc%3Aaabcopzc52gc5asf6hzvxfau/bafkreideh3ltpd3syol2lltnw6tjezid5sgcko6gpjel6rtx7rozwn6dyy/playlist.m3u8",
          "thumbnail" : "https://video.bsky.app/watch/did%3Aplc%3Aaabcopzc52gc5asf6hzvxfau/bafkreideh3ltpd3syol2lltnw6tjezid5sgcko6gpjel6rtx7rozwn6dyy/thumbnail.jpg",
          "aspectRatio" : {
            "width" : 350,
            "height" : 168
          }
        },
        "replyCount" : 6,
        "repostCount" : 5,
        "likeCount" : 36,
        "quoteCount" : 0,
        "indexedAt" : 1739893026125,
        "viewer" : { },
        "labels" : [ ]
      }
    }, {
      "post" : {
        "uri" : "at://did:plc:tsksqpjisdvtusxq6ide5tzj/app.bsky.feed.post/3lii7wxcitk2h",
        "cid" : "bafyreif6aj6l6wa4ur6g4dvob47vzhlfookqaw25chabcizxssk6gek5ju",
        "author" : {
          "did" : "did:plc:tsksqpjisdvtusxq6ide5tzj",
          "handle" : "adamkinzinger.bsky.social",
          "displayName" : "Adam Kinzinger",
          "avatar" : "https://cdn.bsky.app/img/avatar/plain/did:plc:tsksqpjisdvtusxq6ide5tzj/bafkreidsxdxp3kqmm7p6c34rjixibrazmnhjzzfgctjcrsov4v5wi2hbgi@jpeg",
          "associated" : {
            "chat" : {
              "allowIncoming" : "all"
            }
          },
          "viewer" : {
            "muted" : false,
            "blockedBy" : false,
            "following" : "at://did:plc:pgdrqxzv4kxt7tr3sa6pd77y/app.bsky.graph.follow/3laygg5hwfl2g"
          },
          "labels" : [ ],
          "createdAt" : 1693446834034
        },
        "record" : {
          "$type" : "app.bsky.feed.post",
          "createdAt" : 1739914770398,
          "embed" : {
            "$type" : "app.bsky.embed.external",
            "uri" : null,
            "title" : null,
            "description" : null,
            "thumb" : null
          },
          "langs" : [ "en" ],
          "text" : "Congressmen when they are asked if they will cut THEIR budgets and lay off staff as well:"
        },
        "embed" : {
          "$type" : "app.bsky.embed.external#view",
          "uri" : null,
          "title" : null,
          "description" : null,
          "thumb" : null
        },
        "replyCount" : 556,
        "repostCount" : 5448,
        "likeCount" : 29238,
        "quoteCount" : 134,
        "indexedAt" : 1739914771431,
        "viewer" : { },
        "labels" : [ ]
      }
    }, {
      "post" : {
        "uri" : "at://did:plc:r4x7r2rq4uhelbievhcxnqvy/app.bsky.feed.post/3liita3y6ds23",
        "cid" : "bafyreieam3hq2vl2wp7haolglwabitnl6ttqrnpvcrglkqfkkqaefgh64e",
        "author" : {
          "did" : "did:plc:r4x7r2rq4uhelbievhcxnqvy",
          "handle" : "thedevilhistory.bsky.social",
          "displayName" : "Dr. Jarret Ruminski",
          "avatar" : "https://cdn.bsky.app/img/avatar/plain/did:plc:r4x7r2rq4uhelbievhcxnqvy/bafkreihhinp5dr5nykti6y3eh5wehbvh56p3j6kcd3kwh4qqrj62u2u3ke@jpeg",
          "associated" : {
            "chat" : {
              "allowIncoming" : "following"
            }
          },
          "viewer" : {
            "muted" : false,
            "blockedBy" : false
          },
          "labels" : [ ],
          "createdAt" : 1692980977886
        },
        "record" : {
          "$type" : "app.bsky.feed.post",
          "createdAt" : 1739935478385,
          "langs" : [ "en" ],
          "text" : "This authoritarian fever won't break until Americans finally feel what it's like to live with no functional government. For generations, the Right's raison d'etre has been to destroy the New Deal, & now people who've mouthed on about \"small government\" are going to find out what that really means."
        },
        "replyCount" : 5,
        "repostCount" : 34,
        "likeCount" : 157,
        "quoteCount" : 2,
        "indexedAt" : 1739935476322,
        "viewer" : { },
        "labels" : [ ]
      }
    }, {
      "post" : {
        "uri" : "at://did:plc:4llrhdclvdlmmynkwsmg5tdc/app.bsky.feed.post/3liimepckcw2m",
        "cid" : "bafyreidnwrsenucelkcocq2wnxr2b4tjmowdyxcoh5tlbnt256heencia4",
        "author" : {
          "did" : "did:plc:4llrhdclvdlmmynkwsmg5tdc",
          "handle" : "atrupar.com",
          "displayName" : "Aaron Rupar",
          "avatar" : "https://cdn.bsky.app/img/avatar/plain/did:plc:4llrhdclvdlmmynkwsmg5tdc/bafkreibmhm3h6ar52pogvolisrzjdhwa2myras5vkxzj67twxn2l6pogwu@jpeg",
          "associated" : {
            "chat" : {
              "allowIncoming" : "following"
            }
          },
          "viewer" : {
            "muted" : false,
            "blockedBy" : false
          },
          "labels" : [ ],
          "createdAt" : 1682642877437
        },
        "record" : {
          "$type" : "app.bsky.feed.post",
          "createdAt" : 1739928116644,
          "embed" : {
            "$type" : "app.bsky.embed.video",
            "aspectRatio" : {
              "width" : 1280,
              "height" : 720
            },
            "video" : {
              "$type" : "blob",
              "ref" : {
                "$link" : "bafkreib3nkqdih2752qls4zwr2ctxyewgwevyzlngojlbrekwaxrqhudtm"
              },
              "mimeType" : "video/mp4",
              "size" : 8507408
            }
          },
          "facets" : [ ],
          "langs" : [ "en" ],
          "text" : "Crockett: \"It's just that they're idiots. These are the same guys as it relates to our nuclear stockpile, they're like, 'Oh, wait a minute, we needed those guys? Can we get them back? Oh, we don't know how to.' I don't know how anyone can look at this administration & feel a semblance of confidence\""
        },
        "embed" : {
          "$type" : "app.bsky.embed.video#view",
          "cid" : "bafkreib3nkqdih2752qls4zwr2ctxyewgwevyzlngojlbrekwaxrqhudtm",
          "playlist" : "https://video.bsky.app/watch/did%3Aplc%3A4llrhdclvdlmmynkwsmg5tdc/bafkreib3nkqdih2752qls4zwr2ctxyewgwevyzlngojlbrekwaxrqhudtm/playlist.m3u8",
          "thumbnail" : "https://video.bsky.app/watch/did%3Aplc%3A4llrhdclvdlmmynkwsmg5tdc/bafkreib3nkqdih2752qls4zwr2ctxyewgwevyzlngojlbrekwaxrqhudtm/thumbnail.jpg",
          "aspectRatio" : {
            "width" : 1280,
            "height" : 720
          }
        },
        "replyCount" : 1111,
        "repostCount" : 13495,
        "likeCount" : 53519,
        "quoteCount" : 994,
        "indexedAt" : 1739928118019,
        "viewer" : { },
        "labels" : [ ]
      }
    }, {
      "post" : {
        "uri" : "at://did:plc:uyh5huzxtthtkg6htsgt56lh/app.bsky.feed.post/3liieta2fic2g",
        "cid" : "bafyreiaiqlwvqlawsh7a66i4ifzsh44vruv7eskyps4pscheeihjxvvi7i",
        "author" : {
          "did" : "did:plc:uyh5huzxtthtkg6htsgt56lh",
          "handle" : "godpod.bsky.social",
          "displayName" : "God",
          "avatar" : "https://cdn.bsky.app/img/avatar/plain/did:plc:uyh5huzxtthtkg6htsgt56lh/bafkreif2pzoz4mklwmjf2nnifbu5xtnpp7ri4mdun7bvmz5iehowolomry@jpeg",
          "viewer" : {
            "muted" : false,
            "blockedBy" : false,
            "following" : "at://did:plc:pgdrqxzv4kxt7tr3sa6pd77y/app.bsky.graph.follow/3kebiplecie2f"
          },
          "labels" : [ ],
          "createdAt" : 1682799948941
        },
        "record" : {
          "$type" : "app.bsky.feed.post",
          "createdAt" : 1739920014060,
          "langs" : [ "en" ],
          "text" : "Imagine being rich enough to do anything you want and choosing to take food and medicine from starving children to give yourself even more money."
        },
        "replyCount" : 1924,
        "repostCount" : 17811,
        "likeCount" : 68473,
        "quoteCount" : 773,
        "indexedAt" : 1739920014415,
        "viewer" : { },
        "labels" : [ ]
      }
    }, {
      "post" : {
        "uri" : "at://did:plc:elsk4pvoxygbgz5qb3j2h2sx/app.bsky.feed.post/3lifjp5dos22c",
        "cid" : "bafyreiancohaksir75nrmnlvma3insi6hceaqgkh3myiqk5o5vebrvh4lm",
        "author" : {
          "did" : "did:plc:elsk4pvoxygbgz5qb3j2h2sx",
          "handle" : "idahoreports.org",
          "displayName" : "Idaho Reports",
          "avatar" : "https://cdn.bsky.app/img/avatar/plain/did:plc:elsk4pvoxygbgz5qb3j2h2sx/bafkreibr3ifqxumy5v6dkqjajveeuejkrvnnwyzsgrj5qywmm7nmcpgatm@jpeg",
          "viewer" : {
            "muted" : false,
            "blockedBy" : false
          },
          "labels" : [ ],
          "createdAt" : 1731712306935
        },
        "record" : {
          "$type" : "app.bsky.feed.post",
          "createdAt" : 1739822166479,
          "embed" : {
            "$type" : "app.bsky.embed.images",
            "alt" : null,
            "image" : null,
            "aspectRatio" : null
          },
          "facets" : [ {
            "index" : {
              "byteStart" : 88,
              "byteEnd" : 111
            },
            "features" : [ {
              "$type" : "app.bsky.richtext.facet#mention",
              "did" : "did:plc:6uj3ze76ar6natlkeezftjwd"
            } ]
          }, {
            "index" : {
              "byteStart" : 195,
              "byteEnd" : 201
            },
            "features" : [ {
              "$type" : "app.bsky.richtext.facet#tag",
              "tag" : "Idaho"
            } ]
          }, {
            "index" : {
              "byteStart" : 202,
              "byteEnd" : 208
            },
            "features" : [ {
              "$type" : "app.bsky.richtext.facet#tag",
              "tag" : "idleg"
            } ]
          }, {
            "index" : {
              "byteStart" : 209,
              "byteEnd" : 215
            },
            "features" : [ {
              "$type" : "app.bsky.richtext.facet#tag",
              "tag" : "idpol"
            } ]
          } ],
          "langs" : [ "en" ],
          "text" : "From our director Morgan McCollum: Several hundred people showed up in the rain for the @idaho50501.bsky.social Presidents Day protest against Trump, Musk and DOGE at the Idaho Capitol in Boise. #Idaho #idleg #idpol"
        },
        "embed" : {
          "$type" : "app.bsky.embed.images#view",
          "thumb" : null,
          "fullsize" : null,
          "alt" : null,
          "aspectRatio" : null
        },
        "replyCount" : 15,
        "repostCount" : 108,
        "likeCount" : 376,
        "quoteCount" : 12,
        "indexedAt" : 1739822172327,
        "viewer" : { },
        "labels" : [ ]
      }
    }, {
      "post" : {
        "uri" : "at://did:plc:nxhz7gqz3d4zfwvtq3uh4uxx/app.bsky.feed.post/3lifgvlhrhs2u",
        "cid" : "bafyreie24bv7ribr5k3nyna6tbi5xd7coavvli6dcllvpl6kx5sod5qsui",
        "author" : {
          "did" : "did:plc:nxhz7gqz3d4zfwvtq3uh4uxx",
          "handle" : "fearlessfreedom.bsky.social",
          "displayName" : "Freedom",
          "avatar" : "https://cdn.bsky.app/img/avatar/plain/did:plc:nxhz7gqz3d4zfwvtq3uh4uxx/bafkreiet5udfla4vsic73n7ntzdmk6olspbzj6idn733e2yqgrgmvsbf64@jpeg",
          "associated" : {
            "chat" : {
              "allowIncoming" : "none"
            }
          },
          "viewer" : {
            "muted" : false,
            "blockedBy" : false
          },
          "labels" : [ ],
          "createdAt" : 1738865594413
        },
        "record" : {
          "$type" : "app.bsky.feed.post",
          "createdAt" : 1739819161411,
          "embed" : {
            "$type" : "app.bsky.embed.images",
            "alt" : null,
            "image" : null,
            "aspectRatio" : null
          },
          "facets" : [ {
            "index" : {
              "byteStart" : 0,
              "byteEnd" : 14
            },
            "features" : [ {
              "$type" : "app.bsky.richtext.facet#tag",
              "tag" : "50501Movement"
            } ]
          }, {
            "index" : {
              "byteStart" : 15,
              "byteEnd" : 27
            },
            "features" : [ {
              "$type" : "app.bsky.richtext.facet#tag",
              "tag" : "TrumpMuskGo"
            } ]
          } ],
          "langs" : [ "en" ],
          "text" : "#50501Movement #TrumpMuskGo"
        },
        "embed" : {
          "$type" : "app.bsky.embed.images#view",
          "thumb" : null,
          "fullsize" : null,
          "alt" : null,
          "aspectRatio" : null
        },
        "replyCount" : 0,
        "repostCount" : 6,
        "likeCount" : 15,
        "quoteCount" : 0,
        "indexedAt" : 1739819176330,
        "viewer" : { },
        "labels" : [ ]
      },
      "reply" : {
        "root" : {
          "uri" : "at://did:plc:nxhz7gqz3d4zfwvtq3uh4uxx/app.bsky.feed.post/3lifgkk7h6s2u",
          "cid" : "bafyreibqagfe6foczpffeeu5awy23btqfmn6xj34t2tm7swgj7bh57f5ty",
          "author" : {
            "did" : "did:plc:nxhz7gqz3d4zfwvtq3uh4uxx",
            "handle" : "fearlessfreedom.bsky.social",
            "displayName" : "Freedom",
            "avatar" : "https://cdn.bsky.app/img/avatar/plain/did:plc:nxhz7gqz3d4zfwvtq3uh4uxx/bafkreiet5udfla4vsic73n7ntzdmk6olspbzj6idn733e2yqgrgmvsbf64@jpeg",
            "associated" : {
              "chat" : {
                "allowIncoming" : "none"
              }
            },
            "viewer" : {
              "muted" : false,
              "blockedBy" : false
            },
            "labels" : [ ],
            "createdAt" : 1738865594413
          },
          "record" : {
            "$type" : "app.bsky.feed.post",
            "createdAt" : 1739818790992,
            "facets" : [ {
              "index" : {
                "byteStart" : 0,
                "byteEnd" : 12
              },
              "features" : [ {
                "$type" : "app.bsky.richtext.facet#tag",
                "tag" : "trumpmuskgo"
              } ]
            } ],
            "langs" : [ "en" ],
            "text" : "#trumpmuskgo"
          },
          "replyCount" : 54,
          "repostCount" : 2,
          "likeCount" : 8,
          "quoteCount" : 0,
          "indexedAt" : 1739818791719,
          "viewer" : { },
          "labels" : [ ]
        },
        "parent" : {
          "uri" : "at://did:plc:nxhz7gqz3d4zfwvtq3uh4uxx/app.bsky.feed.post/3lifgkk7h6s2u",
          "cid" : "bafyreibqagfe6foczpffeeu5awy23btqfmn6xj34t2tm7swgj7bh57f5ty",
          "author" : {
            "did" : "did:plc:nxhz7gqz3d4zfwvtq3uh4uxx",
            "handle" : "fearlessfreedom.bsky.social",
            "displayName" : "Freedom",
            "avatar" : "https://cdn.bsky.app/img/avatar/plain/did:plc:nxhz7gqz3d4zfwvtq3uh4uxx/bafkreiet5udfla4vsic73n7ntzdmk6olspbzj6idn733e2yqgrgmvsbf64@jpeg",
            "associated" : {
              "chat" : {
                "allowIncoming" : "none"
              }
            },
            "viewer" : {
              "muted" : false,
              "blockedBy" : false
            },
            "labels" : [ ],
            "createdAt" : 1738865594413
          },
          "record" : {
            "$type" : "app.bsky.feed.post",
            "createdAt" : 1739818790992,
            "facets" : [ {
              "index" : {
                "byteStart" : 0,
                "byteEnd" : 12
              },
              "features" : [ {
                "$type" : "app.bsky.richtext.facet#tag",
                "tag" : "trumpmuskgo"
              } ]
            } ],
            "langs" : [ "en" ],
            "text" : "#trumpmuskgo"
          },
          "replyCount" : 54,
          "repostCount" : 2,
          "likeCount" : 8,
          "quoteCount" : 0,
          "indexedAt" : 1739818791719,
          "viewer" : { },
          "labels" : [ ]
        }
      }
    }, {
      "post" : {
        "uri" : "at://did:plc:ydpccpcaekhpxhkgebcjydgl/app.bsky.feed.post/3lidqdzdf2c2w",
        "cid" : "bafyreibla4lqmtkwmv46fowu7ubwkc3jvqogovlgw3js7zs6wtos4llnkm",
        "author" : {
          "did" : "did:plc:ydpccpcaekhpxhkgebcjydgl",
          "handle" : "greenwaters.bsky.social",
          "displayName" : "S",
          "avatar" : "https://cdn.bsky.app/img/avatar/plain/did:plc:ydpccpcaekhpxhkgebcjydgl/bafkreiayz3d6djmzxuvr3zal376e5d3uqv3kgompzmhm2c24x4aifpzuca@jpeg",
          "associated" : {
            "chat" : {
              "allowIncoming" : "none"
            }
          },
          "viewer" : {
            "muted" : false,
            "blockedBy" : false
          },
          "labels" : [ ],
          "createdAt" : 1718865464357
        },
        "record" : {
          "$type" : "app.bsky.feed.post",
          "createdAt" : 1739760589909,
          "langs" : [ "en" ],
          "text" : "From an American who did NOT vote for this evil nightmare.  I am so heartbroken, humiliated and terrified.  So very sorry ]]>&#x1f61e;<![CDATA["
        },
        "replyCount" : 0,
        "repostCount" : 1,
        "likeCount" : 68,
        "quoteCount" : 0,
        "indexedAt" : 1739760590916,
        "viewer" : { },
        "labels" : [ ]
      },
      "reply" : {
        "root" : {
          "uri" : "at://did:plc:qxwx3yb4m3dmjbu5luyyi7zm/app.bsky.feed.post/3licovwn3ks2s",
          "cid" : "bafyreifkpa4lp5o44uuvuocuv23nd5bkdnadafwwzjkjoqjl226yue56he",
          "author" : {
            "did" : "did:plc:qxwx3yb4m3dmjbu5luyyi7zm",
            "handle" : "krassenstein.bsky.social",
            "displayName" : "Krassensteins",
            "avatar" : "https://cdn.bsky.app/img/avatar/plain/did:plc:qxwx3yb4m3dmjbu5luyyi7zm/bafkreifb3kzfzpt4b2yq4mqs7aywvjteo7uzomcmmbdit24ivyjcw3qp4y@jpeg",
            "viewer" : {
              "muted" : false,
              "blockedBy" : false
            },
            "labels" : [ ],
            "createdAt" : 1681238006391
          },
          "record" : {
            "$type" : "app.bsky.feed.post",
            "createdAt" : 1739724683831,
            "embed" : {
              "$type" : "app.bsky.embed.images",
              "alt" : null,
              "image" : null,
              "aspectRatio" : null
            },
            "langs" : [ "en" ],
            "text" : ""
          },
          "embed" : {
            "$type" : "app.bsky.embed.images#view",
            "thumb" : null,
            "fullsize" : null,
            "alt" : null,
            "aspectRatio" : null
          },
          "replyCount" : 941,
          "repostCount" : 6618,
          "likeCount" : 30118,
          "quoteCount" : 415,
          "indexedAt" : 1739724686015,
          "viewer" : { },
          "labels" : [ ]
        },
        "parent" : {
          "uri" : "at://did:plc:qxwx3yb4m3dmjbu5luyyi7zm/app.bsky.feed.post/3licovwn3ks2s",
          "cid" : "bafyreifkpa4lp5o44uuvuocuv23nd5bkdnadafwwzjkjoqjl226yue56he",
          "author" : {
            "did" : "did:plc:qxwx3yb4m3dmjbu5luyyi7zm",
            "handle" : "krassenstein.bsky.social",
            "displayName" : "Krassensteins",
            "avatar" : "https://cdn.bsky.app/img/avatar/plain/did:plc:qxwx3yb4m3dmjbu5luyyi7zm/bafkreifb3kzfzpt4b2yq4mqs7aywvjteo7uzomcmmbdit24ivyjcw3qp4y@jpeg",
            "viewer" : {
              "muted" : false,
              "blockedBy" : false
            },
            "labels" : [ ],
            "createdAt" : 1681238006391
          },
          "record" : {
            "$type" : "app.bsky.feed.post",
            "createdAt" : 1739724683831,
            "embed" : {
              "$type" : "app.bsky.embed.images",
              "alt" : null,
              "image" : null,
              "aspectRatio" : null
            },
            "langs" : [ "en" ],
            "text" : ""
          },
          "embed" : {
            "$type" : "app.bsky.embed.images#view",
            "thumb" : null,
            "fullsize" : null,
            "alt" : null,
            "aspectRatio" : null
          },
          "replyCount" : 941,
          "repostCount" : 6618,
          "likeCount" : 30118,
          "quoteCount" : 415,
          "indexedAt" : 1739724686015,
          "viewer" : { },
          "labels" : [ ]
        }
      }
    }, {
      "post" : {
        "uri" : "at://did:plc:nvfposmpmhegtyvhbs75s3pw/app.bsky.feed.post/3lib6flsyt22d",
        "cid" : "bafyreigxf2mxsxptlgfrxxlt4gjebb5lnafq2j4eqdmlasmxrqzxwfbiwm",
        "author" : {
          "did" : "did:plc:nvfposmpmhegtyvhbs75s3pw",
          "handle" : "jamellebouie.net",
          "displayName" : "jamelle",
          "avatar" : "https://cdn.bsky.app/img/avatar/plain/did:plc:nvfposmpmhegtyvhbs75s3pw/bafkreiefjdjiahsa4upn3zabt4bxjfculjcxsdrxzc75nqlylfx7xo2izy@jpeg",
          "associated" : {
            "chat" : {
              "allowIncoming" : "following"
            }
          },
          "viewer" : {
            "muted" : false,
            "blockedBy" : false,
            "following" : "at://did:plc:pgdrqxzv4kxt7tr3sa6pd77y/app.bsky.graph.follow/3lcooonjqtg2f"
          },
          "labels" : [ ],
          "createdAt" : 1682613106732
        },
        "record" : {
          "$type" : "app.bsky.feed.post",
          "createdAt" : 1739672596020,
          "embed" : {
            "$type" : "app.bsky.embed.record",
            "cid" : null,
            "uri" : null
          },
          "langs" : [ "en" ],
          "text" : "worth saying again these these unilateral cuts are illegal. neither trump nor musk has the authority to unilaterally slash appropriated funds."
        },
        "embed" : {
          "$type" : "app.bsky.embed.record#view",
          "author" : null,
          "cid" : null,
          "embeds" : null,
          "indexedAt" : null,
          "labels" : null,
          "likeCount" : null,
          "quoteCount" : null,
          "replyCount" : null,
          "repostCount" : null,
          "uri" : null,
          "value" : null
        },
        "replyCount" : 478,
        "repostCount" : 4412,
        "likeCount" : 19083,
        "quoteCount" : 140,
        "indexedAt" : 1739672596223,
        "viewer" : { },
        "labels" : [ ]
      }
    }, {
      "post" : {
        "uri" : "at://did:plc:utoncswurgktfdhpfqnaraoj/app.bsky.feed.post/3licfvcvc722f",
        "cid" : "bafyreigdpcuvyhp6ojm5hj2a77pftecmyrfq4yy7l6mx5d2huymqwj7v6e",
        "author" : {
          "did" : "did:plc:utoncswurgktfdhpfqnaraoj",
          "handle" : "reclaimamerica.bsky.social",
          "displayName" : "Republicans Against Maga",
          "avatar" : "https://cdn.bsky.app/img/avatar/plain/did:plc:utoncswurgktfdhpfqnaraoj/bafkreihhozbzdrqecwn6iqy5jdcn2o6wmuwapjy6w2oiermxsgcncukimi@jpeg",
          "viewer" : {
            "muted" : false,
            "blockedBy" : false
          },
          "labels" : [ ],
          "createdAt" : 1731594011960
        },
        "record" : {
          "$type" : "app.bsky.feed.post",
          "createdAt" : 1739714999459,
          "embed" : {
            "$type" : "app.bsky.embed.images",
            "alt" : null,
            "image" : null,
            "aspectRatio" : null
          },
          "langs" : [ "en" ],
          "text" : "How’s that?"
        },
        "embed" : {
          "$type" : "app.bsky.embed.images#view",
          "thumb" : null,
          "fullsize" : null,
          "alt" : null,
          "aspectRatio" : null
        },
        "replyCount" : 12,
        "repostCount" : 63,
        "likeCount" : 368,
        "quoteCount" : 5,
        "indexedAt" : 1739715000919,
        "viewer" : { },
        "labels" : [ ]
      }
    }, {
      "post" : {
        "uri" : "at://did:plc:ir2b7mnp3f7qouemawhhew72/app.bsky.feed.post/3licmeqalzh2e",
        "cid" : "bafyreiet6aevsfyuweuolkacjbyzdlpelujdhl4rgdqw4doyzl7kfduyce",
        "author" : {
          "did" : "did:plc:ir2b7mnp3f7qouemawhhew72",
          "handle" : "biztoc.com",
          "displayName" : "BizToc",
          "avatar" : "https://cdn.bsky.app/img/avatar/plain/did:plc:ir2b7mnp3f7qouemawhhew72/bafkreiavqbkwhmj4desmciwlquwib3yfgzmabgsvq3rvdobtwkraev62de@jpeg",
          "viewer" : {
            "muted" : false,
            "blockedBy" : false,
            "following" : "at://did:plc:pgdrqxzv4kxt7tr3sa6pd77y/app.bsky.graph.follow/3kebsnzifvm2l"
          },
          "labels" : [ ],
          "createdAt" : 1684594368303
        },
        "record" : {
          "$type" : "app.bsky.feed.post",
          "createdAt" : 1739721959189,
          "embed" : {
            "$type" : "app.bsky.embed.external",
            "uri" : null,
            "title" : null,
            "description" : null,
            "thumb" : null
          },
          "facets" : [ {
            "index" : {
              "byteStart" : 152,
              "byteEnd" : 219
            },
            "features" : [ {
              "$type" : "app.bsky.richtext.facet#link",
              "uri" : "https://techcrunch.com/2025/02/16/openai-tries-to-uncensor-chatgpt/"
            } ]
          } ],
          "text" : "OpenAI Changes AI Model Training For Intellectual Freedom — OpenAI alters AI training to promote intellectual freedom, embracing challenging topics.\n\nhttps://techcrunch.com/2025/02/16/openai-tries-to-uncensor-chatgpt/"
        },
        "embed" : {
          "$type" : "app.bsky.embed.external#view",
          "uri" : null,
          "title" : null,
          "description" : null,
          "thumb" : null
        },
        "replyCount" : 0,
        "repostCount" : 1,
        "likeCount" : 4,
        "quoteCount" : 0,
        "indexedAt" : 1739721960425,
        "viewer" : { },
        "labels" : [ ]
      }
    }, {
      "post" : {
        "uri" : "at://did:plc:vovinwhtulbsx4mwfw26r5ni/app.bsky.feed.post/3licmv7lfcd22",
        "cid" : "bafyreiasbjebj7u67tybmrejecebnj2tunbin6b35pgmg7n3qlfjjs4rhe",
        "author" : {
          "did" : "did:plc:vovinwhtulbsx4mwfw26r5ni",
          "handle" : "theguardian.com",
          "displayName" : "The Guardian",
          "avatar" : "https://cdn.bsky.app/img/avatar/plain/did:plc:vovinwhtulbsx4mwfw26r5ni/bafkreigxxngb5ecgrleg6cqdzvxh4viycmns5cp6zalfl4o7ivmxiavsma@jpeg",
          "viewer" : {
            "muted" : false,
            "blockedBy" : false,
            "following" : "at://did:plc:pgdrqxzv4kxt7tr3sa6pd77y/app.bsky.graph.follow/3lb5rfqrbgn2g"
          },
          "labels" : [ ],
          "createdAt" : 1731667868071
        },
        "record" : {
          "$type" : "app.bsky.feed.post",
          "createdAt" : 1739722511000,
          "embed" : {
            "$type" : "app.bsky.embed.external",
            "uri" : null,
            "title" : null,
            "description" : null,
            "thumb" : null
          },
          "text" : "John Major: Trump’s US isolationism threatens global democracy"
        },
        "embed" : {
          "$type" : "app.bsky.embed.external#view",
          "uri" : null,
          "title" : null,
          "description" : null,
          "thumb" : null
        },
        "replyCount" : 32,
        "repostCount" : 84,
        "likeCount" : 348,
        "quoteCount" : 11,
        "indexedAt" : 1739722512821,
        "viewer" : { },
        "labels" : [ ]
      }
    }, {
      "post" : {
        "uri" : "at://did:plc:lfgjxeg7f7w6ryjfbomhcbsi/app.bsky.feed.post/3licnckffg224",
        "cid" : "bafyreiaq74ksgzzu7rufwjqm5aunguffqof423c5n7p3qvhylalnq74kl4",
        "author" : {
          "did" : "did:plc:lfgjxeg7f7w6ryjfbomhcbsi",
          "handle" : "mikenellis.bsky.social",
          "displayName" : "Mike Nellis",
          "avatar" : "https://cdn.bsky.app/img/avatar/plain/did:plc:lfgjxeg7f7w6ryjfbomhcbsi/bafkreiecf5wsoxo3gos7qy5b2pmy7qx3meyxvkoxo2ltninvsizsfl2m5e@jpeg",
          "viewer" : {
            "muted" : false,
            "blockedBy" : false,
            "following" : "at://did:plc:pgdrqxzv4kxt7tr3sa6pd77y/app.bsky.graph.follow/3ldkjvrgufl2f",
            "followedBy" : "at://did:plc:lfgjxeg7f7w6ryjfbomhcbsi/app.bsky.graph.follow/3lcwjzehmmt26"
          },
          "labels" : [ ],
          "createdAt" : 1731169867521
        },
        "record" : {
          "$type" : "app.bsky.feed.post",
          "createdAt" : 1739722959728,
          "langs" : [ "en" ],
          "text" : "If you’re a terminated federal worker and you’re thinking about running for office, send me a DM. I’d be happy to help connect you with the right people."
        },
        "replyCount" : 6,
        "repostCount" : 76,
        "likeCount" : 269,
        "quoteCount" : 3,
        "indexedAt" : 1739722960422,
        "viewer" : { },
        "labels" : [ ]
      }
    }, {
      "post" : {
        "uri" : "at://did:plc:lfgjxeg7f7w6ryjfbomhcbsi/app.bsky.feed.post/3lia32cpla225",
        "cid" : "bafyreiak5foarllcqkbipfdz6q7cu72pbjy7nchicpcpgyiivya6d7x67a",
        "author" : {
          "did" : "did:plc:lfgjxeg7f7w6ryjfbomhcbsi",
          "handle" : "mikenellis.bsky.social",
          "displayName" : "Mike Nellis",
          "avatar" : "https://cdn.bsky.app/img/avatar/plain/did:plc:lfgjxeg7f7w6ryjfbomhcbsi/bafkreiecf5wsoxo3gos7qy5b2pmy7qx3meyxvkoxo2ltninvsizsfl2m5e@jpeg",
          "viewer" : {
            "muted" : false,
            "blockedBy" : false,
            "following" : "at://did:plc:pgdrqxzv4kxt7tr3sa6pd77y/app.bsky.graph.follow/3ldkjvrgufl2f",
            "followedBy" : "at://did:plc:lfgjxeg7f7w6ryjfbomhcbsi/app.bsky.graph.follow/3lcwjzehmmt26"
          },
          "labels" : [ ],
          "createdAt" : 1731169867521
        },
        "record" : {
          "$type" : "app.bsky.feed.post",
          "createdAt" : 1739634636409,
          "langs" : [ "en" ],
          "text" : "Maybe Elon Musk should spend more time with his 18 kids and less time cutting cancer research for other people’s kids."
        },
        "replyCount" : 30,
        "repostCount" : 272,
        "likeCount" : 1180,
        "quoteCount" : 19,
        "indexedAt" : 1739634636717,
        "viewer" : { },
        "labels" : [ ]
      }
    }, {
      "post" : {
        "uri" : "at://did:plc:oe4qpchepoxur6nnvyrk5soj/app.bsky.feed.post/3li7gwdyjy22p",
        "cid" : "bafyreidicw3qv73zekftzndhjwqsvb5nlmg6sw7ppsdcozbku5hxqvm77y",
        "author" : {
          "did" : "did:plc:oe4qpchepoxur6nnvyrk5soj",
          "handle" : "richardbranson.bsky.social",
          "displayName" : "Richard Branson",
          "avatar" : "https://cdn.bsky.app/img/avatar/plain/did:plc:oe4qpchepoxur6nnvyrk5soj/bafkreicsa5gqufdsfuw4qcp3is4ii36uokjzwe6se6yn5vpqbvfpv2s3de@jpeg",
          "associated" : {
            "chat" : {
              "allowIncoming" : "none"
            }
          },
          "viewer" : {
            "muted" : false,
            "blockedBy" : false
          },
          "labels" : [ ],
          "createdAt" : 1732015070238
        },
        "record" : {
          "$type" : "app.bsky.feed.post",
          "createdAt" : 1739613028696,
          "embed" : {
            "$type" : "app.bsky.embed.external",
            "uri" : null,
            "title" : null,
            "description" : null,
            "thumb" : null
          },
          "langs" : [ "en" ],
          "text" : "Europe can’t rely on the strength of the transatlantic relationship to help contain Russia’s threat – it must lead from the front and be the true force of support that Ukraine needs. Not just for Ukraine’s sake, but for a free and sovereign Europe."
        },
        "embed" : {
          "$type" : "app.bsky.embed.external#view",
          "uri" : null,
          "title" : null,
          "description" : null,
          "thumb" : null
        },
        "replyCount" : 2399,
        "repostCount" : 10532,
        "likeCount" : 56830,
        "quoteCount" : 782,
        "indexedAt" : 1739613036216,
        "viewer" : { },
        "labels" : [ ]
      }
    }, {
      "post" : {
        "uri" : "at://did:plc:wdv57ktyddb6dtk3q74z5q3w/app.bsky.feed.post/3lhqnovt3yk2m",
        "cid" : "bafyreifxtnimswp73wnpvmwx6usq7juzfytrc3kedioshue4f7rtnnynti",
        "author" : {
          "did" : "did:plc:wdv57ktyddb6dtk3q74z5q3w",
          "handle" : "highlandheavens.bsky.social",
          "displayName" : "HIGHLAND HEAVENS ",
          "avatar" : "https://cdn.bsky.app/img/avatar/plain/did:plc:wdv57ktyddb6dtk3q74z5q3w/bafkreigtwau3oia2y4v5plrivkfsnf2lenpuzkrfvxzhrpd4gtqtanuopq@jpeg",
          "viewer" : {
            "muted" : false,
            "blockedBy" : false,
            "following" : "at://did:plc:pgdrqxzv4kxt7tr3sa6pd77y/app.bsky.graph.follow/3licpf6tpe62m",
            "followedBy" : "at://did:plc:wdv57ktyddb6dtk3q74z5q3w/app.bsky.graph.follow/3li7r5vvtdg2t"
          },
          "labels" : [ ],
          "createdAt" : 1700063137834
        },
        "record" : {
          "$type" : "app.bsky.feed.post",
          "createdAt" : 1739104899056,
          "embed" : {
            "$type" : "app.bsky.embed.images",
            "alt" : null,
            "image" : null,
            "aspectRatio" : null
          },
          "langs" : [ "en" ],
          "text" : "Amazing Switzerland"
        },
        "embed" : {
          "$type" : "app.bsky.embed.images#view",
          "thumb" : null,
          "fullsize" : null,
          "alt" : null,
          "aspectRatio" : null
        },
        "replyCount" : 13,
        "repostCount" : 44,
        "likeCount" : 702,
        "quoteCount" : 3,
        "indexedAt" : 1739104906716,
        "viewer" : { },
        "labels" : [ ]
      }
    }, {
      "post" : {
        "uri" : "at://did:plc:wdv57ktyddb6dtk3q74z5q3w/app.bsky.feed.post/3lht5tfixvs2g",
        "cid" : "bafyreihzdlbyjhry335cs2owowt6cf4cyzxxfoh5k2vaalzzubagmksqeq",
        "author" : {
          "did" : "did:plc:wdv57ktyddb6dtk3q74z5q3w",
          "handle" : "highlandheavens.bsky.social",
          "displayName" : "HIGHLAND HEAVENS ",
          "avatar" : "https://cdn.bsky.app/img/avatar/plain/did:plc:wdv57ktyddb6dtk3q74z5q3w/bafkreigtwau3oia2y4v5plrivkfsnf2lenpuzkrfvxzhrpd4gtqtanuopq@jpeg",
          "viewer" : {
            "muted" : false,
            "blockedBy" : false,
            "following" : "at://did:plc:pgdrqxzv4kxt7tr3sa6pd77y/app.bsky.graph.follow/3licpf6tpe62m",
            "followedBy" : "at://did:plc:wdv57ktyddb6dtk3q74z5q3w/app.bsky.graph.follow/3li7r5vvtdg2t"
          },
          "labels" : [ ],
          "createdAt" : 1700063137834
        },
        "record" : {
          "$type" : "app.bsky.feed.post",
          "createdAt" : 1739190949062,
          "embed" : {
            "$type" : "app.bsky.embed.images",
            "alt" : null,
            "image" : null,
            "aspectRatio" : null
          },
          "langs" : [ "en" ],
          "text" : "Northern lights over arctic skies"
        },
        "embed" : {
[...]
          "thumb" : null
        },
        "replyCount" : 1284,
        "repostCount" : 7546,
        "likeCount" : 30686,
        "quoteCount" : 316,
        "indexedAt" : 1738810056828,
        "viewer" : { },
        "labels" : [ ]
      }
    }, {
      "post" : {
        "uri" : "at://did:plc:actxlc22qx4x6excw56vkjfu/app.bsky.feed.post/3lhg42x5vhc2n",
        "cid" : "bafyreia5oitr44vn4uphald4lkabmqp7hznnkpstqqpfk4s4bd73odlgjq",
        "author" : {
          "did" : "did:plc:actxlc22qx4x6excw56vkjfu",
          "handle" : "seawindowcraster.bsky.social",
          "displayName" : "SeaWindowCraster",
          "avatar" : "https://cdn.bsky.app/img/avatar/plain/did:plc:actxlc22qx4x6excw56vkjfu/bafkreianf7zofditsfzmlwcl3hmmpt33pjjo7n2nlhq732fvx6hijixw6e@jpeg",
          "associated" : {
            "chat" : {
              "allowIncoming" : "following"
            }
          },
          "viewer" : {
            "muted" : false,
            "blockedBy" : false
          },
          "labels" : [ ],
          "createdAt" : 1697214229691
        },
        "record" : {
          "$type" : "app.bsky.feed.post",
          "createdAt" : 1738742378385,
          "embed" : {
            "$type" : "app.bsky.embed.images",
            "alt" : null,
            "image" : null,
            "aspectRatio" : null
          },
          "langs" : [ "en" ],
          "text" : "5th February 2025  07.55"
        },
        "embed" : {
          "$type" : "app.bsky.embed.images#view",
          "thumb" : null,
          "fullsize" : null,
          "alt" : null,
          "aspectRatio" : null
        },
        "replyCount" : 5,
        "repostCount" : 29,
        "likeCount" : 219,
        "quoteCount" : 1,
        "indexedAt" : 1738742381328,
        "viewer" : { },
        "labels" : [ ]
      }
    }, {
      "post" : {
        "uri" : "at://did:plc:s35uatqdh6jgjpqapwz4iez2/app.bsky.feed.post/3lh5cbtrvp4y2",
        "cid" : "bafyreihubrkz4fnt7lnaw7ob46ws5dblcr542ljttfubm62xfsbzuyjyni",
        "author" : {
          "did" : "did:plc:s35uatqdh6jgjpqapwz4iez2",
          "handle" : "twb0109.mastodon.online.ap.brid.gy",
          "displayName" : "Brandon S",
          "avatar" : "https://cdn.bsky.app/img/avatar/plain/did:plc:s35uatqdh6jgjpqapwz4iez2/bafkreib2ou226mrexsitfrcbgxrx4ydsvqbwlqhwgeb6n43who6kdk2jya@jpeg",
          "associated" : {
            "chat" : {
              "allowIncoming" : "none"
            }
          },
          "viewer" : {
            "muted" : false,
            "blockedBy" : false
          },
          "labels" : [ {
            "src" : "did:plc:s35uatqdh6jgjpqapwz4iez2",
            "uri" : "at://did:plc:s35uatqdh6jgjpqapwz4iez2/app.bsky.actor.profile/self",
            "cid" : "bafyreife2ynlyjwtvdmu6cr4vessx7fhfe5cqrxhclhfsktt73cwjdvbxu",
            "val" : "bridged-from-bridgy-fed-activitypub",
            "cts" : 18000000
          } ],
          "createdAt" : 1738439496413
        },
        "record" : {
          "$type" : "app.bsky.feed.post",
          "createdAt" : 1738439702000,
          "facets" : [ {
            "index" : {
              "byteStart" : 53,
              "byteEnd" : 63
            },
            "features" : [ {
              "$type" : "app.bsky.richtext.facet#tag",
              "tag" : "fediverse"
            } ]
          }, {
            "index" : {
              "byteStart" : 64,
              "byteEnd" : 72
            },
            "features" : [ {
              "$type" : "app.bsky.richtext.facet#tag",
              "tag" : "bluesky"
            } ]
          } ],
          "langs" : [ "en" ],
          "text" : "Apparently, I’m on Bsky now!\nGotta love federation #fediverse #bluesky\n\nLike anyone is gonna read this lmao"
        },
        "replyCount" : 2,
        "repostCount" : 1,
        "likeCount" : 13,
        "quoteCount" : 0,
        "indexedAt" : 1738440007823,
        "viewer" : { },
        "labels" : [ ]
      }
    }, {
      "post" : {
        "uri" : "at://did:plc:4wvqm3lsosxrea7qab65xpod/app.bsky.feed.post/3lhecsxi7x22h",
        "cid" : "bafyreig54bf5kea2w3z5nuhmrjawqvd33kkbghxwbsesmeowbzcd7bes6u",
        "author" : {
          "did" : "did:plc:4wvqm3lsosxrea7qab65xpod",
          "handle" : "jeremyhopkin.bsky.social",
          "displayName" : "Jeremy Hopkin",
          "avatar" : "https://cdn.bsky.app/img/avatar/plain/did:plc:4wvqm3lsosxrea7qab65xpod/bafkreiaihatusmvgxhosyjkutqg4gfdsizb2ftwsrzxgukb7fc7nt3ntoe@jpeg",
          "associated" : {
            "chat" : {
              "allowIncoming" : "following"
            }
          },
          "viewer" : {
            "muted" : false,
            "blockedBy" : false
          },
          "labels" : [ ],
          "createdAt" : 1704216415142
        },
        "record" : {
          "$type" : "app.bsky.feed.post",
          "createdAt" : 1738680907007,
          "embed" : {
            "$type" : "app.bsky.embed.images",
            "alt" : null,
            "image" : null,
            "aspectRatio" : null
          },
          "facets" : [ {
            "index" : {
              "byteStart" : 142,
              "byteEnd" : 148
            },
            "features" : [ {
              "$type" : "app.bsky.richtext.facet#tag",
              "tag" : "1970s"
            } ]
          }, {
            "index" : {
              "byteStart" : 149,
              "byteEnd" : 161
            },
            "features" : [ {
              "$type" : "app.bsky.richtext.facet#tag",
              "tag" : "oilpainting"
            } ]
          }, {
            "index" : {
              "byteStart" : 162,
              "byteEnd" : 176
            },
            "features" : [ {
              "$type" : "app.bsky.richtext.facet#tag",
              "tag" : "torontoartist"
            } ]
          }, {
            "index" : {
              "byteStart" : 177,
              "byteEnd" : 181
            },
            "features" : [ {
              "$type" : "app.bsky.richtext.facet#tag",
              "tag" : "art"
            } ]
          }, {
            "index" : {
              "byteStart" : 182,
              "byteEnd" : 189
            },
            "features" : [ {
              "$type" : "app.bsky.richtext.facet#tag",
              "tag" : "artist"
            } ]
          }, {
            "index" : {
              "byteStart" : 190,
              "byteEnd" : 197
            },
            "features" : [ {
              "$type" : "app.bsky.richtext.facet#tag",
              "tag" : "winter"
            } ]
          }, {
            "index" : {
              "byteStart" : 198,
              "byteEnd" : 213
            },
            "features" : [ {
              "$type" : "app.bsky.richtext.facet#tag",
              "tag" : "torontohistory"
            } ]
          }, {
            "index" : {
              "byteStart" : 214,
              "byteEnd" : 222
            },
            "features" : [ {
              "$type" : "app.bsky.richtext.facet#tag",
              "tag" : "toronto"
            } ]
          }, {
            "index" : {
              "byteStart" : 223,
              "byteEnd" : 230
            },
            "features" : [ {
              "$type" : "app.bsky.richtext.facet#tag",
              "tag" : "canada"
            } ]
          }, {
            "index" : {
              "byteStart" : 231,
              "byteEnd" : 244
            },
            "features" : [ {
              "$type" : "app.bsky.richtext.facet#tag",
              "tag" : "jeremyhopkin"
            } ]
          } ],
          "langs" : [ "en" ],
          "text" : "\"Winter Silence\" (Backyards Downtown) 1970\n\nArtist: R.T. (Tom) Homewood\nMedium: Oil\nBaldwin Collection of Canadiana, Toronto Public Library \n\n#1970s #oilpainting #torontoartist #art #artist #winter #torontohistory #toronto #canada #jeremyhopkin"
        },
        "embed" : {
          "$type" : "app.bsky.embed.images#view",
          "thumb" : null,
          "fullsize" : null,
          "alt" : null,
          "aspectRatio" : null
        },
        "replyCount" : 1,
        "repostCount" : 24,
        "likeCount" : 233,
        "quoteCount" : 1,
        "indexedAt" : 1738680909224,
        "viewer" : { },
        "labels" : [ ]
      }
    }, {
      "post" : {
        "uri" : "at://did:plc:ehbvdmlw2egofamelcht3jdt/app.bsky.feed.post/3lhf7iomjb22m",
        "cid" : "bafyreihoimb5mqzrproervcehg62bhauk7yyh25yqdgge33mfk5njsq53y",
        "author" : {
          "did" : "did:plc:ehbvdmlw2egofamelcht3jdt",
          "handle" : "itsedsilha.bsky.social",
          "displayName" : "Edward Silha",
          "avatar" : "https://cdn.bsky.app/img/avatar/plain/did:plc:ehbvdmlw2egofamelcht3jdt/bafkreihmywpjfc6ahklfqnartqvcndas2gyacz2ggdh4a6ixkfhxr7hxyq@jpeg",
          "associated" : {
            "chat" : {
              "allowIncoming" : "none"
            }
          },
          "viewer" : {
            "muted" : false,
            "blockedBy" : false,
            "following" : "at://did:plc:pgdrqxzv4kxt7tr3sa6pd77y/app.bsky.graph.follow/3lbufcbaqa72x",
            "followedBy" : "at://did:plc:ehbvdmlw2egofamelcht3jdt/app.bsky.graph.follow/3lbtephvthz2a"
          },
          "labels" : [ ],
          "createdAt" : 1696996903246
        },
        "record" : {
          "$type" : "app.bsky.feed.post",
          "createdAt" : 1738711700680,
          "embed" : {
            "$type" : "app.bsky.embed.images",
            "alt" : null,
            "image" : null,
            "aspectRatio" : null
          },
          "langs" : [ "en" ],
          "text" : "Honestly, this might be one of the most iconic sports photographs ever taken…"
        },
        "embed" : {
          "$type" : "app.bsky.embed.images#view",
          "thumb" : null,
          "fullsize" : null,
          "alt" : null,
          "aspectRatio" : null
        },
        "replyCount" : 112,
        "repostCount" : 140,
        "likeCount" : 2217,
        "quoteCount" : 23,
        "indexedAt" : 1738711702229,
        "viewer" : { },
        "labels" : [ ]
      }
    }, {
      "post" : {
        "uri" : "at://did:plc:uyh5huzxtthtkg6htsgt56lh/app.bsky.feed.post/3lhf3wrg6nc27",
        "cid" : "bafyreihs237fazg3xsatjost6bnrht3j3kdsri7izi64bhwlt6s6diw2bq",
        "author" : {
          "did" : "did:plc:uyh5huzxtthtkg6htsgt56lh",
          "handle" : "godpod.bsky.social",
          "displayName" : "God",
          "avatar" : "https://cdn.bsky.app/img/avatar/plain/did:plc:uyh5huzxtthtkg6htsgt56lh/bafkreif2pzoz4mklwmjf2nnifbu5xtnpp7ri4mdun7bvmz5iehowolomry@jpeg",
          "viewer" : {
            "muted" : false,
            "blockedBy" : false,
            "following" : "at://did:plc:pgdrqxzv4kxt7tr3sa6pd77y/app.bsky.graph.follow/3kebiplecie2f"
          },
          "labels" : [ ],
          "createdAt" : 1682799948941
        },
        "record" : {
          "$type" : "app.bsky.feed.post",
          "createdAt" : 1738707878417,
          "langs" : [ "en" ],
          "text" : "Elon is accusing people of committing crimes while he’s actually committing crimes."
        },
        "replyCount" : 442,
        "repostCount" : 1851,
        "likeCount" : 11586,
        "quoteCount" : 76,
        "indexedAt" : 1738707878733,
        "viewer" : { },
        "labels" : [ ]
      }
    }, {
      "post" : {
        "uri" : "at://did:plc:ehbvdmlw2egofamelcht3jdt/app.bsky.feed.post/3lhfjgjnqss2j",
        "cid" : "bafyreifjp6dxohpn5qybtnu6t5uwwssxywdo3l7vln2uc7tlfeccnqambu",
        "author" : {
          "did" : "did:plc:ehbvdmlw2egofamelcht3jdt",
          "handle" : "itsedsilha.bsky.social",
          "displayName" : "Edward Silha",
          "avatar" : "https://cdn.bsky.app/img/avatar/plain/did:plc:ehbvdmlw2egofamelcht3jdt/bafkreihmywpjfc6ahklfqnartqvcndas2gyacz2ggdh4a6ixkfhxr7hxyq@jpeg",
          "associated" : {
            "chat" : {
              "allowIncoming" : "none"
            }
          },
          "viewer" : {
            "muted" : false,
            "blockedBy" : false,
            "following" : "at://did:plc:pgdrqxzv4kxt7tr3sa6pd77y/app.bsky.graph.follow/3lbufcbaqa72x",
            "followedBy" : "at://did:plc:ehbvdmlw2egofamelcht3jdt/app.bsky.graph.follow/3lbtephvthz2a"
          },
          "labels" : [ ],
          "createdAt" : 1696996903246
        },
        "record" : {
          "$type" : "app.bsky.feed.post",
          "createdAt" : 1738722365787,
          "embed" : {
            "$type" : "app.bsky.embed.images",
            "alt" : null,
            "image" : null,
            "aspectRatio" : null
          },
          "langs" : [ "en" ],
          "text" : "Lmao, look at Susie Wiles’ face when Trump says Palestinians shouldn’t go back to Gaza.\n\nLike every Chief of Staff before her, she has zero control…"
        },
        "embed" : {
          "$type" : "app.bsky.embed.images#view",
          "thumb" : null,
          "fullsize" : null,
          "alt" : null,
          "aspectRatio" : null
        },
        "replyCount" : 9,
        "repostCount" : 17,
        "likeCount" : 60,
        "quoteCount" : 2,
        "indexedAt" : 1738722367619,
        "viewer" : { },
        "labels" : [ ]
      }
    }, {
      "post" : {
        "uri" : "at://did:plc:ezxfbsdjjylaoagv5bvz7sqb/app.bsky.feed.post/3lhe4yelolk2a",
        "cid" : "bafyreid4xve3esqbmjbxefdp3cxqve4vdb4x4jjy4faq5upwimrc362ycu",
        "author" : {
          "did" : "did:plc:ezxfbsdjjylaoagv5bvz7sqb",
          "handle" : "aaronparnas.bsky.social",
          "displayName" : "Aaron Parnas",
          "avatar" : "https://cdn.bsky.app/img/avatar/plain/did:plc:ezxfbsdjjylaoagv5bvz7sqb/bafkreiakuck6hdyvtk3zy2lqd7yxub3joiz2gfryvcgo4avrge7ogty2jy@jpeg",
          "viewer" : {
            "muted" : false,
            "blockedBy" : false,
            "following" : "at://did:plc:pgdrqxzv4kxt7tr3sa6pd77y/app.bsky.graph.follow/3lcnukhdd4l2c"
          },
          "labels" : [ ],
          "createdAt" : 1684333389622
        },
        "record" : {
          "$type" : "app.bsky.feed.post",
          "createdAt" : 1738674646078,
          "embed" : {
            "$type" : "app.bsky.embed.record",
            "cid" : null,
            "uri" : null
          },
          "facets" : [ {
            "index" : {
              "byteStart" : 126,
              "byteEnd" : 145
            },
            "features" : [ {
              "$type" : "app.bsky.richtext.facet#link",
              "uri" : "https://go.bsky.app/6ZPSJH3"
            } ]
          } ],
          "langs" : [ "en" ],
          "text" : "Added folks to my starter pack. It's growing! \n\nLet me know who I missed, and check out some of my favorite accounts on here. go.bsky.app/6ZPSJH3"
        },
        "embed" : {
          "$type" : "app.bsky.embed.record#view",
          "author" : null,
          "cid" : null,
          "embeds" : null,
          "indexedAt" : null,
          "labels" : null,
          "likeCount" : null,
          "quoteCount" : null,
          "replyCount" : null,
          "repostCount" : null,
          "uri" : null,
          "value" : null
        },
        "replyCount" : 86,
        "repostCount" : 155,
        "likeCount" : 899,
        "quoteCount" : 7,
        "indexedAt" : 1738674646217,
        "viewer" : { },
        "labels" : [ ]
      }
    }, {
      "post" : {
        "uri" : "at://did:plc:4j7ut6aphnjqqihiugmyvy5i/app.bsky.feed.post/3lhfclm6zyk2p",
        "cid" : "bafyreiaz65p2ny7xdwxc7hi5dxaabtmbfjiws4dsfj4gnzqamunyvnqzse",
        "author" : {
          "did" : "did:plc:4j7ut6aphnjqqihiugmyvy5i",
          "handle" : "therickwilson.bsky.social",
          "displayName" : "Rick Wilson",
          "avatar" : "https://cdn.bsky.app/img/avatar/plain/did:plc:4j7ut6aphnjqqihiugmyvy5i/bafkreif5rycvs7u2btqcvpvkmqbhjokvpkadby55bgnsu2okbjqfvn3xvu@jpeg",
          "viewer" : {
            "muted" : false,
            "blockedBy" : false,
            "following" : "at://did:plc:pgdrqxzv4kxt7tr3sa6pd77y/app.bsky.graph.follow/3kebsmopsxx2t"
          },
          "labels" : [ ],
          "createdAt" : 1682945255200
        },
        "record" : {
          "$type" : "app.bsky.feed.post",
          "createdAt" : 1738715020035,
          "langs" : [ "en" ],
          "text" : "Don't worry, folks. \n\nWe'll be greeted as liberators when American forces occupy Gaza. \n\nNothing could possibly go wrong."
        },
        "replyCount" : 353,
        "repostCount" : 562,
        "likeCount" : 4206,
        "quoteCount" : 31,
        "indexedAt" : 1738715038125,
        "viewer" : { },
        "labels" : [ ]
      }
    }, {
      "post" : {
        "uri" : "at://did:plc:mmzcej7p4u3ttfzrn2vzfzye/app.bsky.feed.post/3lhcol7qn6k2z",
        "cid" : "bafyreid7xm5fumargs67yqbsxwmuf6cgrhttslncq66l5n5t4bcwocqqqm",
        "author" : {
          "did" : "did:plc:mmzcej7p4u3ttfzrn2vzfzye",
          "handle" : "boxxcarmurphy.bsky.social",
          "displayName" : "Boxxcar Murphy",
          "avatar" : "https://cdn.bsky.app/img/avatar/plain/did:plc:mmzcej7p4u3ttfzrn2vzfzye/bafkreicpabbqhcvcewq22y7vsfcytmpkceg3rhphpmqromlcgfdvkt6udq@jpeg",
          "associated" : {
            "chat" : {
              "allowIncoming" : "following"
            }
          },
          "viewer" : {
            "muted" : false,
            "blockedBy" : false
          },
          "labels" : [ ],
          "createdAt" : 1696767070636
        },
        "record" : {
          "$type" : "app.bsky.feed.post",
          "createdAt" : 1738624812655,
          "embed" : {
            "$type" : "app.bsky.embed.images",
            "alt" : null,
            "image" : null,
            "aspectRatio" : null
          },
          "langs" : [ "en" ],
          "text" : "You can tell by how fast they're canceling your policies."
        },
        "embed" : {
          "$type" : "app.bsky.embed.images#view",
          "thumb" : null,
          "fullsize" : null,
          "alt" : null,
          "aspectRatio" : null
        },
        "replyCount" : 7,
        "repostCount" : 168,
        "likeCount" : 668,
        "quoteCount" : 2,
        "indexedAt" : 1738624813917,
        "viewer" : { },
        "labels" : [ ]
      }
    }, {
      "post" : {
        "uri" : "at://did:plc:y4zs4cabaezzwx3bz2e5nnj2/app.bsky.feed.post/3lhenp4manc2w",
        "cid" : "bafyreihpjthnx2v6gustpcsuhra5co6elo6mdd63zck277ceapxg52emum",
        "author" : {
          "did" : "did:plc:y4zs4cabaezzwx3bz2e5nnj2",
          "handle" : "georgetakei.bsky.social",
          "displayName" : "George Takei",
          "avatar" : "https://cdn.bsky.app/img/avatar/plain/did:plc:y4zs4cabaezzwx3bz2e5nnj2/bafkreihyuljtklac6pgvt4kbndezofm23wswyhdqmh77bgedrxhuigwbh4@jpeg",
          "associated" : {
            "chat" : {
              "allowIncoming" : "following"
            }
          },
          "viewer" : {
            "muted" : false,
            "blockedBy" : false,
            "following" : "at://did:plc:pgdrqxzv4kxt7tr3sa6pd77y/app.bsky.graph.follow/3kebindmjnd2a"
          },
          "labels" : [ ],
          "createdAt" : 1682883903507
        },
        "record" : {
          "$type" : "app.bsky.feed.post",
          "createdAt" : 1738692589329,
          "embed" : {
            "$type" : "app.bsky.embed.external",
            "uri" : null,
            "title" : null,
            "description" : null,
            "thumb" : null
          },
          "langs" : [ "en" ],
          "text" : "Yaasss!!"
        },
        "embed" : {
          "$type" : "app.bsky.embed.external#view",
          "uri" : null,
          "title" : null,
          "description" : null,
          "thumb" : null
        },
        "replyCount" : 1140,
        "repostCount" : 5376,
        "likeCount" : 31623,
        "quoteCount" : 479,
        "indexedAt" : 1738692590620,
        "viewer" : { },
        "labels" : [ ]
      }
    } ]
  }
}
]]></system-out>
  <system-err><![CDATA[]]></system-err>
</testsuite>
